Log file open, 06/02/18 20:59:52
LogWindows: Failed to load 'aqProf.dll' (GetLastError=126)
LogWindows: File 'aqProf.dll' does not exist
LogWindows: Failed to load 'VtuneApi.dll' (GetLastError=126)
LogWindows: File 'VtuneApi.dll' does not exist
LogWindows: Failed to load 'VtuneApi32e.dll' (GetLastError=126)
LogWindows: File 'VtuneApi32e.dll' does not exist
LogInit: Display: Running engine for game: Pinball
LogPlatformFile: Not using cached read wrapper
LogInit: Display: RandInit(-460726991) SRandInit(-460726991).
LogInit: Read version file with build ID '3944462'
LogInit: Overriding engine version to CL 4033788, compatible CL 3944462
LogInit: Registered custom module enumerator with build ID '3944462'
LogTaskGraph: Started task graph with 5 named threads and 11 total threads with 3 sets of task threads.
LogStats: Stats thread started at 0.160223
LogD3D11RHI: Aftermath initialized
LogICUInternationalization: Display: ICU TimeZone Detection - Raw Offset: -3:00, Platform Override: ''
LogModuleManager: Display: Found up-to-date module file ../../../Engine/Plugins/2D/Paper2D/Binaries/Win64/UE4Editor-Paper2D.dll (API version 3944462).
LogModuleManager: Display: Found up-to-date module file ../../../Engine/Plugins/2D/Paper2D/Binaries/Win64/UE4Editor-Paper2DEditor.dll (API version 3944462).
LogModuleManager: Display: Found up-to-date module file ../../../Engine/Plugins/2D/Paper2D/Binaries/Win64/UE4Editor-PaperSpriteSheetImporter.dll (API version 3944462).
LogModuleManager: Display: Found up-to-date module file ../../../Engine/Plugins/2D/Paper2D/Binaries/Win64/UE4Editor-PaperTiledImporter.dll (API version 3944462).
LogModuleManager: Display: Found up-to-date module file ../../../Engine/Plugins/2D/Paper2D/Binaries/Win64/UE4Editor-SmartSnapping.dll (API version 3944462).
LogModuleManager: Display: Found up-to-date module file ../../../Engine/Plugins/Blendables/LightPropagationVolume/Binaries/Win64/UE4Editor-LightPropagationVolumeRuntime.dll (API version 3944462).
LogModuleManager: Display: Found up-to-date module file ../../../Engine/Plugins/Blendables/LightPropagationVolume/Binaries/Win64/UE4Editor-LightPropagationVolumeEditor.dll (API version 3944462).
LogModuleManager: Display: Found up-to-date module file ../../../Engine/Plugins/Developer/CLionSourceCodeAccess/Binaries/Win64/UE4Editor-CLionSourceCodeAccess.dll (API version 3944462).
LogModuleManager: Display: Found up-to-date module file ../../../Engine/Plugins/Developer/GitSourceControl/Binaries/Win64/UE4Editor-GitSourceControl.dll (API version 3944462).
LogModuleManager: Display: Found up-to-date module file ../../../Engine/Plugins/Developer/PerforceSourceControl/Binaries/Win64/UE4Editor-PerforceSourceControl.dll (API version 3944462).
LogModuleManager: Display: Found up-to-date module file ../../../Engine/Plugins/Developer/SubversionSourceControl/Binaries/Win64/UE4Editor-SubversionSourceControl.dll (API version 3944462).
LogModuleManager: Display: Found up-to-date module file ../../../Engine/Plugins/Developer/UObjectPlugin/Binaries/Win64/UE4Editor-UObjectPlugin.dll (API version 3944462).
LogModuleManager: Display: Found up-to-date module file ../../../Engine/Plugins/Developer/VisualStudioCodeSourceCodeAccess/Binaries/Win64/UE4Editor-VisualStudioCodeSourceCodeAccess.dll (API version 3944462).
LogModuleManager: Display: Found up-to-date module file ../../../Engine/Plugins/Developer/VisualStudioSourceCodeAccess/Binaries/Win64/UE4Editor-VisualStudioSourceCodeAccess.dll (API version 3944462).
LogModuleManager: Display: Found up-to-date module file ../../../Engine/Plugins/Editor/AssetManagerEditor/Binaries/Win64/UE4Editor-AssetManagerEditor.dll (API version 3944462).
LogModuleManager: Display: Found up-to-date module file ../../../Engine/Plugins/Editor/CryptoKeys/Binaries/Win64/UE4Editor-CryptoKeys.dll (API version 3944462).
LogModuleManager: Display: Found up-to-date module file ../../../Engine/Plugins/Editor/CryptoKeys/Binaries/Win64/UE4Editor-CryptoKeysOpenSSL.dll (API version 3944462).
LogModuleManager: Display: Found up-to-date module file ../../../Engine/Plugins/Editor/DataValidation/Binaries/Win64/UE4Editor-DataValidation.dll (API version 3944462).
LogModuleManager: Display: Found up-to-date module file ../../../Engine/Plugins/Editor/FacialAnimation/Binaries/Win64/UE4Editor-FacialAnimation.dll (API version 3944462).
LogModuleManager: Display: Found up-to-date module file ../../../Engine/Plugins/Editor/FacialAnimation/Binaries/Win64/UE4Editor-FacialAnimationEditor.dll (API version 3944462).
LogModuleManager: Display: Found up-to-date module file ../../../Engine/Plugins/Editor/GameplayTagsEditor/Binaries/Win64/UE4Editor-GameplayTagsEditor.dll (API version 3944462).
LogModuleManager: Display: Found up-to-date module file ../../../Engine/Plugins/Editor/MobileLauncherProfileWizard/Binaries/Win64/UE4Editor-MobileLauncherProfileWizard.dll (API version 3944462).
LogModuleManager: Display: Found up-to-date module file ../../../Engine/Plugins/Editor/PluginBrowser/Binaries/Win64/UE4Editor-PluginBrowser.dll (API version 3944462).
LogModuleManager: Display: Found up-to-date module file ../../../Engine/Plugins/Editor/SpeedTreeImporter/Binaries/Win64/UE4Editor-SpeedTreeImporter.dll (API version 3944462).
LogModuleManager: Display: Found up-to-date module file ../../../Engine/Plugins/Enterprise/DatasmithContent/Binaries/Win64/UE4Editor-DatasmithContent.dll (API version 3944462).
LogModuleManager: Display: Found up-to-date module file ../../../Engine/Plugins/Experimental/AlembicImporter/Binaries/Win64/UE4Editor-AlembicImporter.dll (API version 3944462).
LogModuleManager: Display: Found up-to-date module file ../../../Engine/Plugins/Experimental/AlembicImporter/Binaries/Win64/UE4Editor-AlembicLibrary.dll (API version 3944462).
LogModuleManager: Display: Found up-to-date module file ../../../Engine/Plugins/Experimental/CharacterAI/Binaries/Win64/UE4Editor-CharacterAI.dll (API version 3944462).
LogModuleManager: Display: Found up-to-date module file ../../../Engine/Plugins/Experimental/HTML5Networking/Binaries/Win64/UE4Editor-HTML5Networking.dll (API version 3944462).
LogModuleManager: Display: Found up-to-date module file ../../../Engine/Plugins/Media/AndroidMedia/Binaries/Win64/UE4Editor-AndroidMediaEditor.dll (API version 3944462).
LogModuleManager: Display: Found up-to-date module file ../../../Engine/Plugins/Media/AndroidMedia/Binaries/Win64/UE4Editor-AndroidMediaFactory.dll (API version 3944462).
LogModuleManager: Display: Found up-to-date module file ../../../Engine/Plugins/Media/AvfMedia/Binaries/Win64/UE4Editor-AvfMediaEditor.dll (API version 3944462).
LogModuleManager: Display: Found up-to-date module file ../../../Engine/Plugins/Media/AvfMedia/Binaries/Win64/UE4Editor-AvfMediaFactory.dll (API version 3944462).
LogModuleManager: Display: Found up-to-date module file ../../../Engine/Plugins/Media/AvfMedia/Binaries/Win64/UE4Editor-AvfMediaFactory.dll (API version 3944462).
LogModuleManager: Display: Found up-to-date module file ../../../Engine/Plugins/Media/ImgMedia/Binaries/Win64/UE4Editor-ImgMedia.dll (API version 3944462).
LogModuleManager: Display: Found up-to-date module file ../../../Engine/Plugins/Media/ImgMedia/Binaries/Win64/UE4Editor-ImgMediaEditor.dll (API version 3944462).
LogModuleManager: Display: Found up-to-date module file ../../../Engine/Plugins/Media/ImgMedia/Binaries/Win64/UE4Editor-ImgMediaFactory.dll (API version 3944462).
LogModuleManager: Display: Found up-to-date module file ../../../Engine/Plugins/Media/ImgMedia/Binaries/Win64/UE4Editor-ImgMediaFactory.dll (API version 3944462).
LogModuleManager: Display: Found up-to-date module file ../../../Engine/Plugins/Media/ImgMedia/Binaries/Win64/UE4Editor-OpenExrWrapper.dll (API version 3944462).
LogModuleManager: Display: Found up-to-date module file ../../../Engine/Plugins/Media/LinearTimecode/Binaries/Win64/UE4Editor-LinearTimecode.dll (API version 3944462).
LogModuleManager: Display: Found up-to-date module file ../../../Engine/Plugins/Media/MediaCompositing/Binaries/Win64/UE4Editor-MediaCompositing.dll (API version 3944462).
LogModuleManager: Display: Found up-to-date module file ../../../Engine/Plugins/Media/MediaCompositing/Binaries/Win64/UE4Editor-MediaCompositingEditor.dll (API version 3944462).
LogModuleManager: Display: Found up-to-date module file ../../../Engine/Plugins/Media/MediaPlayerEditor/Binaries/Win64/UE4Editor-MediaPlayerEditor.dll (API version 3944462).
LogModuleManager: Display: Found up-to-date module file ../../../Engine/Plugins/Media/WmfMedia/Binaries/Win64/UE4Editor-WmfMedia.dll (API version 3944462).
LogModuleManager: Display: Found up-to-date module file ../../../Engine/Plugins/Media/WmfMedia/Binaries/Win64/UE4Editor-WmfMediaEditor.dll (API version 3944462).
LogModuleManager: Display: Found up-to-date module file ../../../Engine/Plugins/Media/WmfMedia/Binaries/Win64/UE4Editor-WmfMediaFactory.dll (API version 3944462).
LogModuleManager: Display: Found up-to-date module file ../../../Engine/Plugins/Media/WmfMedia/Binaries/Win64/UE4Editor-WmfMediaFactory.dll (API version 3944462).
LogModuleManager: Display: Found up-to-date module file ../../../Engine/Plugins/Messaging/TcpMessaging/Binaries/Win64/UE4Editor-TcpMessaging.dll (API version 3944462).
LogModuleManager: Display: Found up-to-date module file ../../../Engine/Plugins/Messaging/UdpMessaging/Binaries/Win64/UE4Editor-UdpMessaging.dll (API version 3944462).
LogModuleManager: Display: Found up-to-date module file ../../../Engine/Plugins/MovieScene/ActorSequence/Binaries/Win64/UE4Editor-ActorSequence.dll (API version 3944462).
LogModuleManager: Display: Found up-to-date module file ../../../Engine/Plugins/MovieScene/LevelSequenceEditor/Binaries/Win64/UE4Editor-LevelSequenceEditor.dll (API version 3944462).
LogModuleManager: Display: Found up-to-date module file ../../../Engine/Plugins/MovieScene/MatineeToLevelSequence/Binaries/Win64/UE4Editor-MatineeToLevelSequence.dll (API version 3944462).
LogModuleManager: Display: Found up-to-date module file ../../../Engine/Plugins/NetcodeUnitTest/NetcodeUnitTest/Binaries/Win64/UE4Editor-NetcodeUnitTest.dll (API version 3944462).
LogModuleManager: Display: Found up-to-date module file ../../../Engine/Plugins/NetcodeUnitTest/NUTUnrealEngine4/Binaries/Win64/UE4Editor-NUTUnrealEngine4.dll (API version 3944462).
LogModuleManager: Display: Found up-to-date module file ../../../Engine/Plugins/Online/OnlineSubsystem/Binaries/Win64/UE4Editor-OnlineSubsystem.dll (API version 3944462).
LogModuleManager: Display: Found up-to-date module file ../../../Engine/Plugins/Runtime/AndroidPermission/Binaries/Win64/UE4Editor-AndroidPermission.dll (API version 3944462).
LogModuleManager: Display: Found up-to-date module file ../../../Engine/Plugins/Online/OnlineSubsystemNull/Binaries/Win64/UE4Editor-OnlineSubsystemNull.dll (API version 3944462).
LogModuleManager: Display: Found up-to-date module file ../../../Engine/Plugins/Online/OnlineSubsystemUtils/Binaries/Win64/UE4Editor-OnlineSubsystemUtils.dll (API version 3944462).
LogModuleManager: Display: Found up-to-date module file ../../../Engine/Plugins/Online/OnlineSubsystemUtils/Binaries/Win64/UE4Editor-OnlineBlueprintSupport.dll (API version 3944462).
LogModuleManager: Display: Found up-to-date module file ../../../Engine/Plugins/Runtime/AndroidDeviceProfileSelector/Binaries/Win64/UE4Editor-AndroidDeviceProfileSelector.dll (API version 3944462).
LogModuleManager: Display: Found up-to-date module file ../../../Engine/Plugins/Runtime/AppleARKit/Binaries/Win64/UE4Editor-AppleARKit.dll (API version 3944462).
LogModuleManager: Display: Found up-to-date module file ../../../Engine/Plugins/Runtime/ProceduralMeshComponent/Binaries/Win64/UE4Editor-ProceduralMeshComponent.dll (API version 3944462).
LogModuleManager: Display: Found up-to-date module file ../../../Engine/Plugins/Runtime/ProceduralMeshComponent/Binaries/Win64/UE4Editor-ProceduralMeshComponentEditor.dll (API version 3944462).
LogModuleManager: Display: Found up-to-date module file ../../../Engine/Plugins/Animation/LiveLink/Binaries/Win64/UE4Editor-LiveLink.dll (API version 3944462).
LogModuleManager: Display: Found up-to-date module file ../../../Engine/Plugins/Animation/LiveLink/Binaries/Win64/UE4Editor-LiveLinkEditor.dll (API version 3944462).
LogModuleManager: Display: Found up-to-date module file ../../../Engine/Plugins/Runtime/ArchVisCharacter/Binaries/Win64/UE4Editor-ArchVisCharacter.dll (API version 3944462).
LogModuleManager: Display: Found up-to-date module file ../../../Engine/Plugins/Runtime/AudioCapture/Binaries/Win64/UE4Editor-AudioCapture.dll (API version 3944462).
LogModuleManager: Display: Found up-to-date module file ../../../Engine/Plugins/Runtime/AudioCapture/Binaries/Win64/UE4Editor-AudioCaptureEditor.dll (API version 3944462).
LogModuleManager: Display: Found up-to-date module file ../../../Engine/Plugins/Runtime/CableComponent/Binaries/Win64/UE4Editor-CableComponent.dll (API version 3944462).
LogModuleManager: Display: Found up-to-date module file ../../../Engine/Plugins/Runtime/CustomMeshComponent/Binaries/Win64/UE4Editor-CustomMeshComponent.dll (API version 3944462).
LogModuleManager: Display: Found up-to-date module file ../../../Engine/Plugins/Runtime/ExampleDeviceProfileSelector/Binaries/Win64/UE4Editor-ExampleDeviceProfileSelector.dll (API version 3944462).
LogModuleManager: Display: Found up-to-date module file ../../../Engine/Plugins/Runtime/ImmediatePhysics/Binaries/Win64/UE4Editor-ImmediatePhysics.dll (API version 3944462).
LogModuleManager: Display: Found up-to-date module file ../../../Engine/Plugins/Runtime/ImmediatePhysics/Binaries/Win64/UE4Editor-ImmediatePhysicsEditor.dll (API version 3944462).
LogModuleManager: Display: Found up-to-date module file ../../../Engine/Plugins/Runtime/LocationServicesBPLibrary/Binaries/Win64/UE4Editor-LocationServicesBPLibrary.dll (API version 3944462).
LogModuleManager: Display: Found up-to-date module file ../../../Engine/Plugins/Runtime/MobilePatchingUtils/Binaries/Win64/UE4Editor-MobilePatchingUtils.dll (API version 3944462).
LogModuleManager: Display: Found up-to-date module file ../../../Engine/Plugins/Runtime/Oculus/OculusVR/Binaries/Win64/UE4Editor-OculusHMD.dll (API version 3944462).
LogModuleManager: Display: Found up-to-date module file ../../../Engine/Plugins/Runtime/Oculus/OculusVR/Binaries/Win64/UE4Editor-OculusInput.dll (API version 3944462).
LogModuleManager: Display: Found up-to-date module file ../../../Engine/Plugins/Runtime/Oculus/OculusVR/Binaries/Win64/UE4Editor-OculusEditor.dll (API version 3944462).
LogModuleManager: Display: Found up-to-date module file ../../../Engine/Plugins/Runtime/PhysXVehicles/Binaries/Win64/UE4Editor-PhysXVehicles.dll (API version 3944462).
LogModuleManager: Display: Found up-to-date module file ../../../Engine/Plugins/Runtime/PhysXVehicles/Binaries/Win64/UE4Editor-PhysXVehiclesEditor.dll (API version 3944462).
LogModuleManager: Display: Found up-to-date module file ../../../Engine/Plugins/Runtime/RuntimePhysXCooking/Binaries/Win64/UE4Editor-RuntimePhysXCooking.dll (API version 3944462).
LogModuleManager: Display: Found up-to-date module file ../../../Engine/Plugins/Runtime/Steam/SteamVR/Binaries/Win64/UE4Editor-SteamVR.dll (API version 3944462).
LogModuleManager: Display: Found up-to-date module file ../../../Engine/Plugins/Runtime/Steam/SteamVR/Binaries/Win64/UE4Editor-SteamVRController.dll (API version 3944462).
LogModuleManager: Display: Found up-to-date module file ../../../Engine/Plugins/Runtime/WindowsMoviePlayer/Binaries/Win64/UE4Editor-WindowsMoviePlayer.dll (API version 3944462).
LogPluginManager: Mounting plugin Paper2D
LogPluginManager: Mounting plugin LiveLink
LogPluginManager: Mounting plugin LightPropagationVolume
LogPluginManager: Mounting plugin CLionSourceCodeAccess
LogPluginManager: Mounting plugin CodeLiteSourceCodeAccess
LogPluginManager: Mounting plugin GitSourceControl
LogPluginManager: Mounting plugin KDevelopSourceCodeAccess
LogPluginManager: Mounting plugin NullSourceCodeAccess
LogPluginManager: Mounting plugin PerforceSourceControl
LogPluginManager: Mounting plugin SubversionSourceControl
LogPluginManager: Mounting plugin UObjectPlugin
LogPluginManager: Mounting plugin VisualStudioCodeSourceCodeAccess
LogPluginManager: Mounting plugin VisualStudioSourceCodeAccess
LogPluginManager: Mounting plugin XCodeSourceCodeAccess
LogPluginManager: Mounting plugin AssetManagerEditor
LogPluginManager: Mounting plugin CryptoKeys
LogPluginManager: Mounting plugin DataValidation
LogPluginManager: Mounting plugin FacialAnimation
LogPluginManager: Mounting plugin GameplayTagsEditor
LogPluginManager: Mounting plugin MobileLauncherProfileWizard
LogPluginManager: Mounting plugin PluginBrowser
LogPluginManager: Mounting plugin SpeedTreeImporter
LogPluginManager: Mounting plugin DatasmithContent
LogPluginManager: Mounting plugin AlembicImporter
LogPluginManager: Mounting plugin CharacterAI
LogPluginManager: Mounting plugin HTML5Networking
LogPluginManager: Mounting plugin AndroidMedia
LogPluginManager: Mounting plugin AvfMedia
LogPluginManager: Mounting plugin ImgMedia
LogPluginManager: Mounting plugin LinearTimecode
LogPluginManager: Mounting plugin MediaCompositing
LogPluginManager: Mounting plugin MediaPlayerEditor
LogPluginManager: Mounting plugin WmfMedia
LogPluginManager: Mounting plugin TcpMessaging
LogPluginManager: Mounting plugin UdpMessaging
LogPluginManager: Mounting plugin ActorSequence
LogPluginManager: Mounting plugin LevelSequenceEditor
LogPluginManager: Mounting plugin MatineeToLevelSequence
LogPluginManager: Mounting plugin NetcodeUnitTest
LogPluginManager: Mounting plugin NUTUnrealEngine4
LogPluginManager: Mounting plugin OnlineSubsystemGooglePlay
LogPluginManager: Mounting plugin OnlineSubsystemIOS
LogPluginManager: Mounting plugin OnlineSubsystem
LogPluginManager: Mounting plugin OnlineSubsystemNull
LogPluginManager: Mounting plugin OnlineSubsystemUtils
LogPluginManager: Mounting plugin AndroidDeviceProfileSelector
LogPluginManager: Mounting plugin AndroidMoviePlayer
LogPluginManager: Mounting plugin AndroidPermission
LogPluginManager: Mounting plugin AppleARKit
LogPluginManager: Mounting plugin AppleMoviePlayer
LogPluginManager: Mounting plugin ArchVisCharacter
LogPluginManager: Mounting plugin AudioCapture
LogPluginManager: Mounting plugin CableComponent
LogPluginManager: Mounting plugin CustomMeshComponent
LogPluginManager: Mounting plugin ExampleDeviceProfileSelector
LogPluginManager: Mounting plugin GoogleCloudMessaging
LogPluginManager: Mounting plugin ImmediatePhysics
LogPluginManager: Mounting plugin IOSDeviceProfileSelector
LogPluginManager: Mounting plugin LinuxDeviceProfileSelector
LogPluginManager: Mounting plugin LocationServicesBPLibrary
LogPluginManager: Mounting plugin MobilePatchingUtils
LogPluginManager: Mounting plugin OculusVR
LogPluginManager: Plugin shader directory ../../../Engine/Plugins/Runtime/Oculus/OculusVR/Shaders found
LogPluginManager: Mapping shader source directory ../../../Engine/Plugins/Runtime/Oculus/OculusVR/Shaders to virtual directory /Plugin/OculusVR
LogPluginManager: Mounting plugin PhysXVehicles
LogPluginManager: Mounting plugin ProceduralMeshComponent
LogPluginManager: Mounting plugin RuntimePhysXCooking
LogPluginManager: Mounting plugin SteamVR
LogPluginManager: Mounting plugin WindowsMoviePlayer
LogStreaming: Display: Took  1.677s to configure plugins.
LogInit: Using libcurl 7.47.1
LogInit:  - built for x86_64-pc-win32
LogInit:  - supports SSL with OpenSSL/1.0.2g
LogInit:  - supports HTTP deflate (compression) using libz 1.2.8
LogInit:  - other features:
LogInit:      CURL_VERSION_SSL
LogInit:      CURL_VERSION_LIBZ
LogInit:      CURL_VERSION_IPV6
LogInit:      CURL_VERSION_ASYNCHDNS
LogInit:      CURL_VERSION_LARGEFILE
LogInit:      CURL_VERSION_IDN
LogInit:  CurlRequestOptions (configurable via config and command line):
LogInit:  - bVerifyPeer = false  - Libcurl will NOT verify peer certificate
LogInit:  - bUseHttpProxy = false  - Libcurl will NOT use HTTP proxy
LogInit:  - bDontReuseConnections = false  - Libcurl will reuse connections
LogInit:  - CertBundlePath = nullptr  - Libcurl will use whatever was configured at build time.
LogInit:  - MaxHostConnections = 16  - Libcurl will limit the number of connections to a host
LogInit:  - LocalHostAddr = Default
LogInit: WinSock: version 1.1 (2.2), MaxSocks=32767, MaxUdp=65467
LogInit: WinSock: I am ELCY (192.168.0.100:0)
LogInit: Build: ++UE4+Release-4.19-CL-4033788
LogInit: Engine Version: 4.19.2-4033788+++UE4+Release-4.19
LogInit: Compatible Engine Version: 4.19.0-3944462+++UE4+Release-4.19
LogInit: Net CL: 3944462
LogDevObjectVersion: Number of dev versions registered: 18
LogDevObjectVersion:   Dev-Blueprints (B0D832E4-1F89-4F0D-ACCF-7EB736FD4AA2): 10
LogDevObjectVersion:   Dev-Build (E1C64328-A22C-4D53-A36C-8E866417BD8C): 0
LogDevObjectVersion:   Dev-Core (375EC13C-06E4-48FB-B500-84F0262A717E): 2
LogDevObjectVersion:   Dev-Editor (E4B068ED-F494-42E9-A231-DA0B2E46BB41): 23
LogDevObjectVersion:   Dev-Framework (CFFC743F-43B0-4480-9391-14DF171D2073): 33
LogDevObjectVersion:   Dev-Mobile (B02B49B5-BB20-44E9-A304-32B752E40360): 2
LogDevObjectVersion:   Dev-Networking (A4E4105C-59A1-49B5-A7C5-40C4547EDFEE): 0
LogDevObjectVersion:   Dev-Online (39C831C9-5AE6-47DC-9A44-9C173E1C8E7C): 0
LogDevObjectVersion:   Dev-Physics (78F01B33-EBEA-4F98-B9B4-84EACCB95AA2): 0
LogDevObjectVersion:   Dev-Platform (6631380F-2D4D-43E0-8009-CF276956A95A): 0
LogDevObjectVersion:   Dev-Rendering (12F88B9F-8875-4AFC-A67C-D90C383ABD29): 25
LogDevObjectVersion:   Dev-Sequencer (7B5AE74C-D270-4C10-A958-57980B212A5A): 6
LogDevObjectVersion:   Dev-VR (D7296918-1DD6-4BDD-9DE2-64A83CC13884): 1
LogDevObjectVersion:   Dev-LoadTimes (C2A15278-BFE7-4AFE-6C17-90FF531DF755): 1
LogDevObjectVersion:   Private-Geometry (6EACA3D4-40EC-4CC1-B786-8BED09428FC5): 2
LogDevObjectVersion:   Dev-AnimPhys (29E575DD-E0A3-4627-9D10-D276232CDCEA): 16
LogDevObjectVersion:   Dev-ReflectionCapture (6B266CEC-1EC7-4B8F-A30B-E4D90942FC07): 1
LogDevObjectVersion:   Dev-Automation (0DF73D61-A23F-47EA-B727-89E90C41499A): 1
LogInit: Compiled (64-bit): Apr 27 2018 02:06:57
LogInit: Compiled with Visual C++: 19.00.24215.01
LogInit: Build Configuration: Development
LogInit: Branch Name: ++UE4+Release-4.19
LogInit: Command Line:  
LogInit: Base Directory: C:/Program Files/Epic Games/UE_4.19/Engine/Binaries/Win64/
LogInit: Installed Engine Build: 1
LogStreaming: Display: Took  0.003s to delete old logs.
LogInit: Presizing for max 8388607 objects, including 0 objects not considered by GC, pre-allocating 0 bytes for permanent pool.
LogInit: Object subsystem initialized
[2018.06.02-23.59.54:689][  0]LogInit: Selected Device Profile: [Windows]
[2018.06.02-23.59.54:689][  0]LogInit: Applying CVar settings loaded from the selected device profile: [Windows]
[2018.06.02-23.59.54:757][  0]LogInit: Computer: ELCY
[2018.06.02-23.59.54:757][  0]LogInit: User: Elcy
[2018.06.02-23.59.54:757][  0]LogInit: CPU Page size=4096, Cores=2
[2018.06.02-23.59.54:757][  0]LogInit: High frequency timer resolution =2.648438 MHz
[2018.06.02-23.59.54:757][  0]LogMemory: Memory total: Physical=7.9GB (8GB approx)
[2018.06.02-23.59.54:757][  0]LogMemory: Platform Memory Stats for Windows
[2018.06.02-23.59.54:757][  0]LogMemory: Process Physical Memory: 276.69 MB used, 276.69 MB peak
[2018.06.02-23.59.54:757][  0]LogMemory: Process Virtual Memory: 266.01 MB used, 266.01 MB peak
[2018.06.02-23.59.54:757][  0]LogMemory: Physical Memory: 4494.96 MB used,  3575.67 MB free, 8070.63 MB total
[2018.06.02-23.59.54:757][  0]LogMemory: Virtual Memory: 685.88 MB used,  3575.67 MB free, 134217728.00 MB total
[2018.06.02-23.59.54:776][  0]LogInit: Overriding language with editor language configuration option (en).
[2018.06.02-23.59.54:776][  0]LogInit: Overriding locale with editor locale configuration option (en).
[2018.06.02-23.59.55:538][  0]LogStreaming: Display: Took  0.762s to EndInitTextLocalization.
[2018.06.02-23.59.55:538][  0]LogInit: Setting process to per monitor DPI aware
[2018.06.02-23.59.55:763][  0]LogSlate: New Slate User Created.  User Index 0, Is Virtual User: 0
[2018.06.02-23.59.55:763][  0]LogSlate: Slate User Registered.  User Index 0, Is Virtual User: 0
[2018.06.03-00.00.02:800][  0]LogD3D11RHI: D3D11 adapters:
[2018.06.03-00.00.02:813][  0]LogD3D11RHI:    0. 'Intel(R) HD Graphics 620' (Feature Level 11_0)
[2018.06.03-00.00.02:813][  0]LogD3D11RHI:       128/0/4035 MB DedicatedVideo/DedicatedSystem/SharedSystem, Outputs:1, VendorId:0x8086
[2018.06.03-00.00.03:465][  0]LogD3D11RHI:    1. 'Radeon (TM) R7 M445' (Feature Level 11_0)
[2018.06.03-00.00.03:465][  0]LogD3D11RHI:       2039/0/4035 MB DedicatedVideo/DedicatedSystem/SharedSystem, Outputs:0, VendorId:0x1002
[2018.06.03-00.00.03:472][  0]LogD3D11RHI:    2. 'Microsoft Basic Render Driver' (Feature Level 11_0)
[2018.06.03-00.00.03:472][  0]LogD3D11RHI:       0/0/4035 MB DedicatedVideo/DedicatedSystem/SharedSystem, Outputs:0, VendorId:0x1414
[2018.06.03-00.00.03:472][  0]LogD3D11RHI: Chosen D3D11 Adapter: 1
[2018.06.03-00.00.03:482][  0]LogD3D11RHI: Creating new Direct3DDevice
[2018.06.03-00.00.03:482][  0]LogD3D11RHI:     GPU DeviceId: 0x6900 (for the marketing name, search the web for "GPU Device Id")
[2018.06.03-00.00.03:482][  0]LogWindows: EnumDisplayDevices:
[2018.06.03-00.00.03:483][  0]LogWindows:    0. 'Intel(R) HD Graphics 620' (P:1 D:1)
[2018.06.03-00.00.03:483][  0]LogWindows:    1. 'Intel(R) HD Graphics 620' (P:0 D:0)
[2018.06.03-00.00.03:483][  0]LogWindows:    2. 'Intel(R) HD Graphics 620' (P:0 D:0)
[2018.06.03-00.00.03:483][  0]LogWindows: DebugString: GetVideoDriverDetailsInvalid PrimaryIsNotTheChoosenAdapter GetVideoDriverDetailsInvalid PrimaryIsNotTheChoosenAdapter GetVideoDriverDetailsInvalid PrimaryIsNotTheChoosenAdapter FoundDriverCount:0 
[2018.06.03-00.00.03:483][  0]LogD3D11RHI:     Adapter Name: Radeon (TM) R7 M445
[2018.06.03-00.00.03:483][  0]LogD3D11RHI:   Driver Version: Unknown (internal:Unknown, unified:Unknown)
[2018.06.03-00.00.03:483][  0]LogD3D11RHI:      Driver Date: Unknown
[2018.06.03-00.00.03:483][  0]LogRHI: Texture pool is 1427 MB (70% of 2039 MB)
[2018.06.03-00.00.03:521][  0]LogD3D11RHI: Async texture creation enabled
[2018.06.03-00.00.03:538][  0]LogD3D11RHI: GPU Timing Frequency: 27.000000 (Debug: 2 1)
[2018.06.03-00.00.03:539][  0]LogShaderCompilers: Guid format shader working directory is -25 characters bigger than the processId version (../../../../../../Users/Elcy/Documents/Unreal Projects/Pinball-Unreal/Intermediate/Shaders/WorkingDirectory/10876/).
[2018.06.03-00.00.03:539][  0]LogShaderCompilers: Cleaned the shader compiler working directory 'C:/Users/Elcy/AppData/Local/Temp/UnrealShaderWorkingDir/5A1BC1994F6541641440F79BDBBFCDD4/'.
[2018.06.03-00.00.03:893][  0]LogTemp: Display: Loaded TP AllDesktopTargetPlatform
[2018.06.03-00.00.03:909][  0]LogTemp: Display: Loaded TP MacClientTargetPlatform
[2018.06.03-00.00.03:926][  0]LogTemp: Display: Loaded TP MacNoEditorTargetPlatform
[2018.06.03-00.00.03:941][  0]LogTemp: Display: Loaded TP MacServerTargetPlatform
[2018.06.03-00.00.03:996][  0]LogTemp: Display: Loaded TP MacTargetPlatform
[2018.06.03-00.00.04:012][  0]LogTemp: Display: Loaded TP WindowsClientTargetPlatform
[2018.06.03-00.00.04:029][  0]LogTemp: Display: Loaded TP WindowsNoEditorTargetPlatform
[2018.06.03-00.00.04:046][  0]LogTemp: Display: Loaded TP WindowsServerTargetPlatform
[2018.06.03-00.00.04:054][  0]LogTemp: Display: Loaded TP WindowsTargetPlatform
[2018.06.03-00.00.04:069][  0]LogTemp: Display: Loaded TP Android_ASTCTargetPlatform
[2018.06.03-00.00.04:084][  0]LogTemp: Display: Loaded TP Android_ATCTargetPlatform
[2018.06.03-00.00.04:100][  0]LogTemp: Display: Loaded TP Android_DXTTargetPlatform
[2018.06.03-00.00.04:115][  0]LogTemp: Display: Loaded TP Android_ETC1aTargetPlatform
[2018.06.03-00.00.04:130][  0]LogTemp: Display: Loaded TP Android_ETC1TargetPlatform
[2018.06.03-00.00.04:144][  0]LogTemp: Display: Loaded TP Android_ETC2TargetPlatform
[2018.06.03-00.00.04:174][  0]LogTemp: Display: Loaded TP Android_MultiTargetPlatform
[2018.06.03-00.00.04:174][  0]LogTemp: Display: Loaded TP Android_PVRTCTargetPlatform
[2018.06.03-00.00.04:200][  0]LogTemp: Display: Loaded TP AndroidTargetPlatform
[2018.06.03-00.00.04:203][  0]LogTemp: Display: Loaded TP HTML5TargetPlatform
[2018.06.03-00.00.04:260][  0]LogTemp: Display: Loaded TP IOSTargetPlatform
[2018.06.03-00.00.04:274][  0]LogTemp: Display: Loaded TP TVOSTargetPlatform
[2018.06.03-00.00.04:287][  0]LogTemp: Display: Loaded TP LinuxClientTargetPlatform
[2018.06.03-00.00.04:302][  0]LogTemp: Display: Loaded TP LinuxNoEditorTargetPlatform
[2018.06.03-00.00.04:316][  0]LogTemp: Display: Loaded TP LinuxServerTargetPlatform
[2018.06.03-00.00.04:346][  0]LogTemp: Display: Loaded TP LinuxTargetPlatform
[2018.06.03-00.00.04:346][  0]LogTargetPlatformManager: Display: Building Assets For Windows
[2018.06.03-00.00.04:491][  0]LogXGEController: Cleaning working directory: C:/Users/Elcy/AppData/Local/Temp/UnrealXGEWorkingDir/
[2018.06.03-00.00.04:492][  0]LogXGEController: Cannot use XGE Controller as Incredibuild is not installed on this machine.
[2018.06.03-00.00.04:492][  0]LogShaderCompilers: Cannot use XGE Shader Compiler as Incredibuild is not installed on this machine.
[2018.06.03-00.00.04:492][  0]LogShaderCompilers: Display: Using Local Shader Compiler.
[2018.06.03-00.00.07:277][  0]LogDerivedDataCache: Display: Max Cache Size: 512 MB
[2018.06.03-00.00.07:383][  0]LogDerivedDataCache: Loaded boot cache 0.11s 74MB C:/Users/Elcy/AppData/Local/UnrealEngine/4.19/DerivedDataCache/Boot.ddc.
[2018.06.03-00.00.07:383][  0]LogDerivedDataCache: Display: Loaded Boot cache: C:/Users/Elcy/AppData/Local/UnrealEngine/4.19/DerivedDataCache/Boot.ddc
[2018.06.03-00.00.07:384][  0]LogDerivedDataCache: FDerivedDataBackendGraph:  Pak pak cache file ../../../../../../Users/Elcy/Documents/Unreal Projects/Pinball-Unreal/DerivedDataCache/DDC.ddp not found, will not use a pak cache.
[2018.06.03-00.00.07:384][  0]LogDerivedDataCache: Unable to find inner node Pak for hierarchical cache Hierarchy.
[2018.06.03-00.00.07:384][  0]LogDerivedDataCache: FDerivedDataBackendGraph:  CompressedPak pak cache file ../../../../../../Users/Elcy/Documents/Unreal Projects/Pinball-Unreal/DerivedDataCache/Compressed.ddp not found, will not use a pak cache.
[2018.06.03-00.00.07:384][  0]LogDerivedDataCache: Unable to find inner node CompressedPak for hierarchical cache Hierarchy.
[2018.06.03-00.00.07:410][  0]LogDerivedDataCache: Display: Pak cache opened for reading ../../../Engine/DerivedDataCache/Compressed.ddp.
[2018.06.03-00.00.07:422][  0]LogDerivedDataCache: Using Local data cache path C:/Users/Elcy/AppData/Local/UnrealEngine/Common/DerivedDataCache: Writable
[2018.06.03-00.00.07:422][  0]LogDerivedDataCache: Shared data cache path not found in *engine.ini, will not use an Shared cache.
[2018.06.03-00.00.07:422][  0]LogDerivedDataCache: Unable to find inner node Shared for hierarchical cache Hierarchy.
[2018.06.03-00.00.07:435][  0]LogMaterial: Verifying Global Shaders for PCD3D_SM5
[2018.06.03-00.00.07:436][  0]LogSlate: Using Freetype 2.6.0
[2018.06.03-00.00.07:493][  0]LogSlate: SlateFontCache - WITH_FREETYPE: 1, WITH_HARFBUZZ: 1
[2018.06.03-00.00.07:493][  0]LogSlate: SlateFontCache - WITH_FREETYPE: 1, WITH_HARFBUZZ: 1
[2018.06.03-00.00.09:868][  0]LogAssetRegistry: FAssetRegistry took 0.0271 seconds to start up
[2018.06.03-00.00.10:301][  0]LogInit: Selected Device Profile: [Windows]
[2018.06.03-00.00.10:528][  0]LogSimplygon: Simplygon DLL not present - disabling.
[2018.06.03-00.00.10:531][  0]LogMeshReduction: Using SimplygonSwarm for distributed automatic mesh merging
[2018.06.03-00.00.10:531][  0]LogMeshReduction: Using QuadricMeshReduction for automatic static mesh reduction
[2018.06.03-00.00.10:531][  0]LogMeshReduction: No automatic skeletal mesh reduction module available
[2018.06.03-00.00.10:531][  0]LogMeshReduction: No automatic mesh merging module available
[2018.06.03-00.00.10:531][  0]LogMeshMerging: No automatic mesh merging module available
[2018.06.03-00.00.10:572][  0]LogNetVersion: Pinball , NetCL: 3944462, EngineNetVer: 2, GameNetVer: 0 (Checksum: 3476590221)
[2018.06.03-00.00.11:231][  0]LogPackageLocalizationCache: Processed 9 localized package path(s) for 1 prioritized culture(s) in 0.110584 seconds
[2018.06.03-00.00.11:242][  0]LogUObjectArray: 36728 objects as part of root set at end of initial load.
[2018.06.03-00.00.11:242][  0]LogUObjectAllocator: 7314304 out of 0 bytes used by permanent object pool.
[2018.06.03-00.00.11:242][  0]LogUObjectArray: CloseDisregardForGC: 0/0 objects in disregard for GC pool
[2018.06.03-00.00.37:056][  0]LogTcpMessaging: Initializing TcpMessaging bridge
[2018.06.03-00.00.37:094][  0]LogUdpMessaging: Initializing bridge on interface 0.0.0.0:0 to multicast group 230.0.0.1:6666.
[2018.06.03-00.00.37:651][  0]SourceControl: Source control is disabled
[2018.06.03-00.00.37:651][  0]SourceControl: Source control is disabled
[2018.06.03-00.00.37:679][  0]SourceControl: Source control is disabled
[2018.06.03-00.00.37:705][  0]SourceControl: Source control is disabled
[2018.06.03-00.00.38:514][  0]LogAndroidPermission: UAndroidPermissionCallbackProxy::GetInstance
[2018.06.03-00.00.38:727][  0]LogOcInput: OculusInput pre-init called
[2018.06.03-00.00.38:895][  0]LogEngine: Initializing Engine...
[2018.06.03-00.00.38:897][  0]LogHMD: Failed to initialize OpenVR with code 110
[2018.06.03-00.00.38:899][  0]LogStats: UGameplayTagsManager::ConstructGameplayTagTree: Construct from data asset -  0.000 s
[2018.06.03-00.00.38:899][  0]LogStats: UGameplayTagsManager::ConstructGameplayTagTree: GameplayTagTreeChangedEvent.Broadcast -  0.000 s
[2018.06.03-00.00.39:212][  0]LogAIModule: Creating AISystem for world Untitled
[2018.06.03-00.00.39:239][  0]LogInit: XAudio2 using 'Fones de ouvido / Alto falantes (Realtek Audio)' : 2 channels at 48 kHz using 32 bits per sample (channel mask 0x3)
[2018.06.03-00.00.39:344][  0]LogInit: FAudioDevice initialized.
[2018.06.03-00.00.39:572][  0]LogDerivedDataCache: Saved boot cache 0.23s 74MB C:/Users/Elcy/AppData/Local/UnrealEngine/4.19/DerivedDataCache/Boot.ddc.
[2018.06.03-00.00.39:596][  0]LogInit: Texture streaming: Enabled
[2018.06.03-00.00.39:622][  0]LogEngineSessionManager: EngineSessionManager initialized
[2018.06.03-00.00.39:645][  0]LogInit: Transaction tracking system initialized
[2018.06.03-00.00.39:675][  0]BlueprintLog: New page: Editor Load
[2018.06.03-00.00.39:802][  0]LocalizationService: Localization service is disabled
[2018.06.03-00.00.40:629][  0]LogConsoleResponse: Display: 
[2018.06.03-00.00.40:890][  0]LogCook: Display: Max memory allowance for cook 16384mb min free memory 0mb
[2018.06.03-00.00.40:891][  0]LogCook: Display: Mobile HDR setting 1
[2018.06.03-00.00.40:891][  0]LogFileCache: Scanning file cache for directory 'C:/Users/Elcy/Documents/Unreal Projects/Pinball-Unreal/Content/' took 0.01s
[2018.06.03-00.00.40:891][  0]LogGameplayTags: Display: UGameplayTagsManager::DoneAddingNativeTags. DelegateIsBound: 0
[2018.06.03-00.00.40:891][  0]LogStats: UGameplayTagsManager::ConstructGameplayTagTree: Construct from data asset -  0.000 s
[2018.06.03-00.00.40:891][  0]LogStats: UGameplayTagsManager::ConstructGameplayTagTree: GameplayTagTreeChangedEvent.Broadcast -  0.000 s
[2018.06.03-00.00.42:033][  0]SourceControl: Source control is disabled
[2018.06.03-00.00.42:034][  0]Cmd: MAP LOAD FILE="../../../../../../Users/Elcy/Documents/Unreal Projects/Pinball-Unreal/Content/Pinball.umap" TEMPLATE=0 SHOWPROGRESS=1 FEATURELEVEL=3
[2018.06.03-00.00.42:034][  0]LightingResults: New page: Lighting Build
[2018.06.03-00.00.42:038][  0]MapCheck: New page: Map Check
[2018.06.03-00.00.42:038][  0]LightingResults: New page: Lighting Build
[2018.06.03-00.00.42:188][  0]LogUObjectGlobals: Created PersistentFrame Addr=0x000002c68e273580, Size=368, Default__BP_Ball_C Function /Game/Blueprints/BP_Ball.BP_Ball_C:ExecuteUbergraph_BP_Ball
[2018.06.03-00.00.42:192][  0]LogUObjectGlobals: Destroyed PersistentFrame Addr=0x000002c68e273580, Size=368
[2018.06.03-00.00.42:192][  0]LogUObjectGlobals: Created PersistentFrame Addr=0x000002c6ab85af80, Size=368, Default__BP_Ball_C Function /Engine/Transient.REINST_BP_Ball_C_5:ExecuteUbergraph_BP_Ball
[2018.06.03-00.00.42:194][  0]LogUObjectGlobals: Created PersistentFrame Addr=0x000002c6ab879f00, Size=368, Default__BP_Ball_C Function /Game/Blueprints/BP_Ball.BP_Ball_C:ExecuteUbergraph_BP_Ball
[2018.06.03-00.00.42:406][  0]LogAIModule: Creating AISystem for world Pinball
[2018.06.03-00.00.42:414][  0]LogEditorServer: Finished looking for orphan Actors (0.000 secs)
[2018.06.03-00.00.42:438][  0]LogUObjectGlobals: Destroyed PersistentFrame Addr=0x000002c6ab85af80, Size=368
[2018.06.03-00.00.42:439][  0]Cmd: MAP CHECKDEP NOCLEARLOG
[2018.06.03-00.00.42:523][  0]MapCheck: Map check complete: 0 Error(s), 0 Warning(s), took 83.773ms to complete.
[2018.06.03-00.00.42:523][  0]LogFileHelpers: Loading map 'Pinball' took 0.489
[2018.06.03-00.00.42:900][  0]LogCollectionManager: Loaded 0 collections in 0.002592 seconds
[2018.06.03-00.00.42:947][  0]LogFileCache: Scanning file cache for directory 'C:/Users/Elcy/Documents/Unreal Projects/Pinball-Unreal/Saved/Collections/' took 0.01s
[2018.06.03-00.00.42:947][  0]LogFileCache: Scanning file cache for directory 'C:/Users/Elcy/Documents/Unreal Projects/Pinball-Unreal/Content/Developers/Elcy/Collections/' took 0.01s
[2018.06.03-00.00.42:947][  0]LogFileCache: Scanning file cache for directory 'C:/Users/Elcy/Documents/Unreal Projects/Pinball-Unreal/Content/Collections/' took 0.01s
[2018.06.03-00.00.42:947][  0]LogCollectionManager: Rebuilt the GUID cache for 0 collections in 0.000000 seconds
[2018.06.03-00.00.42:959][  0]LogContentBrowser: Native class hierarchy populated in 0.0114 seconds. Added 2452 classes and 558 folders.
[2018.06.03-00.00.42:967][  0]LogContentBrowser: Native class hierarchy updated for 'WidgetCarousel' in 0.0005 seconds. Added 0 classes and 0 folders.
[2018.06.03-00.00.43:859][  0]LogContentBrowser: Native class hierarchy updated for 'AddContentDialog' in 0.0002 seconds. Added 0 classes and 0 folders.
[2018.06.03-00.00.43:864][  0]LogContentBrowser: Native class hierarchy updated for 'SceneOutliner' in 0.0002 seconds. Added 1 classes and 2 folders.
[2018.06.03-00.00.43:891][  0]LogSlate: Took 0.000241 seconds to synchronously load lazily loaded font '../../../Engine/Content/Slate/Fonts/Roboto-Regular.ttf' (155K)
[2018.06.03-00.00.43:894][  0]LogSlate: Took 0.000250 seconds to synchronously load lazily loaded font '../../../Engine/Content/Slate/Fonts/Roboto-Bold.ttf' (160K)
[2018.06.03-00.00.43:899][  0]LogSlate: Took 0.000443 seconds to synchronously load lazily loaded font '../../../Engine/Content/Editor/Slate/Fonts/FontAwesome.ttf' (139K)
[2018.06.03-00.00.44:052][  0]LogRenderer: Reallocating scene render targets to support 856x372 Format 9 NumSamples 1 (Frame:1).
[2018.06.03-00.00.44:117][  0]LogSlate: Took 0.001987 seconds to synchronously load lazily loaded font '../../../Engine/Content/Slate/Fonts/Roboto-Light.ttf' (167K)
[2018.06.03-00.00.44:258][  0]LogContentBrowser: Native class hierarchy updated for 'HierarchicalLODOutliner' in 0.0003 seconds. Added 0 classes and 0 folders.
[2018.06.03-00.00.44:259][  0]LogLoad: (Engine Initialization) Total time: 54.64 seconds
[2018.06.03-00.00.44:259][  0]LogLoad: (Engine Initialization) Total Blueprint compile time: 0.00 seconds
[2018.06.03-00.00.44:618][  0]LogContentStreaming: Texture pool size now 400 MB
[2018.06.03-00.00.44:945][  1]LogAssetRegistry: Asset discovery search completed in 35.0987 seconds
[2018.06.03-00.00.44:946][  1]LogCollectionManager: Rebuilt the object cache for 0 collections in 0.000000 seconds (found 0 objects)
[2018.06.03-00.00.44:946][  1]LogCollectionManager: Fixed up redirectors for 0 collections in 0.000063 seconds (updated 0 objects)
[2018.06.03-00.02.23:288][941]LogSlate: FSceneViewport::OnFocusLost() reason 0
[2018.06.03-00.02.27:980][216]LogSlate: Took 0.000244 seconds to synchronously load lazily loaded font '../../../Engine/Content/Slate/Fonts/Roboto-Light.ttf' (167K)
[2018.06.03-00.02.28:354][216]LogContentBrowser: Native class hierarchy updated for 'BlueprintGraph' in 0.0006 seconds. Added 116 classes and 0 folders.
[2018.06.03-00.02.28:707][216]LogUObjectGlobals: Created PersistentFrame Addr=0x000002c6caa4c9d0, Size=4, Default__SKEL_PROTO_BP_AnimBlueprint_0_C Function /Engine/Transient.SKEL_PROTO_BP_AnimBlueprint_0_C:ExecuteUbergraph_PROTO_BP_AnimBlueprint_0
[2018.06.03-00.02.28:708][216]LogUObjectGlobals: Created PersistentFrame Addr=0x000002c6caa4c9c8, Size=4, Default__PROTO_BP_AnimBlueprint_0_C Function /Engine/Transient.PROTO_BP_AnimBlueprint_0_C:ExecuteUbergraph_PROTO_BP_AnimBlueprint_0
[2018.06.03-00.02.29:195][216]LogSlate: Took 0.000249 seconds to synchronously load lazily loaded font '../../../Engine/Content/Slate/Fonts/Roboto-BoldCondensed.ttf' (158K)
[2018.06.03-00.02.29:299][217]LogSlate: Took 0.000299 seconds to synchronously load lazily loaded font '../../../Engine/Content/Slate/Fonts/Roboto-Italic.ttf' (157K)
[2018.06.03-00.03.21:013][107]LogEditorViewport: Clicking on Actor (LMB): StaticMeshActor (Floor)
[2018.06.03-00.03.22:183][173]Cmd: DELETE
[2018.06.03-00.03.22:184][173]Cmd: ACTOR DELETE
[2018.06.03-00.03.22:196][173]LogEditorActor: Deleted Actor: StaticMeshActor
[2018.06.03-00.03.22:226][173]LogEditorActor: Deleted 1 Actors (0.042 secs)
[2018.06.03-00.03.27:897][511]LogSlate: FSceneViewport::OnFocusLost() reason 0
[2018.06.03-00.03.28:014][518]LogTemp: Repeating last play command: Selected Viewport
[2018.06.03-00.03.28:050][518]LogPlayLevel: PlayLevel: No blueprints needed recompiling
[2018.06.03-00.03.28:051][518]PIE: New page: PIE session: Pinball (Jun 2, 2018, 6:03:28 PM)
[2018.06.03-00.03.28:051][518]LogPlayLevel: Creating play world package: /Game/UEDPIE_0_Pinball
[2018.06.03-00.03.28:058][518]LogPlayLevel: PIE: StaticDuplicateObject took: (0.006641s)
[2018.06.03-00.03.28:059][518]LogAIModule: Creating AISystem for world Pinball
[2018.06.03-00.03.28:059][518]LogPlayLevel: PIE: World Init took: (0.001148s)
[2018.06.03-00.03.28:059][518]LogPlayLevel: PIE: Created PIE world by copying editor world from /Game/Pinball.Pinball to /Game/UEDPIE_0_Pinball.Pinball (0.008018s)
[2018.06.03-00.03.28:089][518]LogInit: XAudio2 using 'Fones de ouvido / Alto falantes (Realtek Audio)' : 2 channels at 48 kHz using 32 bits per sample (channel mask 0x3)
[2018.06.03-00.03.28:186][518]LogInit: FAudioDevice initialized.
[2018.06.03-00.03.28:238][518]LogLoad: Game class is 'GameModeBase'
[2018.06.03-00.03.28:241][518]LogWorld: Bringing World /Game/UEDPIE_0_Pinball.Pinball up for play (max tick rate 60) at 2018.06.02-21.03.28
[2018.06.03-00.03.28:242][518]LogWorld: Bringing up level for play took: 0.001281
[2018.06.03-00.03.28:246][518]LogContentBrowser: Native class hierarchy updated for 'MovieSceneCapture' in 0.0003 seconds. Added 11 classes and 0 folders.
[2018.06.03-00.03.28:248][518]PIE: Play in editor start time for /Game/UEDPIE_0_Pinball -0.346
[2018.06.03-00.03.34:513][858]LogPlayLevel: PlayLevel: No blueprints needed recompiling
[2018.06.03-00.03.34:515][858]PIE: New page: SIE session: Pinball (Jun 2, 2018, 6:03:34 PM)
[2018.06.03-00.03.34:515][858]LogPlayLevel: Creating play world package: /Game/UEDPIE_0_Pinball
[2018.06.03-00.03.34:521][858]LogPlayLevel: PIE: StaticDuplicateObject took: (0.006280s)
[2018.06.03-00.03.34:523][858]LogAIModule: Creating AISystem for world Pinball
[2018.06.03-00.03.34:524][858]LogPlayLevel: PIE: World Init took: (0.002167s)
[2018.06.03-00.03.34:524][858]LogPlayLevel: PIE: Created PIE world by copying editor world from /Game/Pinball.Pinball to /Game/UEDPIE_0_Pinball.Pinball (0.009029s)
[2018.06.03-00.03.34:557][858]LogInit: XAudio2 using 'Fones de ouvido / Alto falantes (Realtek Audio)' : 2 channels at 48 kHz using 32 bits per sample (channel mask 0x3)
[2018.06.03-00.03.34:678][858]LogInit: FAudioDevice initialized.
[2018.06.03-00.03.34:716][858]LogLoad: Game class is 'GameModeBase'
[2018.06.03-00.03.34:717][858]LogWorld: Bringing World /Game/UEDPIE_0_Pinball.Pinball up for play (max tick rate 60) at 2018.06.02-21.03.34
[2018.06.03-00.03.34:717][858]LogWorld: Bringing up level for play took: 0.000711
[2018.06.03-00.03.34:718][858]PIE: Play in editor start time for /Game/UEDPIE_0_Pinball 0.124
[2018.06.03-00.03.39:131][103]LogSlate: FSceneViewport::OnFocusLost() reason 0
[2018.06.03-00.03.41:311][229]LogTemp: Repeating last play command: Simulate
[2018.06.03-00.03.41:347][229]LogPlayLevel: PlayLevel: No blueprints needed recompiling
[2018.06.03-00.03.41:347][229]PIE: New page: SIE session: Pinball (Jun 2, 2018, 6:03:41 PM)
[2018.06.03-00.03.41:347][229]LogPlayLevel: Creating play world package: /Game/UEDPIE_0_Pinball
[2018.06.03-00.03.41:350][229]LogPlayLevel: PIE: StaticDuplicateObject took: (0.002563s)
[2018.06.03-00.03.41:351][229]LogAIModule: Creating AISystem for world Pinball
[2018.06.03-00.03.41:352][229]LogPlayLevel: PIE: World Init took: (0.001381s)
[2018.06.03-00.03.41:352][229]LogPlayLevel: PIE: Created PIE world by copying editor world from /Game/Pinball.Pinball to /Game/UEDPIE_0_Pinball.Pinball (0.004563s)
[2018.06.03-00.03.41:387][229]LogInit: XAudio2 using 'Fones de ouvido / Alto falantes (Realtek Audio)' : 2 channels at 48 kHz using 32 bits per sample (channel mask 0x3)
[2018.06.03-00.03.41:481][229]LogInit: FAudioDevice initialized.
[2018.06.03-00.03.41:516][229]LogLoad: Game class is 'GameModeBase'
[2018.06.03-00.03.41:517][229]LogWorld: Bringing World /Game/UEDPIE_0_Pinball.Pinball up for play (max tick rate 60) at 2018.06.02-21.03.41
[2018.06.03-00.03.41:517][229]LogWorld: Bringing up level for play took: 0.000675
[2018.06.03-00.03.41:518][229]PIE: Play in editor start time for /Game/UEDPIE_0_Pinball 0.924
[2018.06.03-00.03.48:365][631]LogSlate: FSceneViewport::OnFocusLost() reason 0
[2018.06.03-00.03.48:481][638]LogTemp: Repeating last play command: Simulate
[2018.06.03-00.03.48:522][638]LogPlayLevel: PlayLevel: No blueprints needed recompiling
[2018.06.03-00.03.48:522][638]PIE: New page: SIE session: Pinball (Jun 2, 2018, 6:03:48 PM)
[2018.06.03-00.03.48:522][638]LogPlayLevel: Creating play world package: /Game/UEDPIE_0_Pinball
[2018.06.03-00.03.48:525][638]LogPlayLevel: PIE: StaticDuplicateObject took: (0.002791s)
[2018.06.03-00.03.48:527][638]LogAIModule: Creating AISystem for world Pinball
[2018.06.03-00.03.48:527][638]LogPlayLevel: PIE: World Init took: (0.001890s)
[2018.06.03-00.03.48:527][638]LogPlayLevel: PIE: Created PIE world by copying editor world from /Game/Pinball.Pinball to /Game/UEDPIE_0_Pinball.Pinball (0.005121s)
[2018.06.03-00.03.48:561][638]LogInit: XAudio2 using 'Fones de ouvido / Alto falantes (Realtek Audio)' : 2 channels at 48 kHz using 32 bits per sample (channel mask 0x3)
[2018.06.03-00.03.48:675][638]LogInit: FAudioDevice initialized.
[2018.06.03-00.03.48:712][638]LogLoad: Game class is 'GameModeBase'
[2018.06.03-00.03.48:713][638]LogWorld: Bringing World /Game/UEDPIE_0_Pinball.Pinball up for play (max tick rate 60) at 2018.06.02-21.03.48
[2018.06.03-00.03.48:713][638]LogWorld: Bringing up level for play took: 0.000802
[2018.06.03-00.03.48:714][638]PIE: Play in editor start time for /Game/UEDPIE_0_Pinball 0.12
[2018.06.03-00.04.00:614][345]Cmd: BRUSH ADD SELECTNEWBRUSH
[2018.06.03-00.04.02:191][437]LogSlate: FSceneViewport::OnFocusLost() reason 0
[2018.06.03-00.04.12:255][ 35]LogEditorViewport: Clicking on Actor (context menu): BP_Sky_Sphere_C (Sky Sphere)
[2018.06.03-00.04.12:473][ 35]LogSlate: FSceneViewport::OnFocusLost() reason 2
[2018.06.03-00.04.13:041][ 67]LogEditorViewport: Clicking on Actor (LMB): BP_Ball_C (BP_Ball)
[2018.06.03-00.04.30:219][ 63]LogEditorViewport: Clicking on Actor (LMB): Brush (Box Brush)
[2018.06.03-00.04.45:709][700]LogSlate: FSceneViewport::OnFocusLost() reason 0
[2018.06.03-00.04.57:474][398]LogSlate: FSceneViewport::OnFocusLost() reason 0
[2018.06.03-00.04.57:574][404]LogTemp: Repeating last play command: Simulate
[2018.06.03-00.04.57:608][404]LogPlayLevel: PlayLevel: No blueprints needed recompiling
[2018.06.03-00.04.57:608][404]PIE: New page: SIE session: Pinball (Jun 2, 2018, 6:04:57 PM)
[2018.06.03-00.04.57:608][404]LogPlayLevel: Creating play world package: /Game/UEDPIE_0_Pinball
[2018.06.03-00.04.57:613][404]LogPlayLevel: PIE: StaticDuplicateObject took: (0.005333s)
[2018.06.03-00.04.57:614][404]LogAIModule: Creating AISystem for world Pinball
[2018.06.03-00.04.57:615][404]LogPlayLevel: PIE: World Init took: (0.001147s)
[2018.06.03-00.04.57:615][404]LogPlayLevel: PIE: Created PIE world by copying editor world from /Game/Pinball.Pinball to /Game/UEDPIE_0_Pinball.Pinball (0.006731s)
[2018.06.03-00.04.57:644][404]LogInit: XAudio2 using 'Fones de ouvido / Alto falantes (Realtek Audio)' : 2 channels at 48 kHz using 32 bits per sample (channel mask 0x3)
[2018.06.03-00.04.57:744][404]LogInit: FAudioDevice initialized.
[2018.06.03-00.04.57:782][404]LogLoad: Game class is 'GameModeBase'
[2018.06.03-00.04.57:783][404]LogWorld: Bringing World /Game/UEDPIE_0_Pinball.Pinball up for play (max tick rate 60) at 2018.06.02-21.04.57
[2018.06.03-00.04.57:784][404]LogWorld: Bringing up level for play took: 0.001199
[2018.06.03-00.04.57:859][404]PIE: Play in editor start time for /Game/UEDPIE_0_Pinball -0.735
[2018.06.03-00.05.00:775][576]LogSlate: FSceneViewport::OnFocusLost() reason 0
[2018.06.03-00.05.08:077][  5]LogSlate: FSceneViewport::OnFocusLost() reason 0
[2018.06.03-00.05.08:657][ 35]Cmd: BRUSH ADD SELECTNEWBRUSH
[2018.06.03-00.05.12:285][250]LogSlate: FSceneViewport::OnFocusLost() reason 0
[2018.06.03-00.05.48:167][377]LogSlate: FSceneViewport::OnFocusLost() reason 2
[2018.06.03-00.06.07:190][512]LogSlate: FSceneViewport::OnFocusLost() reason 0
[2018.06.03-00.06.26:548][667]LogEditorViewport: Clicking on Actor (LMB): BP_Sky_Sphere_C (Sky Sphere)
[2018.06.03-00.06.28:815][800]LogSlate: FSceneViewport::OnFocusLost() reason 0
[2018.06.03-00.06.38:279][359]LogSlate: FSceneViewport::OnFocusLost() reason 0
[2018.06.03-00.06.38:379][365]LogTemp: Repeating last play command: Simulate
[2018.06.03-00.06.38:414][365]LogPlayLevel: PlayLevel: No blueprints needed recompiling
[2018.06.03-00.06.38:414][365]PIE: New page: SIE session: Pinball (Jun 2, 2018, 6:06:38 PM)
[2018.06.03-00.06.38:414][365]LogPlayLevel: Creating play world package: /Game/UEDPIE_0_Pinball
[2018.06.03-00.06.38:420][365]LogPlayLevel: PIE: StaticDuplicateObject took: (0.005984s)
[2018.06.03-00.06.38:421][365]LogAIModule: Creating AISystem for world Pinball
[2018.06.03-00.06.38:422][365]LogPlayLevel: PIE: World Init took: (0.001029s)
[2018.06.03-00.06.38:422][365]LogPlayLevel: PIE: Created PIE world by copying editor world from /Game/Pinball.Pinball to /Game/UEDPIE_0_Pinball.Pinball (0.007259s)
[2018.06.03-00.06.38:483][365]LogInit: XAudio2 using 'Fones de ouvido / Alto falantes (Realtek Audio)' : 2 channels at 48 kHz using 32 bits per sample (channel mask 0x3)
[2018.06.03-00.06.38:578][365]LogInit: FAudioDevice initialized.
[2018.06.03-00.06.38:612][365]LogLoad: Game class is 'GameModeBase'
[2018.06.03-00.06.38:613][365]LogWorld: Bringing World /Game/UEDPIE_0_Pinball.Pinball up for play (max tick rate 60) at 2018.06.02-21.06.38
[2018.06.03-00.06.38:613][365]LogWorld: Bringing up level for play took: 0.000975
[2018.06.03-00.06.38:614][365]PIE: Play in editor start time for /Game/UEDPIE_0_Pinball 0.021
[2018.06.03-00.06.40:596][474]LogEditorViewport: Clicking on Actor (LMB): CameraActor (CameraActor)
[2018.06.03-00.07.06:106][978]LogSlate: FSceneViewport::OnFocusLost() reason 0
[2018.06.03-00.07.50:994][552]LogSlate: FSceneViewport::OnFocusLost() reason 0
[2018.06.03-00.08.12:925][273]LogPlayLevel: PlayLevel: No blueprints needed recompiling
[2018.06.03-00.08.12:925][273]PIE: New page: PIE session: Pinball (Jun 2, 2018, 6:08:12 PM)
[2018.06.03-00.08.12:925][273]LogPlayLevel: Creating play world package: /Game/UEDPIE_0_Pinball
[2018.06.03-00.08.12:932][273]LogPlayLevel: PIE: StaticDuplicateObject took: (0.006660s)
[2018.06.03-00.08.12:933][273]LogAIModule: Creating AISystem for world Pinball
[2018.06.03-00.08.12:933][273]LogPlayLevel: PIE: World Init took: (0.001098s)
[2018.06.03-00.08.12:933][273]LogPlayLevel: PIE: Created PIE world by copying editor world from /Game/Pinball.Pinball to /Game/UEDPIE_0_Pinball.Pinball (0.007963s)
[2018.06.03-00.08.12:992][273]LogInit: XAudio2 using 'Fones de ouvido / Alto falantes (Realtek Audio)' : 2 channels at 48 kHz using 32 bits per sample (channel mask 0x3)
[2018.06.03-00.08.13:088][273]LogInit: FAudioDevice initialized.
[2018.06.03-00.08.13:123][273]LogLoad: Game class is 'GameModeBase'
[2018.06.03-00.08.13:125][273]LogWorld: Bringing World /Game/UEDPIE_0_Pinball.Pinball up for play (max tick rate 60) at 2018.06.02-21.08.13
[2018.06.03-00.08.13:125][273]LogWorld: Bringing up level for play took: 0.001133
[2018.06.03-00.08.13:126][273]PIE: Play in editor start time for /Game/UEDPIE_0_Pinball 0.532
[2018.06.03-00.08.20:125][687]LogEditorViewport: Clicking on Actor (LMB): BP_Ball_C (BP_Ball)
[2018.06.03-00.08.38:333][765]LogSlate: FSceneViewport::OnFocusLost() reason 0
[2018.06.03-00.08.38:416][770]LogTemp: Repeating last play command: Selected Viewport
[2018.06.03-00.08.38:452][770]LogPlayLevel: PlayLevel: No blueprints needed recompiling
[2018.06.03-00.08.38:452][770]PIE: New page: PIE session: Pinball (Jun 2, 2018, 6:08:38 PM)
[2018.06.03-00.08.38:453][770]LogPlayLevel: Creating play world package: /Game/UEDPIE_0_Pinball
[2018.06.03-00.08.38:459][770]LogPlayLevel: PIE: StaticDuplicateObject took: (0.006273s)
[2018.06.03-00.08.38:459][770]LogAIModule: Creating AISystem for world Pinball
[2018.06.03-00.08.38:460][770]LogPlayLevel: PIE: World Init took: (0.000849s)
[2018.06.03-00.08.38:460][770]LogPlayLevel: PIE: Created PIE world by copying editor world from /Game/Pinball.Pinball to /Game/UEDPIE_0_Pinball.Pinball (0.007319s)
[2018.06.03-00.08.38:487][770]LogInit: XAudio2 using 'Fones de ouvido / Alto falantes (Realtek Audio)' : 2 channels at 48 kHz using 32 bits per sample (channel mask 0x3)
[2018.06.03-00.08.38:582][770]LogInit: FAudioDevice initialized.
[2018.06.03-00.08.38:622][770]LogLoad: Game class is 'GameModeBase'
[2018.06.03-00.08.38:624][770]LogWorld: Bringing World /Game/UEDPIE_0_Pinball.Pinball up for play (max tick rate 60) at 2018.06.02-21.08.38
[2018.06.03-00.08.38:624][770]LogWorld: Bringing up level for play took: 0.001785
[2018.06.03-00.08.38:626][770]PIE: Play in editor start time for /Game/UEDPIE_0_Pinball 0.032
[2018.06.03-00.08.43:823][ 75]Cmd: OBJ SAVEPACKAGE PACKAGE="/Game/Pinball" FILE="../../../../../../Users/Elcy/Documents/Unreal Projects/Pinball-Unreal/Content/Pinball.umap" SILENT=true AUTOSAVING=false KEEPDIRTY=false
[2018.06.03-00.08.43:927][ 75]LogSavePackage: Save=61.78ms
[2018.06.03-00.08.43:927][ 75]LogSavePackage: Moving '../../../../../../Users/Elcy/Documents/Unreal Projects/Pinball-Unreal/Saved/PinballE18FE9C046897FD9FCCA39BE89D3DF4B.tmp' to '../../../../../../Users/Elcy/Documents/Unreal Projects/Pinball-Unreal/Content/Pinball.umap'
[2018.06.03-00.08.43:938][ 75]LogSavePackage: Display: Finished SavePackage ../../../../../../Users/Elcy/Documents/Unreal Projects/Pinball-Unreal/Content/Pinball.umap
[2018.06.03-00.08.44:070][ 75]Cmd: OBJ SAVEPACKAGE PACKAGE="/Game/Pinball_BuiltData" FILE="../../../../../../Users/Elcy/Documents/Unreal Projects/Pinball-Unreal/Content/Pinball_BuiltData.uasset" SILENT=true
[2018.06.03-00.08.44:110][ 75]LogSavePackage: Save=24.76ms
[2018.06.03-00.08.44:110][ 75]LogSavePackage: Moving '../../../../../../Users/Elcy/Documents/Unreal Projects/Pinball-Unreal/Saved/Pinball_BuiltData851A03934C70D88D955CC79B2EF6EEA0.tmp' to '../../../../../../Users/Elcy/Documents/Unreal Projects/Pinball-Unreal/Content/Pinball_BuiltData.uasset'
[2018.06.03-00.08.44:114][ 75]LogSavePackage: Display: Finished SavePackage ../../../../../../Users/Elcy/Documents/Unreal Projects/Pinball-Unreal/Content/Pinball_BuiltData.uasset
[2018.06.03-00.08.52:212][555]Cmd: OBJ SAVEPACKAGE PACKAGE="/Game/Pinball" FILE="../../../../../../Users/Elcy/Documents/Unreal Projects/Pinball-Unreal/Content/Pinball.umap" SILENT=true AUTOSAVING=false KEEPDIRTY=false
[2018.06.03-00.08.52:284][555]LogSavePackage: Save=40.12ms
[2018.06.03-00.08.52:284][555]LogSavePackage: Moving '../../../../../../Users/Elcy/Documents/Unreal Projects/Pinball-Unreal/Saved/PinballA9B849124777DD399785909E2C6655BE.tmp' to '../../../../../../Users/Elcy/Documents/Unreal Projects/Pinball-Unreal/Content/Pinball.umap'
[2018.06.03-00.08.52:288][555]LogSavePackage: Display: Finished SavePackage ../../../../../../Users/Elcy/Documents/Unreal Projects/Pinball-Unreal/Content/Pinball.umap
[2018.06.03-00.08.52:357][555]Cmd: OBJ SAVEPACKAGE PACKAGE="/Game/Pinball_BuiltData" FILE="../../../../../../Users/Elcy/Documents/Unreal Projects/Pinball-Unreal/Content/Pinball_BuiltData.uasset" SILENT=true
[2018.06.03-00.08.52:384][555]LogSavePackage: Save=19.94ms
[2018.06.03-00.08.52:384][555]LogSavePackage: Moving '../../../../../../Users/Elcy/Documents/Unreal Projects/Pinball-Unreal/Saved/Pinball_BuiltDataA8081A924602B75323ECA8894E2C1F61.tmp' to '../../../../../../Users/Elcy/Documents/Unreal Projects/Pinball-Unreal/Content/Pinball_BuiltData.uasset'
[2018.06.03-00.08.52:387][555]LogSavePackage: Display: Finished SavePackage ../../../../../../Users/Elcy/Documents/Unreal Projects/Pinball-Unreal/Content/Pinball_BuiltData.uasset
[2018.06.03-00.08.53:825][630]LogSlate: Window 'Pinball - Unreal Editor' being destroyed
[2018.06.03-00.08.54:100][631]Cmd: QUIT_EDITOR
[2018.06.03-00.08.54:405][631]LogWindowsTextInputMethodSystem: Display: IME system now deactivated.
[2018.06.03-00.08.54:434][631]LogSlate: Slate User Destroyed.  User Index 0, Is Virtual User: 0
[2018.06.03-00.08.54:434][631]LogExit: Preparing to exit.
[2018.06.03-00.08.55:373][631]LogDirectoryWatcher: A directory notification for 'C:/Users/Elcy/Documents/Unreal Projects/Pinball-Unreal/Content/' was aborted.
[2018.06.03-00.08.55:439][631]LogExit: Editor shut down
[2018.06.03-00.08.55:450][631]LogExit: Transaction tracking system shut down
[2018.06.03-00.08.55:451][631]LogUObjectGlobals: Destroyed PersistentFrame Addr=0x000002c6ab879f00, Size=368
[2018.06.03-00.08.55:454][631]LogUObjectGlobals: Destroyed PersistentFrame Addr=0x000002c6caa4c9d0, Size=4
[2018.06.03-00.08.55:454][631]LogUObjectGlobals: Destroyed PersistentFrame Addr=0x000002c6caa4c9c8, Size=4
[2018.06.03-00.08.55:618][631]LogDirectoryWatcher: A directory notification for '../../../Engine/Content/' was aborted.
[2018.06.03-00.08.55:618][631]LogDirectoryWatcher: A directory notification for '../../../../../../Users/Elcy/Documents/Unreal Projects/Pinball-Unreal/Content/' was aborted.
[2018.06.03-00.08.55:618][631]LogDirectoryWatcher: A directory notification for '../../Plugins/2D/Paper2D/Content/' was aborted.
[2018.06.03-00.08.55:618][631]LogDirectoryWatcher: A directory notification for '../../Plugins/Enterprise/DatasmithContent/Content/' was aborted.
[2018.06.03-00.08.55:618][631]LogDirectoryWatcher: A directory notification for '../../Plugins/Media/MediaCompositing/Content/' was aborted.
[2018.06.03-00.08.55:619][631]LogDirectoryWatcher: A directory notification for '../../Plugins/Runtime/AppleARKit/Content/' was aborted.
[2018.06.03-00.08.55:619][631]LogDirectoryWatcher: A directory notification for '../../Plugins/Runtime/Oculus/OculusVR/Content/' was aborted.
[2018.06.03-00.08.55:619][631]LogDirectoryWatcher: A directory notification for '../../Plugins/Runtime/Steam/SteamVR/Content/' was aborted.
[2018.06.03-00.08.55:729][631]LogExit: Object subsystem successfully closed.
[2018.06.03-00.08.55:746][631]LogShaderCompilers: Display: Shaders left to compile 0
[2018.06.03-00.08.55:752][631]LogD3D11RHI: Shutdown
[2018.06.03-00.08.55:752][631]LogD3D11RHI: CleanupD3DDevice
[2018.06.03-00.08.55:754][631]LogD3D11RHI: ~FD3D11DynamicRHI
[2018.06.03-00.08.55:784][631]LogModuleManager: Shutting down and abandoning module MovieSceneCapture (578)
[2018.06.03-00.08.55:784][631]LogModuleManager: Shutting down and abandoning module BlueprintGraph (576)
[2018.06.03-00.08.55:784][631]LogModuleManager: Shutting down and abandoning module HierarchicalLODOutliner (574)
[2018.06.03-00.08.55:784][631]LogModuleManager: Shutting down and abandoning module SceneOutliner (572)
[2018.06.03-00.08.55:784][631]LogModuleManager: Shutting down and abandoning module AddContentDialog (570)
[2018.06.03-00.08.55:784][631]LogDirectoryWatcher: A directory notification for 'C:/Program Files/Epic Games/UE_4.19/FeaturePacks/' was aborted.
[2018.06.03-00.08.55:785][631]LogModuleManager: Shutting down and abandoning module WidgetCarousel (569)
[2018.06.03-00.08.55:785][631]LogModuleManager: Shutting down and abandoning module EditorWidgets (566)
[2018.06.03-00.08.55:785][631]LogModuleManager: Shutting down and abandoning module CollectionManager (564)
[2018.06.03-00.08.55:785][631]LogDirectoryWatcher: A directory notification for 'C:/Users/Elcy/Documents/Unreal Projects/Pinball-Unreal/Content/Collections/' was aborted.
[2018.06.03-00.08.55:785][631]LogDirectoryWatcher: A directory notification for 'C:/Users/Elcy/Documents/Unreal Projects/Pinball-Unreal/Content/Developers/Elcy/Collections/' was aborted.
[2018.06.03-00.08.55:785][631]LogDirectoryWatcher: A directory notification for 'C:/Users/Elcy/Documents/Unreal Projects/Pinball-Unreal/Saved/Collections/' was aborted.
[2018.06.03-00.08.55:785][631]LogModuleManager: Shutting down and abandoning module StatsViewer (562)
[2018.06.03-00.08.55:786][631]LogModuleManager: Shutting down and abandoning module FoliageEdit (560)
[2018.06.03-00.08.55:786][631]LogModuleManager: Shutting down and abandoning module LandscapeEditor (558)
[2018.06.03-00.08.55:786][631]LogModuleManager: Shutting down and abandoning module MeshPaintMode (556)
[2018.06.03-00.08.55:786][631]LogModuleManager: Shutting down and abandoning module SceneDepthPickerMode (554)
[2018.06.03-00.08.55:786][631]LogModuleManager: Shutting down and abandoning module ActorPickerMode (552)
[2018.06.03-00.08.55:786][631]LogModuleManager: Shutting down and abandoning module GeometryMode (550)
[2018.06.03-00.08.55:786][631]LogModuleManager: Shutting down and abandoning module TextureAlignMode (548)
[2018.06.03-00.08.55:786][631]LogModuleManager: Shutting down and abandoning module BspMode (546)
[2018.06.03-00.08.55:786][631]LogModuleManager: Shutting down and abandoning module PIEPreviewDeviceProfileSelector (544)
[2018.06.03-00.08.55:786][631]LogModuleManager: Shutting down and abandoning module HardwareSurvey (542)
[2018.06.03-00.08.55:786][631]LogModuleManager: Shutting down and abandoning module SequenceRecorderSections (540)
[2018.06.03-00.08.55:786][631]LogModuleManager: Shutting down and abandoning module AutomationWorker (538)
[2018.06.03-00.08.55:786][631]LogModuleManager: Shutting down and abandoning module AudioCaptureEditor (536)
[2018.06.03-00.08.55:786][631]LogModuleManager: Shutting down and abandoning module SequenceRecorder (535)
[2018.06.03-00.08.55:786][631]LogModuleManager: Shutting down and abandoning module MatineeToLevelSequence (532)
[2018.06.03-00.08.55:786][631]LogModuleManager: Shutting down and abandoning module LevelSequenceEditor (530)
[2018.06.03-00.08.55:786][631]LogModuleManager: Shutting down and abandoning module PlacementMode (529)
[2018.06.03-00.08.55:786][631]LogModuleManager: Shutting down and abandoning module MaterialEditor (528)
[2018.06.03-00.08.55:786][631]LogModuleManager: Shutting down and abandoning module WmfMediaFactory (524)
[2018.06.03-00.08.55:786][631]LogModuleManager: Shutting down and abandoning module WmfMediaEditor (522)
[2018.06.03-00.08.55:786][631]LogModuleManager: Shutting down and abandoning module MediaPlayerEditor (520)
[2018.06.03-00.08.55:786][631]LogModuleManager: Shutting down and abandoning module OpenExrWrapper (518)
[2018.06.03-00.08.55:786][631]LogModuleManager: Shutting down and abandoning module ImgMediaFactory (516)
[2018.06.03-00.08.55:786][631]LogModuleManager: Shutting down and abandoning module ImgMediaEditor (514)
[2018.06.03-00.08.55:786][631]LogModuleManager: Shutting down and abandoning module AvfMediaFactory (512)
[2018.06.03-00.08.55:786][631]LogModuleManager: Shutting down and abandoning module AvfMediaEditor (510)
[2018.06.03-00.08.55:786][631]LogModuleManager: Shutting down and abandoning module AndroidMediaFactory (508)
[2018.06.03-00.08.55:786][631]LogModuleManager: Shutting down and abandoning module AndroidMediaEditor (506)
[2018.06.03-00.08.55:786][631]LogModuleManager: Shutting down and abandoning module CharacterAI (504)
[2018.06.03-00.08.55:786][631]LogModuleManager: Shutting down and abandoning module SmartSnapping (502)
[2018.06.03-00.08.55:786][631]LogModuleManager: Shutting down and abandoning module SessionServices (500)
[2018.06.03-00.08.55:787][631]LogModuleManager: Shutting down and abandoning module ViewportSnapping (498)
[2018.06.03-00.08.55:787][631]LogModuleManager: Shutting down and abandoning module ViewportInteraction (496)
[2018.06.03-00.08.55:787][631]LogModuleManager: Shutting down and abandoning module ClothPainter (494)
[2018.06.03-00.08.55:787][631]LogModuleManager: Shutting down and abandoning module SkeletalMeshEditor (493)
[2018.06.03-00.08.55:787][631]LogModuleManager: Shutting down and abandoning module LogVisualizer (490)
[2018.06.03-00.08.55:787][631]LogModuleManager: Shutting down and abandoning module IntroTutorials (488)
[2018.06.03-00.08.55:787][631]LogModuleManager: Shutting down and abandoning module GameProjectGeneration (487)
[2018.06.03-00.08.55:787][631]LogModuleManager: Shutting down and abandoning module IOSPlatformEditor (484)
[2018.06.03-00.08.55:787][631]LogModuleManager: Shutting down and abandoning module HTML5PlatformEditor (482)
[2018.06.03-00.08.55:787][631]LogModuleManager: Shutting down and abandoning module AndroidPlatformEditor (480)
[2018.06.03-00.08.55:787][631]LogModuleManager: Shutting down and abandoning module AndroidDeviceDetection (479)
[2018.06.03-00.08.56:068][631]LogModuleManager: Shutting down and abandoning module WindowsPlatformEditor (476)
[2018.06.03-00.08.56:068][631]LogModuleManager: Shutting down and abandoning module IOSRuntimeSettings (474)
[2018.06.03-00.08.56:068][631]LogModuleManager: Shutting down and abandoning module AndroidRuntimeSettings (472)
[2018.06.03-00.08.56:068][631]LogModuleManager: Shutting down and abandoning module InputBindingEditor (470)
[2018.06.03-00.08.56:068][631]LogModuleManager: Shutting down and abandoning module MergeActors (468)
[2018.06.03-00.08.56:068][631]LogModuleManager: Shutting down and abandoning module LocalizationDashboard (466)
[2018.06.03-00.08.56:068][631]LogModuleManager: Shutting down and abandoning module LocalizationService (465)
[2018.06.03-00.08.56:068][631]LogModuleManager: Shutting down and abandoning module HardwareTargeting (462)
[2018.06.03-00.08.56:069][631]LogModuleManager: Shutting down and abandoning module DeviceProfileEditor (460)
[2018.06.03-00.08.56:069][631]LogModuleManager: Shutting down and abandoning module UndoHistory (458)
[2018.06.03-00.08.56:069][631]LogModuleManager: Shutting down and abandoning module XmlParser (456)
[2018.06.03-00.08.56:069][631]LogModuleManager: Shutting down and abandoning module Blutility (454)
[2018.06.03-00.08.56:069][631]LogModuleManager: Shutting down and abandoning module ProjectSettingsViewer (452)
[2018.06.03-00.08.56:069][631]LogModuleManager: Shutting down and abandoning module ProjectTargetPlatformEditor (451)
[2018.06.03-00.08.56:069][631]LogModuleManager: Shutting down and abandoning module EditorSettingsViewer (448)
[2018.06.03-00.08.56:069][631]LogModuleManager: Shutting down and abandoning module SettingsEditor (446)
[2018.06.03-00.08.56:069][631]LogModuleManager: Shutting down and abandoning module ProjectLauncher (444)
[2018.06.03-00.08.56:069][631]LogModuleManager: Shutting down and abandoning module SessionFrontend (442)
[2018.06.03-00.08.56:069][631]LogModuleManager: Shutting down and abandoning module ProfilerClient (440)
[2018.06.03-00.08.56:069][631]LogModuleManager: Shutting down and abandoning module DeviceManager (438)
[2018.06.03-00.08.56:069][631]LogModuleManager: Shutting down and abandoning module TargetDeviceServices (437)
[2018.06.03-00.08.56:122][631]LogModuleManager: Shutting down and abandoning module AutomationController (434)
[2018.06.03-00.08.56:122][631]LogModuleManager: Shutting down and abandoning module AutomationWindow (432)
[2018.06.03-00.08.56:122][631]LogModuleManager: Shutting down and abandoning module Layers (430)
[2018.06.03-00.08.56:122][631]LogModuleManager: Shutting down and abandoning module ComponentVisualizers (428)
[2018.06.03-00.08.56:122][631]LogModuleManager: Shutting down and abandoning module DetailCustomizations (426)
[2018.06.03-00.08.56:122][631]LogModuleManager: Shutting down and abandoning module PackagesDialog (424)
[2018.06.03-00.08.56:122][631]LogModuleManager: Shutting down and abandoning module Persona (422)
[2018.06.03-00.08.56:122][631]LogModuleManager: Shutting down and abandoning module AdvancedPreviewScene (421)
[2018.06.03-00.08.56:122][631]LogModuleManager: Shutting down and abandoning module AnimGraph (419)
[2018.06.03-00.08.56:122][631]LogModuleManager: Shutting down and abandoning module Kismet (416)
[2018.06.03-00.08.56:131][631]LogModuleManager: Shutting down and abandoning module GraphEditor (414)
[2018.06.03-00.08.56:131][631]LogModuleManager: Shutting down and abandoning module ClassViewer (412)
[2018.06.03-00.08.56:131][631]LogModuleManager: Shutting down and abandoning module Toolbox (410)
[2018.06.03-00.08.56:131][631]LogModuleManager: Shutting down and abandoning module ModuleUI (408)
[2018.06.03-00.08.56:131][631]LogModuleManager: Shutting down and abandoning module MovieSceneTools (406)
[2018.06.03-00.08.56:131][631]LogModuleManager: Shutting down and abandoning module OutputLog (404)
[2018.06.03-00.08.56:131][631]LogModuleManager: Shutting down and abandoning module GammaUI (402)
[2018.06.03-00.08.56:131][631]LogModuleManager: Shutting down and abandoning module Documentation (400)
[2018.06.03-00.08.56:131][631]LogModuleManager: Shutting down and abandoning module MovieSceneTracks (398)
[2018.06.03-00.08.56:131][631]LogModuleManager: Shutting down and abandoning module MovieScene (396)
[2018.06.03-00.08.56:131][631]LogModuleManager: Shutting down and abandoning module StreamingPauseRendering (394)
[2018.06.03-00.08.56:131][631]LogModuleManager: Shutting down and abandoning module LauncherPlatform (392)
[2018.06.03-00.08.56:131][631]LogModuleManager: Shutting down and abandoning module AnalyticsET (390)
[2018.06.03-00.08.56:131][631]LogModuleManager: Shutting down and abandoning module PortalServices (388)
[2018.06.03-00.08.56:131][631]LogModuleManager: Shutting down and abandoning module PortalRpc (386)
[2018.06.03-00.08.56:131][631]LogModuleManager: Shutting down and abandoning module MessagingRpc (384)
[2018.06.03-00.08.56:131][631]LogModuleManager: Shutting down and abandoning module AIModule (382)
[2018.06.03-00.08.56:132][631]LogModuleManager: Shutting down and abandoning module GameplayDebugger (381)
[2018.06.03-00.08.56:132][631]LogModuleManager: Shutting down and abandoning module AITestSuite (379)
[2018.06.03-00.08.56:132][631]LogModuleManager: Shutting down and abandoning module DesktopPlatform (376)
[2018.06.03-00.08.56:132][631]LogModuleManager: Shutting down and abandoning module ProfilerService (374)
[2018.06.03-00.08.56:272][631]LogModuleManager: Shutting down and abandoning module TaskGraph (372)
[2018.06.03-00.08.56:272][631]LogModuleManager: Shutting down and abandoning module SteamVRController (370)
[2018.06.03-00.08.56:272][631]LogModuleManager: Shutting down and abandoning module ProceduralMeshComponentEditor (368)
[2018.06.03-00.08.56:272][631]LogModuleManager: Shutting down and abandoning module ProceduralMeshComponent (366)
[2018.06.03-00.08.56:273][631]LogModuleManager: Shutting down and abandoning module OculusInput (364)
[2018.06.03-00.08.56:273][631]LogModuleManager: Shutting down and abandoning module MobilePatchingUtils (362)
[2018.06.03-00.08.56:273][631]LogModuleManager: Shutting down and abandoning module CustomMeshComponent (360)
[2018.06.03-00.08.56:273][631]LogModuleManager: Shutting down and abandoning module CableComponent (358)
[2018.06.03-00.08.56:273][631]LogModuleManager: Shutting down and abandoning module AudioCapture (356)
[2018.06.03-00.08.56:273][631]LogModuleManager: Shutting down and abandoning module ArchVisCharacter (354)
[2018.06.03-00.08.56:273][631]LogModuleManager: Shutting down and abandoning module AndroidPermission (352)
[2018.06.03-00.08.56:273][631]LogModuleManager: Shutting down and abandoning module NUTUnrealEngine4 (348)
[2018.06.03-00.08.56:273][631]LogModuleManager: Shutting down and abandoning module NetcodeUnitTest (346)
[2018.06.03-00.08.56:273][631]LogModuleManager: Shutting down and abandoning module MediaCompositingEditor (344)
[2018.06.03-00.08.56:273][631]LogModuleManager: Shutting down and abandoning module MediaCompositing (342)
[2018.06.03-00.08.56:273][631]LogModuleManager: Shutting down and abandoning module LinearTimecode (340)
[2018.06.03-00.08.56:273][631]LogModuleManager: Shutting down and abandoning module ImgMedia (338)
[2018.06.03-00.08.56:281][631]LogModuleManager: Shutting down and abandoning module HTML5Networking (336)
[2018.06.03-00.08.56:281][631]LogModuleManager: Shutting down and abandoning module AlembicImporter (334)
[2018.06.03-00.08.56:281][631]LogModuleManager: Shutting down and abandoning module AlembicLibrary (333)
[2018.06.03-00.08.56:282][631]LogModuleManager: Shutting down and abandoning module GeometryCache (332)
[2018.06.03-00.08.56:282][631]LogModuleManager: Shutting down and abandoning module GeometryCacheEd (331)
[2018.06.03-00.08.56:282][631]LogModuleManager: Shutting down and abandoning module DatasmithContent (326)
[2018.06.03-00.08.56:282][631]LogModuleManager: Shutting down and abandoning module SpeedTreeImporter (324)
[2018.06.03-00.08.56:282][631]LogModuleManager: Shutting down and abandoning module PluginBrowser (322)
[2018.06.03-00.08.56:282][631]LogModuleManager: Shutting down and abandoning module MobileLauncherProfileWizard (320)
[2018.06.03-00.08.56:282][631]LogModuleManager: Shutting down and abandoning module CryptoKeysOpenSSL (318)
[2018.06.03-00.08.56:282][631]LogModuleManager: Shutting down and abandoning module CryptoKeys (316)
[2018.06.03-00.08.56:282][631]LogModuleManager: Shutting down and abandoning module VisualStudioSourceCodeAccess (314)
[2018.06.03-00.08.56:282][631]LogModuleManager: Shutting down and abandoning module VisualStudioCodeSourceCodeAccess (312)
[2018.06.03-00.08.56:282][631]LogModuleManager: Shutting down and abandoning module UObjectPlugin (310)
[2018.06.03-00.08.56:283][631]LogModuleManager: Shutting down and abandoning module SubversionSourceControl (308)
[2018.06.03-00.08.56:283][631]LogModuleManager: Shutting down and abandoning module PerforceSourceControl (306)
[2018.06.03-00.08.56:283][631]LogModuleManager: Shutting down and abandoning module GitSourceControl (304)
[2018.06.03-00.08.56:283][631]LogModuleManager: Shutting down and abandoning module SourceControl (303)
[2018.06.03-00.08.56:283][631]LogModuleManager: Shutting down and abandoning module CLionSourceCodeAccess (300)
[2018.06.03-00.08.56:283][631]LogModuleManager: Shutting down and abandoning module LightPropagationVolumeEditor (298)
[2018.06.03-00.08.56:283][631]LogModuleManager: Shutting down and abandoning module PaperTiledImporter (296)
[2018.06.03-00.08.56:283][631]LogModuleManager: Shutting down and abandoning module PaperSpriteSheetImporter (294)
[2018.06.03-00.08.56:283][631]LogModuleManager: Shutting down and abandoning module Paper2DEditor (292)
[2018.06.03-00.08.56:283][631]LogModuleManager: Shutting down and abandoning module MeshPaint (291)
[2018.06.03-00.08.56:283][631]LogModuleManager: Shutting down and abandoning module RuntimePhysXCooking (288)
[2018.06.03-00.08.56:283][631]LogModuleManager: Shutting down and abandoning module PhysXVehiclesEditor (286)
[2018.06.03-00.08.56:283][631]LogModuleManager: Shutting down and abandoning module PhysXVehicles (284)
[2018.06.03-00.08.56:283][631]LogModuleManager: Shutting down and abandoning module OculusEditor (282)
[2018.06.03-00.08.56:283][631]LogModuleManager: Shutting down and abandoning module LocationServicesBPLibrary (280)
[2018.06.03-00.08.56:283][631]LogModuleManager: Shutting down and abandoning module ImmediatePhysicsEditor (278)
[2018.06.03-00.08.56:283][631]LogModuleManager: Shutting down and abandoning module ImmediatePhysics (276)
[2018.06.03-00.08.56:283][631]LogModuleManager: Shutting down and abandoning module ActorSequence (274)
[2018.06.03-00.08.56:283][631]LogModuleManager: Shutting down and abandoning module UdpMessaging (272)
[2018.06.03-00.08.56:384][631]LogModuleManager: Shutting down and abandoning module TcpMessaging (270)
[2018.06.03-00.08.56:485][631]LogModuleManager: Shutting down and abandoning module GameplayTagsEditor (268)
[2018.06.03-00.08.56:485][631]LogModuleManager: Shutting down and abandoning module FacialAnimationEditor (266)
[2018.06.03-00.08.56:485][631]LogModuleManager: Shutting down and abandoning module FacialAnimation (264)
[2018.06.03-00.08.56:485][631]LogModuleManager: Shutting down and abandoning module DataValidation (262)
[2018.06.03-00.08.56:485][631]LogModuleManager: Shutting down and abandoning module AssetManagerEditor (260)
[2018.06.03-00.08.56:485][631]LogModuleManager: Shutting down and abandoning module LevelEditor (259)
[2018.06.03-00.08.56:486][631]LogModuleManager: Shutting down and abandoning module PixelInspectorModule (258)
[2018.06.03-00.08.56:486][631]LogModuleManager: Shutting down and abandoning module CommonMenuExtensions (256)
[2018.06.03-00.08.56:486][631]LogModuleManager: Shutting down and abandoning module MainFrame (254)
[2018.06.03-00.08.56:486][631]LogModuleManager: Shutting down and abandoning module HotReload (253)
[2018.06.03-00.08.56:486][631]LogModuleManager: Shutting down and abandoning module ContentBrowser (249)
[2018.06.03-00.08.56:487][631]LogModuleManager: Shutting down and abandoning module TreeMap (247)
[2018.06.03-00.08.56:487][631]LogModuleManager: Shutting down and abandoning module LightPropagationVolumeRuntime (244)
[2018.06.03-00.08.56:487][631]LogModuleManager: Shutting down and abandoning module LiveLinkEditor (242)
[2018.06.03-00.08.56:487][631]LogModuleManager: Shutting down and abandoning module LiveLink (240)
[2018.06.03-00.08.56:740][631]LogModuleManager: Shutting down and abandoning module Paper2D (238)
[2018.06.03-00.08.56:740][631]LogModuleManager: Shutting down and abandoning module WindowsMoviePlayer (236)
[2018.06.03-00.08.56:740][631]LogModuleManager: Shutting down and abandoning module WmfMedia (234)
[2018.06.03-00.08.56:743][631]LogModuleManager: Shutting down and abandoning module Media (233)
[2018.06.03-00.08.56:751][631]LogModuleManager: Shutting down and abandoning module PacketHandler (230)
[2018.06.03-00.08.56:751][631]LogModuleManager: Shutting down and abandoning module ClothingSystemEditor (228)
[2018.06.03-00.08.56:751][631]LogModuleManager: Shutting down and abandoning module ClothingSystemRuntime (226)
[2018.06.03-00.08.56:751][631]LogModuleManager: Shutting down and abandoning module MediaAssets (224)
[2018.06.03-00.08.56:751][631]LogModuleManager: Shutting down and abandoning module Overlay (222)
[2018.06.03-00.08.56:751][631]LogModuleManager: Shutting down and abandoning module OverlayEditor (221)
[2018.06.03-00.08.56:752][631]LogModuleManager: Shutting down and abandoning module VREditor (218)
[2018.06.03-00.08.56:752][631]LogModuleManager: Shutting down and abandoning module StringTableEditor (216)
[2018.06.03-00.08.56:752][631]LogModuleManager: Shutting down and abandoning module GameplayTasksEditor (214)
[2018.06.03-00.08.56:752][631]LogModuleManager: Shutting down and abandoning module BehaviorTreeEditor (212)
[2018.06.03-00.08.56:752][631]LogModuleManager: Shutting down and abandoning module FunctionalTesting (210)
[2018.06.03-00.08.56:752][631]LogModuleManager: Shutting down and abandoning module CollisionAnalyzer (208)
[2018.06.03-00.08.56:752][631]LogModuleManager: Shutting down and abandoning module WorkspaceMenuStructure (207)
[2018.06.03-00.08.56:752][631]LogModuleManager: Shutting down and abandoning module UMG (204)
[2018.06.03-00.08.56:752][631]LogModuleManager: Shutting down and abandoning module UMGEditor (203)
[2018.06.03-00.08.56:752][631]LogModuleManager: Shutting down and abandoning module Sequencer (202)
[2018.06.03-00.08.56:752][631]LogModuleManager: Shutting down and abandoning module MessageLog (199)
[2018.06.03-00.08.56:752][631]LogModuleManager: Shutting down and abandoning module SlateReflector (194)
[2018.06.03-00.08.56:752][631]LogModuleManager: Shutting down and abandoning module Slate (192)
[2018.06.03-00.08.56:752][631]LogModuleManager: Shutting down and abandoning module EditorStyle (190)
[2018.06.03-00.08.56:754][631]LogModuleManager: Shutting down and abandoning module MRMesh (188)
[2018.06.03-00.08.56:755][631]LogModuleManager: Shutting down and abandoning module SourceCodeAccess (186)
[2018.06.03-00.08.56:755][631]LogModuleManager: Shutting down and abandoning module HeadMountedDisplay (184)
[2018.06.03-00.08.56:755][631]LogModuleManager: Shutting down and abandoning module XAudio2 (182)
[2018.06.03-00.08.56:755][631]LogModuleManager: Shutting down and abandoning module Networking (180)
[2018.06.03-00.08.56:755][631]LogModuleManager: Shutting down and abandoning module Core (178)
[2018.06.03-00.08.56:755][631]LogModuleManager: Shutting down and abandoning module LevelSequence (176)
[2018.06.03-00.08.56:755][631]LogModuleManager: Shutting down and abandoning module KismetCompiler (174)
[2018.06.03-00.08.56:755][631]LogModuleManager: Shutting down and abandoning module MeshUtilities (172)
[2018.06.03-00.08.56:755][631]LogModuleManager: Shutting down and abandoning module MeshMergeUtilities (171)
[2018.06.03-00.08.56:755][631]LogModuleManager: Shutting down and abandoning module MeshReductionInterface (170)
[2018.06.03-00.08.56:755][631]LogModuleManager: Shutting down and abandoning module SimplygonSwarm (169)
[2018.06.03-00.08.56:755][631]LogModuleManager: Shutting down and abandoning module SimplygonMeshReduction (167)
[2018.06.03-00.08.56:755][631]LogModuleManager: Shutting down and abandoning module QuadricMeshReduction (165)
[2018.06.03-00.08.56:755][631]LogModuleManager: Shutting down and abandoning module MaterialBaking (161)
[2018.06.03-00.08.56:755][631]LogModuleManager: Shutting down and abandoning module DirectoryWatcher (157)
[2018.06.03-00.08.56:756][631]LogModuleManager: Shutting down and abandoning module DerivedDataCache (154)
[2018.06.03-00.08.56:840][631]LogDerivedDataCache: Shutdown
[2018.06.03-00.08.56:840][631]LogModuleManager: Shutting down and abandoning module XGEController (152)
[2018.06.03-00.08.56:840][631]LogXGEController: Cleaning working directory: C:/Users/Elcy/AppData/Local/Temp/UnrealXGEWorkingDir/
[2018.06.03-00.08.56:841][631]LogModuleManager: Shutting down and abandoning module TargetPlatform (150)
[2018.06.03-00.08.56:841][631]LogModuleManager: Shutting down and abandoning module VulkanShaderFormat (149)
[2018.06.03-00.08.56:841][631]LogModuleManager: Shutting down and abandoning module ShaderFormatVectorVM (147)
[2018.06.03-00.08.56:841][631]LogModuleManager: Shutting down and abandoning module ShaderFormatOpenGL (145)
[2018.06.03-00.08.56:841][631]LogModuleManager: Shutting down and abandoning module ShaderFormatD3D (143)
[2018.06.03-00.08.56:841][631]LogModuleManager: Shutting down and abandoning module MetalShaderFormat (141)
[2018.06.03-00.08.56:841][631]LogModuleManager: Shutting down and abandoning module TextureFormatUncompressed (139)
[2018.06.03-00.08.56:841][631]LogModuleManager: Shutting down and abandoning module TextureFormatPVR (137)
[2018.06.03-00.08.56:841][631]LogModuleManager: Shutting down and abandoning module TextureFormatDXT (135)
[2018.06.03-00.08.56:841][631]LogModuleManager: Shutting down and abandoning module TextureFormatIntelISPCTexComp (133)
[2018.06.03-00.08.56:841][631]LogModuleManager: Shutting down and abandoning module TextureFormatASTC (131)
[2018.06.03-00.08.56:841][631]LogModuleManager: Shutting down and abandoning module ImageWrapper (130)
[2018.06.03-00.08.56:841][631]LogModuleManager: Shutting down and abandoning module TextureFormatAndroid (127)
[2018.06.03-00.08.56:841][631]LogModuleManager: Shutting down and abandoning module AudioFormatOpus (125)
[2018.06.03-00.08.56:841][631]LogModuleManager: Shutting down and abandoning module AudioFormatOgg (123)
[2018.06.03-00.08.56:841][631]LogModuleManager: Shutting down and abandoning module AudioFormatADPCM (121)
[2018.06.03-00.08.56:841][631]LogModuleManager: Shutting down and abandoning module LinuxTargetPlatform (119)
[2018.06.03-00.08.56:841][631]LogModuleManager: Shutting down and abandoning module LinuxServerTargetPlatform (117)
[2018.06.03-00.08.56:841][631]LogModuleManager: Shutting down and abandoning module LinuxNoEditorTargetPlatform (115)
[2018.06.03-00.08.56:841][631]LogModuleManager: Shutting down and abandoning module LinuxClientTargetPlatform (113)
[2018.06.03-00.08.56:841][631]LogModuleManager: Shutting down and abandoning module TVOSTargetPlatform (111)
[2018.06.03-00.08.56:841][631]LogModuleManager: Shutting down and abandoning module Messaging (109)
[2018.06.03-00.08.56:841][631]LogModuleManager: Shutting down and abandoning module IOSTargetPlatform (107)
[2018.06.03-00.08.56:841][631]LogModuleManager: Shutting down and abandoning module HTML5TargetPlatform (105)
[2018.06.03-00.08.56:841][631]LogModuleManager: Shutting down and abandoning module AndroidTargetPlatform (103)
[2018.06.03-00.08.56:841][631]LogModuleManager: Shutting down and abandoning module Android_PVRTCTargetPlatform (101)
[2018.06.03-00.08.56:841][631]LogModuleManager: Shutting down and abandoning module Android_MultiTargetPlatform (99)
[2018.06.03-00.08.56:841][631]LogModuleManager: Shutting down and abandoning module Android_ETC2TargetPlatform (97)
[2018.06.03-00.08.56:841][631]LogModuleManager: Shutting down and abandoning module Android_ETC1TargetPlatform (95)
[2018.06.03-00.08.56:841][631]LogModuleManager: Shutting down and abandoning module Android_ETC1aTargetPlatform (93)
[2018.06.03-00.08.56:841][631]LogModuleManager: Shutting down and abandoning module Android_DXTTargetPlatform (91)
[2018.06.03-00.08.56:841][631]LogModuleManager: Shutting down and abandoning module Android_ATCTargetPlatform (89)
[2018.06.03-00.08.56:841][631]LogModuleManager: Shutting down and abandoning module Android_ASTCTargetPlatform (87)
[2018.06.03-00.08.56:841][631]LogModuleManager: Shutting down and abandoning module WindowsTargetPlatform (85)
[2018.06.03-00.08.56:841][631]LogModuleManager: Shutting down and abandoning module WindowsServerTargetPlatform (83)
[2018.06.03-00.08.56:841][631]LogModuleManager: Shutting down and abandoning module WindowsNoEditorTargetPlatform (81)
[2018.06.03-00.08.56:841][631]LogModuleManager: Shutting down and abandoning module WindowsClientTargetPlatform (79)
[2018.06.03-00.08.56:841][631]LogModuleManager: Shutting down and abandoning module MacTargetPlatform (77)
[2018.06.03-00.08.56:842][631]LogModuleManager: Shutting down and abandoning module MacServerTargetPlatform (75)
[2018.06.03-00.08.56:842][631]LogModuleManager: Shutting down and abandoning module MacNoEditorTargetPlatform (73)
[2018.06.03-00.08.56:842][631]LogModuleManager: Shutting down and abandoning module MacClientTargetPlatform (71)
[2018.06.03-00.08.56:842][631]LogModuleManager: Shutting down and abandoning module AllDesktopTargetPlatform (69)
[2018.06.03-00.08.56:842][631]LogModuleManager: Shutting down and abandoning module InputCore (66)
[2018.06.03-00.08.56:842][631]LogModuleManager: Shutting down and abandoning module Settings (64)
[2018.06.03-00.08.56:842][631]LogModuleManager: Shutting down and abandoning module PhysXCooking (62)
[2018.06.03-00.08.56:842][631]LogModuleManager: Shutting down and abandoning module SteamVR (60)
[2018.06.03-00.08.56:842][631]LogModuleManager: Shutting down and abandoning module OculusHMD (58)
[2018.06.03-00.08.56:842][631]LogModuleManager: Shutting down and abandoning module ExampleDeviceProfileSelector (56)
[2018.06.03-00.08.56:842][631]LogModuleManager: Shutting down and abandoning module AppleARKit (54)
[2018.06.03-00.08.56:842][631]LogModuleManager: Shutting down and abandoning module AugmentedReality (51)
[2018.06.03-00.08.56:842][631]LogModuleManager: Shutting down and abandoning module OnlineBlueprintSupport (48)
[2018.06.03-00.08.56:842][631]LogModuleManager: Shutting down and abandoning module OnlineSubsystem (44)
[2018.06.03-00.08.56:842][631]LogModuleManager: Shutting down and abandoning module XMPP (43)
[2018.06.03-00.08.56:842][631]LogModuleManager: Shutting down and abandoning module HTTP (41)
[2018.06.03-00.08.56:842][631]LogHttp: Display: Http module shutting down, but needs to wait on 1 outstanding Http requests:
[2018.06.03-00.08.56:842][631]LogHttp: Display: 	verb=[POST] url=[https://datarouter.ol.epicgames.com/datarouter/api/v1/public/data?SessionID=%7B9C6EA7D5-4298-4CC0-FAF6-808FA61AE968%7D&AppID=UEEditor.Rocket.Release&AppVersion=4.19.2-4033788%2B%2B%2BUE4%2BRelease-4.19&UserID=68a3d9aa41cc8d45c0ee50b56f043b3d%7C16f21cf065ef419cb7abd024503929f6%7C5865334d-d7f4-486a-b962-e894845da1af&AppEnvironment=datacollector-binary&UploadType=eteventstream] status=Processing
[2018.06.03-00.08.56:869][631]LogModuleManager: Shutting down and abandoning module SSL (40)
[2018.06.03-00.08.56:871][631]LogModuleManager: Shutting down and abandoning module AnimationModifiers (36)
[2018.06.03-00.08.56:871][631]LogModuleManager: Shutting down and abandoning module PropertyEditor (35)
[2018.06.03-00.08.56:871][631]LogModuleManager: Shutting down and abandoning module AudioEditor (32)
[2018.06.03-00.08.56:871][631]LogModuleManager: Shutting down and abandoning module TextureCompressor (30)
[2018.06.03-00.08.56:871][631]LogModuleManager: Shutting down and abandoning module ShaderCore (28)
[2018.06.03-00.08.56:871][631]LogModuleManager: Shutting down and abandoning module Landscape (26)
[2018.06.03-00.08.56:871][631]LogModuleManager: Shutting down and abandoning module SlateRHIRenderer (24)
[2018.06.03-00.08.56:872][631]LogModuleManager: Shutting down and abandoning module OpenGLDrv (22)
[2018.06.03-00.08.56:872][631]LogModuleManager: Shutting down and abandoning module D3D11RHI (20)
[2018.06.03-00.08.56:872][631]LogModuleManager: Shutting down and abandoning module AnimGraphRuntime (18)
[2018.06.03-00.08.56:872][631]LogModuleManager: Shutting down and abandoning module Renderer (16)
[2018.06.03-00.08.56:872][631]LogModuleManager: Shutting down and abandoning module Engine (14)
[2018.06.03-00.08.56:872][631]LogModuleManager: Shutting down and abandoning module CoreUObject (12)
[2018.06.03-00.08.56:872][631]LogModuleManager: Shutting down and abandoning module NetworkFile (10)
[2018.06.03-00.08.56:873][631]LogModuleManager: Shutting down and abandoning module CookedIterativeFile (8)
[2018.06.03-00.08.56:873][631]LogModuleManager: Shutting down and abandoning module StreamingFile (6)
[2018.06.03-00.08.56:873][631]LogModuleManager: Shutting down and abandoning module SandboxFile (4)
[2018.06.03-00.08.56:873][631]LogModuleManager: Shutting down and abandoning module PakFile (2)
[2018.06.03-00.08.56:875][631]LogExit: Exiting.
[2018.06.03-00.08.56:908][631]Log file closed, 06/02/18 21:08:56
