Log file open, 06/02/18 17:14:39
LogWindows: Failed to load 'aqProf.dll' (GetLastError=126)
LogWindows: File 'aqProf.dll' does not exist
LogWindows: Failed to load 'VtuneApi.dll' (GetLastError=126)
LogWindows: File 'VtuneApi.dll' does not exist
LogWindows: Failed to load 'VtuneApi32e.dll' (GetLastError=126)
LogWindows: File 'VtuneApi32e.dll' does not exist
LogInit: Display: Running engine for game: Pinball
LogPlatformFile: Not using cached read wrapper
LogInit: Display: RandInit(-1885473190) SRandInit(-1885473190).
LogInit: Read version file with build ID '3944462'
LogInit: Overriding engine version to CL 4033788, compatible CL 3944462
LogInit: Registered custom module enumerator with build ID '3944462'
LogTaskGraph: Started task graph with 5 named threads and 11 total threads with 3 sets of task threads.
LogStats: Stats thread started at 0.170598
LogD3D11RHI: Aftermath initialized
LogICUInternationalization: Display: ICU TimeZone Detection - Raw Offset: -3:00, Platform Override: ''
LogModuleManager: Display: Found up-to-date module file ../../../Engine/Plugins/2D/Paper2D/Binaries/Win64/UE4Editor-Paper2D.dll (API version 3944462).
LogModuleManager: Display: Found up-to-date module file ../../../Engine/Plugins/2D/Paper2D/Binaries/Win64/UE4Editor-Paper2DEditor.dll (API version 3944462).
LogModuleManager: Display: Found up-to-date module file ../../../Engine/Plugins/2D/Paper2D/Binaries/Win64/UE4Editor-PaperSpriteSheetImporter.dll (API version 3944462).
LogModuleManager: Display: Found up-to-date module file ../../../Engine/Plugins/2D/Paper2D/Binaries/Win64/UE4Editor-PaperTiledImporter.dll (API version 3944462).
LogModuleManager: Display: Found up-to-date module file ../../../Engine/Plugins/2D/Paper2D/Binaries/Win64/UE4Editor-SmartSnapping.dll (API version 3944462).
LogModuleManager: Display: Found up-to-date module file ../../../Engine/Plugins/Blendables/LightPropagationVolume/Binaries/Win64/UE4Editor-LightPropagationVolumeRuntime.dll (API version 3944462).
LogModuleManager: Display: Found up-to-date module file ../../../Engine/Plugins/Blendables/LightPropagationVolume/Binaries/Win64/UE4Editor-LightPropagationVolumeEditor.dll (API version 3944462).
LogModuleManager: Display: Found up-to-date module file ../../../Engine/Plugins/Developer/CLionSourceCodeAccess/Binaries/Win64/UE4Editor-CLionSourceCodeAccess.dll (API version 3944462).
LogModuleManager: Display: Found up-to-date module file ../../../Engine/Plugins/Developer/GitSourceControl/Binaries/Win64/UE4Editor-GitSourceControl.dll (API version 3944462).
LogModuleManager: Display: Found up-to-date module file ../../../Engine/Plugins/Developer/PerforceSourceControl/Binaries/Win64/UE4Editor-PerforceSourceControl.dll (API version 3944462).
LogModuleManager: Display: Found up-to-date module file ../../../Engine/Plugins/Developer/SubversionSourceControl/Binaries/Win64/UE4Editor-SubversionSourceControl.dll (API version 3944462).
LogModuleManager: Display: Found up-to-date module file ../../../Engine/Plugins/Developer/UObjectPlugin/Binaries/Win64/UE4Editor-UObjectPlugin.dll (API version 3944462).
LogModuleManager: Display: Found up-to-date module file ../../../Engine/Plugins/Developer/VisualStudioCodeSourceCodeAccess/Binaries/Win64/UE4Editor-VisualStudioCodeSourceCodeAccess.dll (API version 3944462).
LogModuleManager: Display: Found up-to-date module file ../../../Engine/Plugins/Developer/VisualStudioSourceCodeAccess/Binaries/Win64/UE4Editor-VisualStudioSourceCodeAccess.dll (API version 3944462).
LogModuleManager: Display: Found up-to-date module file ../../../Engine/Plugins/Editor/AssetManagerEditor/Binaries/Win64/UE4Editor-AssetManagerEditor.dll (API version 3944462).
LogModuleManager: Display: Found up-to-date module file ../../../Engine/Plugins/Editor/CryptoKeys/Binaries/Win64/UE4Editor-CryptoKeys.dll (API version 3944462).
LogModuleManager: Display: Found up-to-date module file ../../../Engine/Plugins/Editor/CryptoKeys/Binaries/Win64/UE4Editor-CryptoKeysOpenSSL.dll (API version 3944462).
LogModuleManager: Display: Found up-to-date module file ../../../Engine/Plugins/Editor/DataValidation/Binaries/Win64/UE4Editor-DataValidation.dll (API version 3944462).
LogModuleManager: Display: Found up-to-date module file ../../../Engine/Plugins/Editor/FacialAnimation/Binaries/Win64/UE4Editor-FacialAnimation.dll (API version 3944462).
LogModuleManager: Display: Found up-to-date module file ../../../Engine/Plugins/Editor/FacialAnimation/Binaries/Win64/UE4Editor-FacialAnimationEditor.dll (API version 3944462).
LogModuleManager: Display: Found up-to-date module file ../../../Engine/Plugins/Editor/GameplayTagsEditor/Binaries/Win64/UE4Editor-GameplayTagsEditor.dll (API version 3944462).
LogModuleManager: Display: Found up-to-date module file ../../../Engine/Plugins/Editor/MobileLauncherProfileWizard/Binaries/Win64/UE4Editor-MobileLauncherProfileWizard.dll (API version 3944462).
LogModuleManager: Display: Found up-to-date module file ../../../Engine/Plugins/Editor/PluginBrowser/Binaries/Win64/UE4Editor-PluginBrowser.dll (API version 3944462).
LogModuleManager: Display: Found up-to-date module file ../../../Engine/Plugins/Editor/SpeedTreeImporter/Binaries/Win64/UE4Editor-SpeedTreeImporter.dll (API version 3944462).
LogModuleManager: Display: Found up-to-date module file ../../../Engine/Plugins/Enterprise/DatasmithContent/Binaries/Win64/UE4Editor-DatasmithContent.dll (API version 3944462).
LogModuleManager: Display: Found up-to-date module file ../../../Engine/Plugins/Experimental/AlembicImporter/Binaries/Win64/UE4Editor-AlembicImporter.dll (API version 3944462).
LogModuleManager: Display: Found up-to-date module file ../../../Engine/Plugins/Experimental/AlembicImporter/Binaries/Win64/UE4Editor-AlembicLibrary.dll (API version 3944462).
LogModuleManager: Display: Found up-to-date module file ../../../Engine/Plugins/Experimental/CharacterAI/Binaries/Win64/UE4Editor-CharacterAI.dll (API version 3944462).
LogModuleManager: Display: Found up-to-date module file ../../../Engine/Plugins/Experimental/HTML5Networking/Binaries/Win64/UE4Editor-HTML5Networking.dll (API version 3944462).
LogModuleManager: Display: Found up-to-date module file ../../../Engine/Plugins/Media/AndroidMedia/Binaries/Win64/UE4Editor-AndroidMediaEditor.dll (API version 3944462).
LogModuleManager: Display: Found up-to-date module file ../../../Engine/Plugins/Media/AndroidMedia/Binaries/Win64/UE4Editor-AndroidMediaFactory.dll (API version 3944462).
LogModuleManager: Display: Found up-to-date module file ../../../Engine/Plugins/Media/AvfMedia/Binaries/Win64/UE4Editor-AvfMediaEditor.dll (API version 3944462).
LogModuleManager: Display: Found up-to-date module file ../../../Engine/Plugins/Media/AvfMedia/Binaries/Win64/UE4Editor-AvfMediaFactory.dll (API version 3944462).
LogModuleManager: Display: Found up-to-date module file ../../../Engine/Plugins/Media/AvfMedia/Binaries/Win64/UE4Editor-AvfMediaFactory.dll (API version 3944462).
LogModuleManager: Display: Found up-to-date module file ../../../Engine/Plugins/Media/ImgMedia/Binaries/Win64/UE4Editor-ImgMedia.dll (API version 3944462).
LogModuleManager: Display: Found up-to-date module file ../../../Engine/Plugins/Media/ImgMedia/Binaries/Win64/UE4Editor-ImgMediaEditor.dll (API version 3944462).
LogModuleManager: Display: Found up-to-date module file ../../../Engine/Plugins/Media/ImgMedia/Binaries/Win64/UE4Editor-ImgMediaFactory.dll (API version 3944462).
LogModuleManager: Display: Found up-to-date module file ../../../Engine/Plugins/Media/ImgMedia/Binaries/Win64/UE4Editor-ImgMediaFactory.dll (API version 3944462).
LogModuleManager: Display: Found up-to-date module file ../../../Engine/Plugins/Media/ImgMedia/Binaries/Win64/UE4Editor-OpenExrWrapper.dll (API version 3944462).
LogModuleManager: Display: Found up-to-date module file ../../../Engine/Plugins/Media/LinearTimecode/Binaries/Win64/UE4Editor-LinearTimecode.dll (API version 3944462).
LogModuleManager: Display: Found up-to-date module file ../../../Engine/Plugins/Media/MediaCompositing/Binaries/Win64/UE4Editor-MediaCompositing.dll (API version 3944462).
LogModuleManager: Display: Found up-to-date module file ../../../Engine/Plugins/Media/MediaCompositing/Binaries/Win64/UE4Editor-MediaCompositingEditor.dll (API version 3944462).
LogModuleManager: Display: Found up-to-date module file ../../../Engine/Plugins/Media/MediaPlayerEditor/Binaries/Win64/UE4Editor-MediaPlayerEditor.dll (API version 3944462).
LogModuleManager: Display: Found up-to-date module file ../../../Engine/Plugins/Media/WmfMedia/Binaries/Win64/UE4Editor-WmfMedia.dll (API version 3944462).
LogModuleManager: Display: Found up-to-date module file ../../../Engine/Plugins/Media/WmfMedia/Binaries/Win64/UE4Editor-WmfMediaEditor.dll (API version 3944462).
LogModuleManager: Display: Found up-to-date module file ../../../Engine/Plugins/Media/WmfMedia/Binaries/Win64/UE4Editor-WmfMediaFactory.dll (API version 3944462).
LogModuleManager: Display: Found up-to-date module file ../../../Engine/Plugins/Media/WmfMedia/Binaries/Win64/UE4Editor-WmfMediaFactory.dll (API version 3944462).
LogModuleManager: Display: Found up-to-date module file ../../../Engine/Plugins/Messaging/TcpMessaging/Binaries/Win64/UE4Editor-TcpMessaging.dll (API version 3944462).
LogModuleManager: Display: Found up-to-date module file ../../../Engine/Plugins/Messaging/UdpMessaging/Binaries/Win64/UE4Editor-UdpMessaging.dll (API version 3944462).
LogModuleManager: Display: Found up-to-date module file ../../../Engine/Plugins/MovieScene/ActorSequence/Binaries/Win64/UE4Editor-ActorSequence.dll (API version 3944462).
LogModuleManager: Display: Found up-to-date module file ../../../Engine/Plugins/MovieScene/LevelSequenceEditor/Binaries/Win64/UE4Editor-LevelSequenceEditor.dll (API version 3944462).
LogModuleManager: Display: Found up-to-date module file ../../../Engine/Plugins/MovieScene/MatineeToLevelSequence/Binaries/Win64/UE4Editor-MatineeToLevelSequence.dll (API version 3944462).
LogModuleManager: Display: Found up-to-date module file ../../../Engine/Plugins/NetcodeUnitTest/NetcodeUnitTest/Binaries/Win64/UE4Editor-NetcodeUnitTest.dll (API version 3944462).
LogModuleManager: Display: Found up-to-date module file ../../../Engine/Plugins/NetcodeUnitTest/NUTUnrealEngine4/Binaries/Win64/UE4Editor-NUTUnrealEngine4.dll (API version 3944462).
LogModuleManager: Display: Found up-to-date module file ../../../Engine/Plugins/Online/OnlineSubsystem/Binaries/Win64/UE4Editor-OnlineSubsystem.dll (API version 3944462).
LogModuleManager: Display: Found up-to-date module file ../../../Engine/Plugins/Runtime/AndroidPermission/Binaries/Win64/UE4Editor-AndroidPermission.dll (API version 3944462).
LogModuleManager: Display: Found up-to-date module file ../../../Engine/Plugins/Online/OnlineSubsystemNull/Binaries/Win64/UE4Editor-OnlineSubsystemNull.dll (API version 3944462).
LogModuleManager: Display: Found up-to-date module file ../../../Engine/Plugins/Online/OnlineSubsystemUtils/Binaries/Win64/UE4Editor-OnlineSubsystemUtils.dll (API version 3944462).
LogModuleManager: Display: Found up-to-date module file ../../../Engine/Plugins/Online/OnlineSubsystemUtils/Binaries/Win64/UE4Editor-OnlineBlueprintSupport.dll (API version 3944462).
LogModuleManager: Display: Found up-to-date module file ../../../Engine/Plugins/Runtime/AndroidDeviceProfileSelector/Binaries/Win64/UE4Editor-AndroidDeviceProfileSelector.dll (API version 3944462).
LogModuleManager: Display: Found up-to-date module file ../../../Engine/Plugins/Runtime/AppleARKit/Binaries/Win64/UE4Editor-AppleARKit.dll (API version 3944462).
LogModuleManager: Display: Found up-to-date module file ../../../Engine/Plugins/Runtime/ProceduralMeshComponent/Binaries/Win64/UE4Editor-ProceduralMeshComponent.dll (API version 3944462).
LogModuleManager: Display: Found up-to-date module file ../../../Engine/Plugins/Runtime/ProceduralMeshComponent/Binaries/Win64/UE4Editor-ProceduralMeshComponentEditor.dll (API version 3944462).
LogModuleManager: Display: Found up-to-date module file ../../../Engine/Plugins/Animation/LiveLink/Binaries/Win64/UE4Editor-LiveLink.dll (API version 3944462).
LogModuleManager: Display: Found up-to-date module file ../../../Engine/Plugins/Animation/LiveLink/Binaries/Win64/UE4Editor-LiveLinkEditor.dll (API version 3944462).
LogModuleManager: Display: Found up-to-date module file ../../../Engine/Plugins/Runtime/ArchVisCharacter/Binaries/Win64/UE4Editor-ArchVisCharacter.dll (API version 3944462).
LogModuleManager: Display: Found up-to-date module file ../../../Engine/Plugins/Runtime/AudioCapture/Binaries/Win64/UE4Editor-AudioCapture.dll (API version 3944462).
LogModuleManager: Display: Found up-to-date module file ../../../Engine/Plugins/Runtime/AudioCapture/Binaries/Win64/UE4Editor-AudioCaptureEditor.dll (API version 3944462).
LogModuleManager: Display: Found up-to-date module file ../../../Engine/Plugins/Runtime/CableComponent/Binaries/Win64/UE4Editor-CableComponent.dll (API version 3944462).
LogModuleManager: Display: Found up-to-date module file ../../../Engine/Plugins/Runtime/CustomMeshComponent/Binaries/Win64/UE4Editor-CustomMeshComponent.dll (API version 3944462).
LogModuleManager: Display: Found up-to-date module file ../../../Engine/Plugins/Runtime/ExampleDeviceProfileSelector/Binaries/Win64/UE4Editor-ExampleDeviceProfileSelector.dll (API version 3944462).
LogModuleManager: Display: Found up-to-date module file ../../../Engine/Plugins/Runtime/ImmediatePhysics/Binaries/Win64/UE4Editor-ImmediatePhysics.dll (API version 3944462).
LogModuleManager: Display: Found up-to-date module file ../../../Engine/Plugins/Runtime/ImmediatePhysics/Binaries/Win64/UE4Editor-ImmediatePhysicsEditor.dll (API version 3944462).
LogModuleManager: Display: Found up-to-date module file ../../../Engine/Plugins/Runtime/LocationServicesBPLibrary/Binaries/Win64/UE4Editor-LocationServicesBPLibrary.dll (API version 3944462).
LogModuleManager: Display: Found up-to-date module file ../../../Engine/Plugins/Runtime/MobilePatchingUtils/Binaries/Win64/UE4Editor-MobilePatchingUtils.dll (API version 3944462).
LogModuleManager: Display: Found up-to-date module file ../../../Engine/Plugins/Runtime/Oculus/OculusVR/Binaries/Win64/UE4Editor-OculusHMD.dll (API version 3944462).
LogModuleManager: Display: Found up-to-date module file ../../../Engine/Plugins/Runtime/Oculus/OculusVR/Binaries/Win64/UE4Editor-OculusInput.dll (API version 3944462).
LogModuleManager: Display: Found up-to-date module file ../../../Engine/Plugins/Runtime/Oculus/OculusVR/Binaries/Win64/UE4Editor-OculusEditor.dll (API version 3944462).
LogModuleManager: Display: Found up-to-date module file ../../../Engine/Plugins/Runtime/PhysXVehicles/Binaries/Win64/UE4Editor-PhysXVehicles.dll (API version 3944462).
LogModuleManager: Display: Found up-to-date module file ../../../Engine/Plugins/Runtime/PhysXVehicles/Binaries/Win64/UE4Editor-PhysXVehiclesEditor.dll (API version 3944462).
LogModuleManager: Display: Found up-to-date module file ../../../Engine/Plugins/Runtime/RuntimePhysXCooking/Binaries/Win64/UE4Editor-RuntimePhysXCooking.dll (API version 3944462).
LogModuleManager: Display: Found up-to-date module file ../../../Engine/Plugins/Runtime/Steam/SteamVR/Binaries/Win64/UE4Editor-SteamVR.dll (API version 3944462).
LogModuleManager: Display: Found up-to-date module file ../../../Engine/Plugins/Runtime/Steam/SteamVR/Binaries/Win64/UE4Editor-SteamVRController.dll (API version 3944462).
LogModuleManager: Display: Found up-to-date module file ../../../Engine/Plugins/Runtime/WindowsMoviePlayer/Binaries/Win64/UE4Editor-WindowsMoviePlayer.dll (API version 3944462).
LogPluginManager: Mounting plugin Paper2D
LogPluginManager: Mounting plugin LiveLink
LogPluginManager: Mounting plugin LightPropagationVolume
LogPluginManager: Mounting plugin CLionSourceCodeAccess
LogPluginManager: Mounting plugin CodeLiteSourceCodeAccess
LogPluginManager: Mounting plugin GitSourceControl
LogPluginManager: Mounting plugin KDevelopSourceCodeAccess
LogPluginManager: Mounting plugin NullSourceCodeAccess
LogPluginManager: Mounting plugin PerforceSourceControl
LogPluginManager: Mounting plugin SubversionSourceControl
LogPluginManager: Mounting plugin UObjectPlugin
LogPluginManager: Mounting plugin VisualStudioCodeSourceCodeAccess
LogPluginManager: Mounting plugin VisualStudioSourceCodeAccess
LogPluginManager: Mounting plugin XCodeSourceCodeAccess
LogPluginManager: Mounting plugin AssetManagerEditor
LogPluginManager: Mounting plugin CryptoKeys
LogPluginManager: Mounting plugin DataValidation
LogPluginManager: Mounting plugin FacialAnimation
LogPluginManager: Mounting plugin GameplayTagsEditor
LogPluginManager: Mounting plugin MobileLauncherProfileWizard
LogPluginManager: Mounting plugin PluginBrowser
LogPluginManager: Mounting plugin SpeedTreeImporter
LogPluginManager: Mounting plugin DatasmithContent
LogPluginManager: Mounting plugin AlembicImporter
LogPluginManager: Mounting plugin CharacterAI
LogPluginManager: Mounting plugin HTML5Networking
LogPluginManager: Mounting plugin AndroidMedia
LogPluginManager: Mounting plugin AvfMedia
LogPluginManager: Mounting plugin ImgMedia
LogPluginManager: Mounting plugin LinearTimecode
LogPluginManager: Mounting plugin MediaCompositing
LogPluginManager: Mounting plugin MediaPlayerEditor
LogPluginManager: Mounting plugin WmfMedia
LogPluginManager: Mounting plugin TcpMessaging
LogPluginManager: Mounting plugin UdpMessaging
LogPluginManager: Mounting plugin ActorSequence
LogPluginManager: Mounting plugin LevelSequenceEditor
LogPluginManager: Mounting plugin MatineeToLevelSequence
LogPluginManager: Mounting plugin NetcodeUnitTest
LogPluginManager: Mounting plugin NUTUnrealEngine4
LogPluginManager: Mounting plugin OnlineSubsystemGooglePlay
LogPluginManager: Mounting plugin OnlineSubsystemIOS
LogPluginManager: Mounting plugin OnlineSubsystem
LogPluginManager: Mounting plugin OnlineSubsystemNull
LogPluginManager: Mounting plugin OnlineSubsystemUtils
LogPluginManager: Mounting plugin AndroidDeviceProfileSelector
LogPluginManager: Mounting plugin AndroidMoviePlayer
LogPluginManager: Mounting plugin AndroidPermission
LogPluginManager: Mounting plugin AppleARKit
LogPluginManager: Mounting plugin AppleMoviePlayer
LogPluginManager: Mounting plugin ArchVisCharacter
LogPluginManager: Mounting plugin AudioCapture
LogPluginManager: Mounting plugin CableComponent
LogPluginManager: Mounting plugin CustomMeshComponent
LogPluginManager: Mounting plugin ExampleDeviceProfileSelector
LogPluginManager: Mounting plugin GoogleCloudMessaging
LogPluginManager: Mounting plugin ImmediatePhysics
LogPluginManager: Mounting plugin IOSDeviceProfileSelector
LogPluginManager: Mounting plugin LinuxDeviceProfileSelector
LogPluginManager: Mounting plugin LocationServicesBPLibrary
LogPluginManager: Mounting plugin MobilePatchingUtils
LogPluginManager: Mounting plugin OculusVR
LogPluginManager: Plugin shader directory ../../../Engine/Plugins/Runtime/Oculus/OculusVR/Shaders found
LogPluginManager: Mapping shader source directory ../../../Engine/Plugins/Runtime/Oculus/OculusVR/Shaders to virtual directory /Plugin/OculusVR
LogPluginManager: Mounting plugin PhysXVehicles
LogPluginManager: Mounting plugin ProceduralMeshComponent
LogPluginManager: Mounting plugin RuntimePhysXCooking
LogPluginManager: Mounting plugin SteamVR
LogPluginManager: Mounting plugin WindowsMoviePlayer
LogStreaming: Display: Took  1.567s to configure plugins.
LogInit: Using libcurl 7.47.1
LogInit:  - built for x86_64-pc-win32
LogInit:  - supports SSL with OpenSSL/1.0.2g
LogInit:  - supports HTTP deflate (compression) using libz 1.2.8
LogInit:  - other features:
LogInit:      CURL_VERSION_SSL
LogInit:      CURL_VERSION_LIBZ
LogInit:      CURL_VERSION_IPV6
LogInit:      CURL_VERSION_ASYNCHDNS
LogInit:      CURL_VERSION_LARGEFILE
LogInit:      CURL_VERSION_IDN
LogInit:  CurlRequestOptions (configurable via config and command line):
LogInit:  - bVerifyPeer = false  - Libcurl will NOT verify peer certificate
LogInit:  - bUseHttpProxy = false  - Libcurl will NOT use HTTP proxy
LogInit:  - bDontReuseConnections = false  - Libcurl will reuse connections
LogInit:  - CertBundlePath = nullptr  - Libcurl will use whatever was configured at build time.
LogInit:  - MaxHostConnections = 16  - Libcurl will limit the number of connections to a host
LogInit:  - LocalHostAddr = Default
LogInit: WinSock: version 1.1 (2.2), MaxSocks=32767, MaxUdp=65467
LogInit: WinSock: I am ELCY (192.168.0.100:0)
LogInit: Build: ++UE4+Release-4.19-CL-4033788
LogInit: Engine Version: 4.19.2-4033788+++UE4+Release-4.19
LogInit: Compatible Engine Version: 4.19.0-3944462+++UE4+Release-4.19
LogInit: Net CL: 3944462
LogDevObjectVersion: Number of dev versions registered: 18
LogDevObjectVersion:   Dev-Blueprints (B0D832E4-1F89-4F0D-ACCF-7EB736FD4AA2): 10
LogDevObjectVersion:   Dev-Build (E1C64328-A22C-4D53-A36C-8E866417BD8C): 0
LogDevObjectVersion:   Dev-Core (375EC13C-06E4-48FB-B500-84F0262A717E): 2
LogDevObjectVersion:   Dev-Editor (E4B068ED-F494-42E9-A231-DA0B2E46BB41): 23
LogDevObjectVersion:   Dev-Framework (CFFC743F-43B0-4480-9391-14DF171D2073): 33
LogDevObjectVersion:   Dev-Mobile (B02B49B5-BB20-44E9-A304-32B752E40360): 2
LogDevObjectVersion:   Dev-Networking (A4E4105C-59A1-49B5-A7C5-40C4547EDFEE): 0
LogDevObjectVersion:   Dev-Online (39C831C9-5AE6-47DC-9A44-9C173E1C8E7C): 0
LogDevObjectVersion:   Dev-Physics (78F01B33-EBEA-4F98-B9B4-84EACCB95AA2): 0
LogDevObjectVersion:   Dev-Platform (6631380F-2D4D-43E0-8009-CF276956A95A): 0
LogDevObjectVersion:   Dev-Rendering (12F88B9F-8875-4AFC-A67C-D90C383ABD29): 25
LogDevObjectVersion:   Dev-Sequencer (7B5AE74C-D270-4C10-A958-57980B212A5A): 6
LogDevObjectVersion:   Dev-VR (D7296918-1DD6-4BDD-9DE2-64A83CC13884): 1
LogDevObjectVersion:   Dev-LoadTimes (C2A15278-BFE7-4AFE-6C17-90FF531DF755): 1
LogDevObjectVersion:   Private-Geometry (6EACA3D4-40EC-4CC1-B786-8BED09428FC5): 2
LogDevObjectVersion:   Dev-AnimPhys (29E575DD-E0A3-4627-9D10-D276232CDCEA): 16
LogDevObjectVersion:   Dev-ReflectionCapture (6B266CEC-1EC7-4B8F-A30B-E4D90942FC07): 1
LogDevObjectVersion:   Dev-Automation (0DF73D61-A23F-47EA-B727-89E90C41499A): 1
LogInit: Compiled (64-bit): Apr 27 2018 02:06:57
LogInit: Compiled with Visual C++: 19.00.24215.01
LogInit: Build Configuration: Development
LogInit: Branch Name: ++UE4+Release-4.19
LogInit: Command Line:  
LogInit: Base Directory: C:/Program Files/Epic Games/UE_4.19/Engine/Binaries/Win64/
LogInit: Installed Engine Build: 1
LogStreaming: Display: Took  0.000s to delete old logs.
LogInit: Presizing for max 8388607 objects, including 0 objects not considered by GC, pre-allocating 0 bytes for permanent pool.
LogInit: Object subsystem initialized
[2018.06.02-20.14.41:383][  0]LogInit: Selected Device Profile: [Windows]
[2018.06.02-20.14.41:383][  0]LogInit: Applying CVar settings loaded from the selected device profile: [Windows]
[2018.06.02-20.14.41:427][  0]LogInit: Computer: ELCY
[2018.06.02-20.14.41:427][  0]LogInit: User: Elcy
[2018.06.02-20.14.41:427][  0]LogInit: CPU Page size=4096, Cores=2
[2018.06.02-20.14.41:427][  0]LogInit: High frequency timer resolution =2.648438 MHz
[2018.06.02-20.14.41:427][  0]LogMemory: Memory total: Physical=7.9GB (8GB approx)
[2018.06.02-20.14.41:427][  0]LogMemory: Platform Memory Stats for Windows
[2018.06.02-20.14.41:427][  0]LogMemory: Process Physical Memory: 272.79 MB used, 272.79 MB peak
[2018.06.02-20.14.41:427][  0]LogMemory: Process Virtual Memory: 265.96 MB used, 265.96 MB peak
[2018.06.02-20.14.41:427][  0]LogMemory: Physical Memory: 5302.74 MB used,  2767.88 MB free, 8070.63 MB total
[2018.06.02-20.14.41:427][  0]LogMemory: Virtual Memory: 685.34 MB used,  2767.88 MB free, 134217728.00 MB total
[2018.06.02-20.14.41:448][  0]LogInit: Overriding language with editor language configuration option (en).
[2018.06.02-20.14.41:448][  0]LogInit: Overriding locale with editor locale configuration option (en).
[2018.06.02-20.14.41:961][  0]LogStreaming: Display: Took  0.513s to EndInitTextLocalization.
[2018.06.02-20.14.41:961][  0]LogInit: Setting process to per monitor DPI aware
[2018.06.02-20.14.41:992][  0]LogSlate: New Slate User Created.  User Index 0, Is Virtual User: 0
[2018.06.02-20.14.41:992][  0]LogSlate: Slate User Registered.  User Index 0, Is Virtual User: 0
[2018.06.02-20.14.42:307][  0]LogD3D11RHI: D3D11 adapters:
[2018.06.02-20.14.42:323][  0]LogD3D11RHI:    0. 'Intel(R) HD Graphics 620' (Feature Level 11_0)
[2018.06.02-20.14.42:323][  0]LogD3D11RHI:       128/0/4035 MB DedicatedVideo/DedicatedSystem/SharedSystem, Outputs:1, VendorId:0x8086
[2018.06.02-20.14.42:441][  0]LogD3D11RHI:    1. 'Radeon (TM) R7 M445' (Feature Level 11_0)
[2018.06.02-20.14.42:441][  0]LogD3D11RHI:       2039/0/4035 MB DedicatedVideo/DedicatedSystem/SharedSystem, Outputs:0, VendorId:0x1002
[2018.06.02-20.14.42:445][  0]LogD3D11RHI:    2. 'Microsoft Basic Render Driver' (Feature Level 11_0)
[2018.06.02-20.14.42:445][  0]LogD3D11RHI:       0/0/4035 MB DedicatedVideo/DedicatedSystem/SharedSystem, Outputs:0, VendorId:0x1414
[2018.06.02-20.14.42:445][  0]LogD3D11RHI: Chosen D3D11 Adapter: 1
[2018.06.02-20.14.42:453][  0]LogD3D11RHI: Creating new Direct3DDevice
[2018.06.02-20.14.42:454][  0]LogD3D11RHI:     GPU DeviceId: 0x6900 (for the marketing name, search the web for "GPU Device Id")
[2018.06.02-20.14.42:454][  0]LogWindows: EnumDisplayDevices:
[2018.06.02-20.14.42:454][  0]LogWindows:    0. 'Intel(R) HD Graphics 620' (P:1 D:1)
[2018.06.02-20.14.42:454][  0]LogWindows:    1. 'Intel(R) HD Graphics 620' (P:0 D:0)
[2018.06.02-20.14.42:454][  0]LogWindows:    2. 'Intel(R) HD Graphics 620' (P:0 D:0)
[2018.06.02-20.14.42:455][  0]LogWindows: DebugString: GetVideoDriverDetailsInvalid PrimaryIsNotTheChoosenAdapter GetVideoDriverDetailsInvalid PrimaryIsNotTheChoosenAdapter GetVideoDriverDetailsInvalid PrimaryIsNotTheChoosenAdapter FoundDriverCount:0 
[2018.06.02-20.14.42:455][  0]LogD3D11RHI:     Adapter Name: Radeon (TM) R7 M445
[2018.06.02-20.14.42:455][  0]LogD3D11RHI:   Driver Version: Unknown (internal:Unknown, unified:Unknown)
[2018.06.02-20.14.42:455][  0]LogD3D11RHI:      Driver Date: Unknown
[2018.06.02-20.14.42:455][  0]LogRHI: Texture pool is 1427 MB (70% of 2039 MB)
[2018.06.02-20.14.42:487][  0]LogD3D11RHI: Async texture creation enabled
[2018.06.02-20.14.42:505][  0]LogD3D11RHI: GPU Timing Frequency: 27.000000 (Debug: 2 1)
[2018.06.02-20.14.42:506][  0]LogShaderCompilers: Guid format shader working directory is -24 characters bigger than the processId version (../../../../../../Users/Elcy/Documents/Unreal Projects/Pinball-Unreal/Intermediate/Shaders/WorkingDirectory/7232/).
[2018.06.02-20.14.42:507][  0]LogShaderCompilers: Cleaned the shader compiler working directory 'C:/Users/Elcy/AppData/Local/Temp/UnrealShaderWorkingDir/51EF28034011C7BF2A877B949E17EEDF/'.
[2018.06.02-20.14.43:073][  0]LogTemp: Display: Loaded TP AllDesktopTargetPlatform
[2018.06.02-20.14.43:089][  0]LogTemp: Display: Loaded TP MacClientTargetPlatform
[2018.06.02-20.14.43:109][  0]LogTemp: Display: Loaded TP MacNoEditorTargetPlatform
[2018.06.02-20.14.43:129][  0]LogTemp: Display: Loaded TP MacServerTargetPlatform
[2018.06.02-20.14.43:145][  0]LogTemp: Display: Loaded TP MacTargetPlatform
[2018.06.02-20.14.43:161][  0]LogTemp: Display: Loaded TP WindowsClientTargetPlatform
[2018.06.02-20.14.43:176][  0]LogTemp: Display: Loaded TP WindowsNoEditorTargetPlatform
[2018.06.02-20.14.43:191][  0]LogTemp: Display: Loaded TP WindowsServerTargetPlatform
[2018.06.02-20.14.43:197][  0]LogTemp: Display: Loaded TP WindowsTargetPlatform
[2018.06.02-20.14.43:211][  0]LogTemp: Display: Loaded TP Android_ASTCTargetPlatform
[2018.06.02-20.14.43:225][  0]LogTemp: Display: Loaded TP Android_ATCTargetPlatform
[2018.06.02-20.14.43:240][  0]LogTemp: Display: Loaded TP Android_DXTTargetPlatform
[2018.06.02-20.14.43:254][  0]LogTemp: Display: Loaded TP Android_ETC1aTargetPlatform
[2018.06.02-20.14.43:268][  0]LogTemp: Display: Loaded TP Android_ETC1TargetPlatform
[2018.06.02-20.14.43:285][  0]LogTemp: Display: Loaded TP Android_ETC2TargetPlatform
[2018.06.02-20.14.43:316][  0]LogTemp: Display: Loaded TP Android_MultiTargetPlatform
[2018.06.02-20.14.43:316][  0]LogTemp: Display: Loaded TP Android_PVRTCTargetPlatform
[2018.06.02-20.14.43:332][  0]LogTemp: Display: Loaded TP AndroidTargetPlatform
[2018.06.02-20.14.43:334][  0]LogTemp: Display: Loaded TP HTML5TargetPlatform
[2018.06.02-20.14.43:375][  0]LogTemp: Display: Loaded TP IOSTargetPlatform
[2018.06.02-20.14.43:390][  0]LogTemp: Display: Loaded TP TVOSTargetPlatform
[2018.06.02-20.14.43:405][  0]LogTemp: Display: Loaded TP LinuxClientTargetPlatform
[2018.06.02-20.14.43:420][  0]LogTemp: Display: Loaded TP LinuxNoEditorTargetPlatform
[2018.06.02-20.14.43:441][  0]LogTemp: Display: Loaded TP LinuxServerTargetPlatform
[2018.06.02-20.14.43:456][  0]LogTemp: Display: Loaded TP LinuxTargetPlatform
[2018.06.02-20.14.43:456][  0]LogTargetPlatformManager: Display: Building Assets For Windows
[2018.06.02-20.14.43:653][  0]LogXGEController: Cannot use XGE Controller as Incredibuild is not installed on this machine.
[2018.06.02-20.14.43:653][  0]LogShaderCompilers: Cannot use XGE Shader Compiler as Incredibuild is not installed on this machine.
[2018.06.02-20.14.43:653][  0]LogShaderCompilers: Display: Using Local Shader Compiler.
[2018.06.02-20.14.44:633][  0]LogDerivedDataCache: Display: Max Cache Size: 512 MB
[2018.06.02-20.14.44:756][  0]LogDerivedDataCache: Loaded boot cache 0.12s 74MB C:/Users/Elcy/AppData/Local/UnrealEngine/4.19/DerivedDataCache/Boot.ddc.
[2018.06.02-20.14.44:756][  0]LogDerivedDataCache: Display: Loaded Boot cache: C:/Users/Elcy/AppData/Local/UnrealEngine/4.19/DerivedDataCache/Boot.ddc
[2018.06.02-20.14.44:756][  0]LogDerivedDataCache: FDerivedDataBackendGraph:  Pak pak cache file ../../../../../../Users/Elcy/Documents/Unreal Projects/Pinball-Unreal/DerivedDataCache/DDC.ddp not found, will not use a pak cache.
[2018.06.02-20.14.44:756][  0]LogDerivedDataCache: Unable to find inner node Pak for hierarchical cache Hierarchy.
[2018.06.02-20.14.44:756][  0]LogDerivedDataCache: FDerivedDataBackendGraph:  CompressedPak pak cache file ../../../../../../Users/Elcy/Documents/Unreal Projects/Pinball-Unreal/DerivedDataCache/Compressed.ddp not found, will not use a pak cache.
[2018.06.02-20.14.44:756][  0]LogDerivedDataCache: Unable to find inner node CompressedPak for hierarchical cache Hierarchy.
[2018.06.02-20.14.44:775][  0]LogDerivedDataCache: Display: Pak cache opened for reading ../../../Engine/DerivedDataCache/Compressed.ddp.
[2018.06.02-20.14.44:788][  0]LogDerivedDataCache: Using Local data cache path C:/Users/Elcy/AppData/Local/UnrealEngine/Common/DerivedDataCache: Writable
[2018.06.02-20.14.44:788][  0]LogDerivedDataCache: Shared data cache path not found in *engine.ini, will not use an Shared cache.
[2018.06.02-20.14.44:788][  0]LogDerivedDataCache: Unable to find inner node Shared for hierarchical cache Hierarchy.
[2018.06.02-20.14.44:801][  0]LogMaterial: Verifying Global Shaders for PCD3D_SM5
[2018.06.02-20.14.44:802][  0]LogSlate: Using Freetype 2.6.0
[2018.06.02-20.14.44:860][  0]LogSlate: SlateFontCache - WITH_FREETYPE: 1, WITH_HARFBUZZ: 1
[2018.06.02-20.14.44:860][  0]LogSlate: SlateFontCache - WITH_FREETYPE: 1, WITH_HARFBUZZ: 1
[2018.06.02-20.14.51:481][  0]LogAssetRegistry: FAssetRegistry took 0.0289 seconds to start up
[2018.06.02-20.15.11:764][  0]LogInit: Selected Device Profile: [Windows]
[2018.06.02-20.15.24:454][  0]LogSimplygon: Simplygon DLL not present - disabling.
[2018.06.02-20.15.24:827][  0]LogMeshReduction: Using SimplygonSwarm for distributed automatic mesh merging
[2018.06.02-20.15.24:827][  0]LogMeshReduction: Using QuadricMeshReduction for automatic static mesh reduction
[2018.06.02-20.15.24:827][  0]LogMeshReduction: No automatic skeletal mesh reduction module available
[2018.06.02-20.15.24:827][  0]LogMeshReduction: No automatic mesh merging module available
[2018.06.02-20.15.24:827][  0]LogMeshMerging: No automatic mesh merging module available
[2018.06.02-20.15.28:238][  0]LogNetVersion: Pinball , NetCL: 3944462, EngineNetVer: 2, GameNetVer: 0 (Checksum: 3476590221)
[2018.06.02-20.15.37:546][  0]LogConfig: Warning: Failed to saved backup for config[GameplayTagsList]
[2018.06.02-20.15.53:808][  0]LogAssetRegistry: Error: Failed to open file for write ../../../../../../Users/Elcy/Documents/Unreal Projects/Pinball-Unreal/Intermediate/AssetRegistryCache/2657c409.bin
[2018.06.02-20.15.54:084][  0]LogPackageLocalizationCache: Processed 9 localized package path(s) for 1 prioritized culture(s) in 0.302225 seconds
[2018.06.02-20.15.54:246][  0]LogUObjectArray: 36728 objects as part of root set at end of initial load.
[2018.06.02-20.15.54:246][  0]LogUObjectAllocator: 7314312 out of 0 bytes used by permanent object pool.
[2018.06.02-20.15.54:246][  0]LogUObjectArray: CloseDisregardForGC: 0/0 objects in disregard for GC pool
[2018.06.02-20.16.30:564][  0]LogAssetRegistry: Error: Failed to open file for write ../../../../../../Users/Elcy/Documents/Unreal Projects/Pinball-Unreal/Intermediate/CachedAssetRegistry.bin
[2018.06.02-20.16.35:412][  0]LogTcpMessaging: Initializing TcpMessaging bridge
[2018.06.02-20.16.35:550][  0]LogUdpMessaging: Initializing bridge on interface 0.0.0.0:0 to multicast group 230.0.0.1:6666.
[2018.06.02-20.16.38:163][  0]SourceControl: Source control is disabled
[2018.06.02-20.16.38:195][  0]SourceControl: Source control is disabled
[2018.06.02-20.16.38:337][  0]SourceControl: Source control is disabled
[2018.06.02-20.16.38:462][  0]SourceControl: Source control is disabled
[2018.06.02-20.16.41:272][  0]LogAndroidPermission: UAndroidPermissionCallbackProxy::GetInstance
[2018.06.02-20.16.41:990][  0]LogOcInput: OculusInput pre-init called
[2018.06.02-20.16.45:413][  0]LogEngine: Initializing Engine...
[2018.06.02-20.16.45:639][  0]LogHMD: Failed to initialize OpenVR with code 110
[2018.06.02-20.16.45:712][  0]LogStats: UGameplayTagsManager::ConstructGameplayTagTree: Construct from data asset -  0.000 s
[2018.06.02-20.16.45:714][  0]LogStats: UGameplayTagsManager::ConstructGameplayTagTree: GameplayTagTreeChangedEvent.Broadcast -  0.000 s
[2018.06.02-20.16.50:308][  0]LogAIModule: Creating AISystem for world Untitled
[2018.06.02-20.16.51:175][  0]LogInit: XAudio2 using 'Fones de ouvido / Alto falantes (Realtek Audio)' : 2 channels at 48 kHz using 32 bits per sample (channel mask 0x3)
[2018.06.02-20.16.51:483][  0]LogInit: FAudioDevice initialized.
[2018.06.02-20.16.51:945][  0]LogDerivedDataCache: Saved boot cache 0.43s 74MB C:/Users/Elcy/AppData/Local/UnrealEngine/4.19/DerivedDataCache/Boot.ddc.
[2018.06.02-20.16.51:967][  0]LogInit: Texture streaming: Enabled
[2018.06.02-20.16.52:460][  0]LogEngineSessionManager: EngineSessionManager initialized
[2018.06.02-20.16.52:461][  0]LogEngineSessionManager: EngineSessionManager sent abnormal shutdown report. Type=Crashed, SessionId={7CDA46F0-40ED-1168-3D46-8EA6A74AB83E}
[2018.06.02-20.16.52:836][  0]LogInit: Transaction tracking system initialized
[2018.06.02-20.16.55:226][  0]BlueprintLog: New page: Editor Load
[2018.06.02-20.16.58:676][  0]LogConfig: Warning: Failed to saved backup for config[LocalizationServiceSettings]
[2018.06.02-20.16.58:677][  0]LocalizationService: Localization service is disabled
[2018.06.02-20.17.01:913][  0]LogConsoleResponse: Display: 
[2018.06.02-20.17.06:442][  0]LogFileCache: Scanning file cache for directory 'C:/Users/Elcy/Documents/Unreal Projects/Pinball-Unreal/Content/' took 0.03s
[2018.06.02-20.17.06:442][  0]LogCook: Display: Max memory allowance for cook 16384mb min free memory 0mb
[2018.06.02-20.17.06:442][  0]LogCook: Display: Mobile HDR setting 1
[2018.06.02-20.17.06:467][  0]LogGameplayTags: Display: UGameplayTagsManager::DoneAddingNativeTags. DelegateIsBound: 0
[2018.06.02-20.17.06:488][  0]LogStats: UGameplayTagsManager::ConstructGameplayTagTree: Construct from data asset -  0.000 s
[2018.06.02-20.17.06:488][  0]LogStats: UGameplayTagsManager::ConstructGameplayTagTree: GameplayTagTreeChangedEvent.Broadcast -  0.000 s
[2018.06.02-20.17.09:850][  0]SourceControl: Source control is disabled
[2018.06.02-20.17.09:938][  0]Cmd: MAP LOAD FILE="../../../Engine/Content/Maps/Templates/Template_Default.umap" TEMPLATE=1 SHOWPROGRESS=1 FEATURELEVEL=3
[2018.06.02-20.17.09:970][  0]LightingResults: New page: Lighting Build
[2018.06.02-20.17.10:270][  0]MapCheck: New page: Map Check
[2018.06.02-20.17.10:270][  0]LightingResults: New page: Lighting Build
[2018.06.02-20.17.13:924][  0]LogAIModule: Creating AISystem for world Untitled_1
[2018.06.02-20.17.15:104][  0]LogEditorServer: Finished looking for orphan Actors (0.000 secs)
[2018.06.02-20.17.15:240][  0]Cmd: MAP CHECKDEP NOCLEARLOG
[2018.06.02-20.17.15:353][  0]MapCheck: Map check complete: 0 Error(s), 0 Warning(s), took 112.124ms to complete.
[2018.06.02-20.17.15:353][  0]LogFileHelpers: Loading map 'Template_Default' took 5.434
[2018.06.02-20.17.16:939][  0]LogWindowsTextInputMethodSystem: Display: IME system now deactivated.
[2018.06.02-20.17.18:868][  0]LogCollectionManager: Loaded 0 collections in 0.002378 seconds
[2018.06.02-20.17.19:463][  0]LogFileCache: Scanning file cache for directory 'C:/Users/Elcy/Documents/Unreal Projects/Pinball-Unreal/Saved/Collections/' took 0.01s
[2018.06.02-20.17.19:463][  0]LogFileCache: Scanning file cache for directory 'C:/Users/Elcy/Documents/Unreal Projects/Pinball-Unreal/Content/Developers/Elcy/Collections/' took 0.01s
[2018.06.02-20.17.19:463][  0]LogFileCache: Scanning file cache for directory 'C:/Users/Elcy/Documents/Unreal Projects/Pinball-Unreal/Content/Collections/' took 0.01s
[2018.06.02-20.17.19:463][  0]LogCollectionManager: Rebuilt the GUID cache for 0 collections in 0.000001 seconds
[2018.06.02-20.17.19:527][  0]LogContentBrowser: Native class hierarchy populated in 0.0349 seconds. Added 2452 classes and 558 folders.
[2018.06.02-20.17.19:722][  0]LogContentBrowser: Native class hierarchy updated for 'WidgetCarousel' in 0.0003 seconds. Added 0 classes and 0 folders.
[2018.06.02-20.17.22:000][  0]LogContentBrowser: Native class hierarchy updated for 'AddContentDialog' in 0.0004 seconds. Added 0 classes and 0 folders.
[2018.06.02-20.17.22:098][  0]LogContentBrowser: Native class hierarchy updated for 'SceneOutliner' in 0.0004 seconds. Added 1 classes and 2 folders.
[2018.06.02-20.17.22:965][  0]LogSlate: Took 0.022989 seconds to synchronously load lazily loaded font '../../../Engine/Content/Slate/Fonts/Roboto-Regular.ttf' (155K)
[2018.06.02-20.17.23:120][  0]LogSlate: Took 0.092061 seconds to synchronously load lazily loaded font '../../../Engine/Content/Slate/Fonts/Roboto-Bold.ttf' (160K)
[2018.06.02-20.17.23:277][  0]LogSlate: Took 0.051468 seconds to synchronously load lazily loaded font '../../../Engine/Content/Editor/Slate/Fonts/FontAwesome.ttf' (139K)
[2018.06.02-20.17.23:955][  0]LogRenderer: Reallocating scene render targets to support 856x372 Format 9 NumSamples 1 (Frame:1).
[2018.06.02-20.17.25:795][  0]LogContentBrowser: Native class hierarchy updated for 'HierarchicalLODOutliner' in 0.0011 seconds. Added 0 classes and 0 folders.
[2018.06.02-20.17.25:795][  0]LogLoad: (Engine Initialization) Total time: 167.73 seconds
[2018.06.02-20.17.25:795][  0]LogLoad: (Engine Initialization) Total Blueprint compile time: 0.00 seconds
[2018.06.02-20.17.26:341][  0]LogContentStreaming: Texture pool size now 400 MB
[2018.06.02-20.17.26:579][  0]LogSlate: Took 0.013685 seconds to synchronously load lazily loaded font '../../../Engine/Content/Slate/Fonts/Roboto-Light.ttf' (167K)
[2018.06.02-20.17.26:877][  2]LogAssetRegistry: Asset discovery search completed in 155.4181 seconds
[2018.06.02-20.17.26:925][  2]LogCollectionManager: Rebuilt the object cache for 0 collections in 0.000002 seconds (found 0 objects)
[2018.06.02-20.17.26:925][  2]LogCollectionManager: Fixed up redirectors for 0 collections in 0.009986 seconds (updated 0 objects)
[2018.06.02-20.17.27:064][  3]LogSlate: Took 0.000328 seconds to synchronously load lazily loaded font '../../../Engine/Content/Slate/Fonts/Roboto-Light.ttf' (167K)
[2018.06.02-20.17.41:530][840]LogSlate: FSceneViewport::OnFocusLost() reason 0
[2018.06.02-20.17.41:636][844]LogUObjectGlobals: Created PersistentFrame Addr=0x0000020bc8295dc8, Size=20, Default__BP_Ball_C Function /Game/Blueprints/BP_Ball.BP_Ball_C:ExecuteUbergraph_BP_Ball
[2018.06.02-20.17.41:660][844]LogUObjectGlobals: Destroyed PersistentFrame Addr=0x0000020bc8295dc8, Size=20
[2018.06.02-20.17.41:660][844]LogUObjectGlobals: Created PersistentFrame Addr=0x0000020bc8295dc8, Size=20, Default__BP_Ball_C Function /Engine/Transient.REINST_BP_Ball_C_5:ExecuteUbergraph_BP_Ball
[2018.06.02-20.17.41:756][844]LogUObjectGlobals: Created PersistentFrame Addr=0x0000020bc8295948, Size=20, Default__BP_Ball_C Function /Game/Blueprints/BP_Ball.BP_Ball_C:ExecuteUbergraph_BP_Ball
[2018.06.02-20.17.41:797][844]LogMaterial: Missing cached shader map for material M_SimpleMetal, compiling. 
[2018.06.02-20.17.41:990][844]LogShaderCompilers: Display: Shaders left to compile 22
[2018.06.02-20.17.41:990][844]LogShaderCompilers: Display: Shaders left to compile 12
[2018.06.02-20.17.41:990][844]LogShaderCompilers: Display: Shaders left to compile 2
[2018.06.02-20.17.41:990][844]LogStaticMesh: Building static mesh BallSphere...
[2018.06.02-20.17.42:341][844]LogStaticMesh: Built static mesh [0.35s] /Game/Assets/BallSphere.BallSphere
[2018.06.02-20.17.43:013][844]LogSlate: FSceneViewport::OnFocusLost() reason 2
[2018.06.02-20.17.49:820][844]LogContentBrowser: Native class hierarchy updated for 'BlueprintGraph' in 0.0010 seconds. Added 116 classes and 0 folders.
[2018.06.02-20.17.53:594][844]LogUObjectGlobals: Created PersistentFrame Addr=0x0000020baa94e348, Size=4, Default__SKEL_PROTO_BP_AnimBlueprint_0_C Function /Engine/Transient.SKEL_PROTO_BP_AnimBlueprint_0_C:ExecuteUbergraph_PROTO_BP_AnimBlueprint_0
[2018.06.02-20.17.53:645][844]LogUObjectGlobals: Created PersistentFrame Addr=0x0000020baa94e340, Size=4, Default__PROTO_BP_AnimBlueprint_0_C Function /Engine/Transient.PROTO_BP_AnimBlueprint_0_C:ExecuteUbergraph_PROTO_BP_AnimBlueprint_0
[2018.06.02-20.17.56:696][844]LogSlate: Took 0.022263 seconds to synchronously load lazily loaded font '../../../Engine/Content/Slate/Fonts/Roboto-BoldCondensed.ttf' (158K)
[2018.06.02-20.18.00:469][937]LogSlate: Took 0.167643 seconds to synchronously load lazily loaded font '../../../Engine/Content/Slate/Fonts/Roboto-Italic.ttf' (157K)
[2018.06.02-20.18.01:989][ 18]LogSlate: Window 'BP_Ball' being destroyed
[2018.06.02-20.18.01:992][ 18]LogSlate: Window 'BP_Ball' being destroyed
[2018.06.02-20.18.03:434][ 48]LogSlate: FSceneViewport::OnFocusLost() reason 0
[2018.06.02-20.18.56:156][100]LogEditorViewport: Clicking on Actor (LMB): BP_Sky_Sphere_C (Sky Sphere)
[2018.06.02-20.18.58:503][210]LogSlate: FSceneViewport::OnFocusLost() reason 0
[2018.06.02-20.19.03:253][458]LogSlate: FSceneViewport::OnFocusLost() reason 0
[2018.06.02-20.19.03:403][467]LogTemp: Repeating last play command: Simulate
[2018.06.02-20.19.03:564][467]LogPlayLevel: PlayLevel: No blueprints needed recompiling
[2018.06.02-20.19.03:777][467]PIE: New page: SIE session: Untitled_1 (Jun 2, 2018, 2:19:03 PM)
[2018.06.02-20.19.03:791][467]LogPlayLevel: Creating play world package: /Temp/UEDPIE_0_Untitled_1
[2018.06.02-20.19.03:837][467]LogPlayLevel: PIE: StaticDuplicateObject took: (0.046428s)
[2018.06.02-20.19.03:852][467]LogAIModule: Creating AISystem for world Untitled_1
[2018.06.02-20.19.03:868][467]LogPlayLevel: PIE: World Init took: (0.016875s)
[2018.06.02-20.19.03:868][467]LogPlayLevel: PIE: Created PIE world by copying editor world from /Temp/Untitled_1.Untitled_1 to /Temp/UEDPIE_0_Untitled_1.Untitled_1 (0.077125s)
[2018.06.02-20.19.03:918][467]LogUObjectGlobals: Destroyed PersistentFrame Addr=0x0000020bc8295dc8, Size=20
[2018.06.02-20.19.04:018][467]LogInit: XAudio2 using 'Fones de ouvido / Alto falantes (Realtek Audio)' : 2 channels at 48 kHz using 32 bits per sample (channel mask 0x3)
[2018.06.02-20.19.04:113][467]LogInit: FAudioDevice initialized.
[2018.06.02-20.19.04:183][467]LogLoad: Game class is 'GameModeBase'
[2018.06.02-20.19.04:399][467]LogWorld: Bringing World /Temp/UEDPIE_0_Untitled_1.Untitled_1 up for play (max tick rate 60) at 2018.06.02-17.19.04
[2018.06.02-20.19.04:451][467]LogWorld: Bringing up level for play took: 0.052254
[2018.06.02-20.19.04:851][467]LogContentBrowser: Native class hierarchy updated for 'MovieSceneCapture' in 0.0003 seconds. Added 11 classes and 0 folders.
[2018.06.02-20.19.04:905][467]PIE: Play in editor start time for /Temp/UEDPIE_0_Untitled_1 2.311
[2018.06.02-20.19.43:241][698]LogSlate: FSceneViewport::OnFocusLost() reason 0
[2018.06.02-20.19.43:374][706]LogTemp: Repeating last play command: Simulate
[2018.06.02-20.19.43:398][706]LogPlayLevel: PlayLevel: No blueprints needed recompiling
[2018.06.02-20.19.43:398][706]PIE: New page: SIE session: Untitled_1 (Jun 2, 2018, 2:19:43 PM)
[2018.06.02-20.19.43:398][706]LogPlayLevel: Creating play world package: /Temp/UEDPIE_0_Untitled_1
[2018.06.02-20.19.43:402][706]LogPlayLevel: PIE: StaticDuplicateObject took: (0.003157s)
[2018.06.02-20.19.43:403][706]LogAIModule: Creating AISystem for world Untitled_1
[2018.06.02-20.19.43:403][706]LogPlayLevel: PIE: World Init took: (0.001326s)
[2018.06.02-20.19.43:403][706]LogPlayLevel: PIE: Created PIE world by copying editor world from /Temp/Untitled_1.Untitled_1 to /Temp/UEDPIE_0_Untitled_1.Untitled_1 (0.004770s)
[2018.06.02-20.19.43:429][706]LogInit: XAudio2 using 'Fones de ouvido / Alto falantes (Realtek Audio)' : 2 channels at 48 kHz using 32 bits per sample (channel mask 0x3)
[2018.06.02-20.19.43:524][706]LogInit: FAudioDevice initialized.
[2018.06.02-20.19.43:602][706]LogLoad: Game class is 'GameModeBase'
[2018.06.02-20.19.43:603][706]LogWorld: Bringing World /Temp/UEDPIE_0_Untitled_1.Untitled_1 up for play (max tick rate 60) at 2018.06.02-17.19.43
[2018.06.02-20.19.43:603][706]LogWorld: Bringing up level for play took: 0.000754
[2018.06.02-20.19.43:604][706]PIE: Play in editor start time for /Temp/UEDPIE_0_Untitled_1 1.01
[2018.06.02-20.19.50:303][ 63]LogSlate: Window 'BP_Ball' being destroyed
[2018.06.02-20.20.22:282][975]LogSlate: FSceneViewport::OnFocusLost() reason 0
[2018.06.02-20.20.22:416][983]LogTemp: Repeating last play command: Simulate
[2018.06.02-20.20.22:443][983]LogPlayLevel: PlayLevel: No blueprints needed recompiling
[2018.06.02-20.20.22:443][983]PIE: New page: SIE session: Untitled_1 (Jun 2, 2018, 2:20:22 PM)
[2018.06.02-20.20.22:443][983]LogPlayLevel: Creating play world package: /Temp/UEDPIE_0_Untitled_1
[2018.06.02-20.20.22:446][983]LogPlayLevel: PIE: StaticDuplicateObject took: (0.002302s)
[2018.06.02-20.20.22:447][983]LogAIModule: Creating AISystem for world Untitled_1
[2018.06.02-20.20.22:447][983]LogPlayLevel: PIE: World Init took: (0.001315s)
[2018.06.02-20.20.22:447][983]LogPlayLevel: PIE: Created PIE world by copying editor world from /Temp/Untitled_1.Untitled_1 to /Temp/UEDPIE_0_Untitled_1.Untitled_1 (0.003826s)
[2018.06.02-20.20.22:476][983]LogInit: XAudio2 using 'Fones de ouvido / Alto falantes (Realtek Audio)' : 2 channels at 48 kHz using 32 bits per sample (channel mask 0x3)
[2018.06.02-20.20.22:572][983]LogInit: FAudioDevice initialized.
[2018.06.02-20.20.22:608][983]LogLoad: Game class is 'GameModeBase'
[2018.06.02-20.20.22:609][983]LogWorld: Bringing World /Temp/UEDPIE_0_Untitled_1.Untitled_1 up for play (max tick rate 60) at 2018.06.02-17.20.22
[2018.06.02-20.20.22:611][983]LogWorld: Bringing up level for play took: 0.001806
[2018.06.02-20.20.22:612][983]PIE: Play in editor start time for /Temp/UEDPIE_0_Untitled_1 0.018
[2018.06.02-20.20.30:915][476]LogSlate: FSceneViewport::OnFocusLost() reason 0
[2018.06.02-20.20.38:635][936]LogSlate: FSceneViewport::OnFocusLost() reason 0
[2018.06.02-20.20.47:590][462]LogRenderer: Reallocating scene render targets to support 856x588 Format 9 NumSamples 1 (Frame:1).
[2018.06.02-20.20.52:798][732]LogSlate: FSceneViewport::OnFocusLost() reason 2
[2018.06.02-20.20.58:062][ 37]LogSlate: FSceneViewport::OnFocusLost() reason 2
[2018.06.02-20.21.02:203][285]LogSlate: FSceneViewport::OnFocusLost() reason 0
[2018.06.02-20.21.02:320][292]BlueprintLog: New page: Compile BP_Ball
[2018.06.02-20.21.02:373][292]LogUObjectGlobals: Destroyed PersistentFrame Addr=0x0000020bc8295948, Size=20
[2018.06.02-20.21.02:373][292]LogUObjectGlobals: Created PersistentFrame Addr=0x0000020bdcb9bbc8, Size=20, Default__BP_Ball_C Function /Engine/Transient.REINST_BP_Ball_C_21:ExecuteUbergraph_BP_Ball
[2018.06.02-20.21.02:376][292]LogUObjectGlobals: Created PersistentFrame Addr=0x0000020bdcb9bcd0, Size=20, Default__BP_Ball_C Function /Game/Blueprints/BP_Ball.BP_Ball_C:ExecuteUbergraph_BP_Ball
[2018.06.02-20.21.04:498][349]Cmd: OBJ SAVEPACKAGE PACKAGE="/Game/Blueprints/BP_Ball" FILE="../../../../../../Users/Elcy/Documents/Unreal Projects/Pinball-Unreal/Content/Blueprints/BP_Ball.uasset" SILENT=true
[2018.06.02-20.21.04:684][349]LogSavePackage: Save=149.36ms
[2018.06.02-20.21.04:684][349]LogSavePackage: Moving '../../../../../../Users/Elcy/Documents/Unreal Projects/Pinball-Unreal/Saved/BP_Ball9ECE306D417E379947EFFCA9E4A1FC28.tmp' to '../../../../../../Users/Elcy/Documents/Unreal Projects/Pinball-Unreal/Content/Blueprints/BP_Ball.uasset'
[2018.06.02-20.21.04:797][349]LogSavePackage: Display: Finished SavePackage ../../../../../../Users/Elcy/Documents/Unreal Projects/Pinball-Unreal/Content/Blueprints/BP_Ball.uasset
[2018.06.02-20.21.05:561][395]LogSlate: FSceneViewport::OnFocusLost() reason 0
[2018.06.02-20.27.43:170][983]LogUObjectGlobals: Destroyed PersistentFrame Addr=0x0000020bdcb9bbc8, Size=20
[2018.06.02-20.27.43:274][983]LogSavePackage: Save=39.80ms
[2018.06.02-20.27.43:274][983]LogSavePackage: Moving '../../../../../../Users/Elcy/Documents/Unreal Projects/Pinball-Unreal/Saved/Untitled_1_Auto13AF0878A47201D7E5A05D9A0C2C88BC5.tmp' to '../../../../../../Users/Elcy/Documents/Unreal Projects/Pinball-Unreal/Saved/Autosaves/Temp/Untitled_1_Auto1.umap'
[2018.06.02-20.27.43:276][983]LogSavePackage: Display: Finished SavePackage ../../../../../../Users/Elcy/Documents/Unreal Projects/Pinball-Unreal/Saved/Autosaves/Temp/Untitled_1_Auto1.umap
[2018.06.02-20.27.43:364][983]LogFileHelpers: Editor autosave (incl. sublevels) for '/Temp/Untitled_1' took 0.227
[2018.06.02-20.27.43:364][983]LogFileHelpers: Editor autosave (incl. sublevels) for all levels took 0.227
[2018.06.02-20.33.12:860][146]LogSlate: FSceneViewport::OnFocusLost() reason 0
[2018.06.02-20.33.42:166][153]LogTextFormatter: Warning: Failed to parse argument "ExistingAsset" as a number (using "0" as a fallback). Please check your format string for errors: "{ExistingAsset} already exists. Do you want to replace it?".
[2018.06.02-20.33.51:019][153]LogSlate: Window 'Message' being destroyed
[2018.06.02-20.33.52:766][153]LogSlate: Window 'Save Level As' being destroyed
[2018.06.02-20.34.08:403][791]LogSlate: Only BGRA pngs, bmps or icos are supported in by External Image Picker
[2018.06.02-20.34.08:902][792]LogTemp: Executing iPhonePackager certificates Engine -bundlename com.YourCompany.Pinball
[2018.06.02-20.34.08:902][792]LogTemp: CWD: C:\Program Files\Epic Games\UE_4.19\Engine\Binaries\DotNET\IOS
[2018.06.02-20.34.08:902][792]LogTemp: Initial Dir: C:\Program Files\Epic Games\UE_4.19
[2018.06.02-20.34.08:903][792]LogTemp: Env CWD: C:\Program Files\Epic Games\UE_4.19\Engine\Binaries\DotNET\IOS
[2018.06.02-20.34.08:903][792]LogTemp: BranchPath = ELCY/C/Program Files/Epic Games/UE_4.19/Engine/Binaries --- GameBranchPath = ELCY/C/Program Files/Epic Games/UE_4.19/Engine/Binaries
[2018.06.02-20.34.08:903][792]LogTemp: IPP ERROR: Could not find provision directory 'C:\Users\Elcy\AppData\Local/Apple Computer/MobileDevice/Provisioning Profiles/'.
[2018.06.02-20.34.51:067][438]LogSlate: Window 'Project Settings' being destroyed
[2018.06.02-20.34.51:071][438]LogSlate: Window 'Project Settings' being destroyed
[2018.06.02-20.35.37:511][ 24]LogSlate: Window 'Message' being destroyed
[2018.06.02-20.35.49:378][733]LogSlate: Window 'Editor Preferences' being destroyed
[2018.06.02-20.35.49:382][733]LogSlate: Window 'Editor Preferences' being destroyed
[2018.06.02-20.36.21:827][802]LogTextFormatter: Warning: Failed to parse argument "ExistingAsset" as a number (using "0" as a fallback). Please check your format string for errors: "{ExistingAsset} already exists. Do you want to replace it?".
[2018.06.02-20.55.56:639][802]LogSlate: Window 'Message' being destroyed
[2018.06.02-20.55.58:067][802]LogSlate: Window 'Save Level As' being destroyed
[2018.06.02-21.31.58:674][315]LogSlate: Window 'Save Content' being destroyed
[2018.06.02-21.32.05:165][315]LogSlate: Window 'Save Level As' being destroyed
[2018.06.02-21.34.26:337][287]LogSlate: Window 'Editor Preferences' being destroyed
[2018.06.02-21.34.26:339][287]LogSlate: Window 'Editor Preferences' being destroyed
[2018.06.02-21.34.51:612][135]LogSlate: Window 'Save Level As' being destroyed
[2018.06.02-21.37.33:111][296]LogSlate: Window 'Save Level As' being destroyed
[2018.06.02-21.39.06:497][632]LogSlate: Window 'Save Level As' being destroyed
[2018.06.02-21.39.54:732][572]LogSlate: Window 'Editor Preferences' being destroyed
[2018.06.02-21.39.54:735][572]LogSlate: Window 'Editor Preferences' being destroyed
[2018.06.02-21.40.07:218][622]LogTextFormatter: Warning: Failed to parse argument "ExistingAsset" as a number (using "0" as a fallback). Please check your format string for errors: "{ExistingAsset} already exists. Do you want to replace it?".
[2018.06.02-21.40.11:308][622]LogSlate: Window 'Message' being destroyed
[2018.06.02-21.40.11:315][622]LogSlate: Window 'Save Level As' being destroyed
[2018.06.02-21.40.11:496][622]Cmd: OBJ SAVEPACKAGE PACKAGE="/Game/Pinball" FILE="../../../../../../Users/Elcy/Documents/Unreal Projects/Pinball-Unreal/Content/Pinball.umap" SILENT=true AUTOSAVING=false KEEPDIRTY=false
[2018.06.02-21.40.11:578][622]LogSavePackage: Save=43.55ms
[2018.06.02-21.40.11:578][622]LogSavePackage: Moving '../../../../../../Users/Elcy/Documents/Unreal Projects/Pinball-Unreal/Saved/Pinball5B9716AC4E2ACA9ADED42BA58094197F.tmp' to '../../../../../../Users/Elcy/Documents/Unreal Projects/Pinball-Unreal/Content/Pinball.umap'
[2018.06.02-21.40.11:589][622]LogSavePackage: Display: Finished SavePackage ../../../../../../Users/Elcy/Documents/Unreal Projects/Pinball-Unreal/Content/Pinball.umap
[2018.06.02-21.40.11:675][622]Cmd: OBJ SAVEPACKAGE PACKAGE="/Game/Pinball_BuiltData" FILE="../../../../../../Users/Elcy/Documents/Unreal Projects/Pinball-Unreal/Content/Pinball_BuiltData.uasset" SILENT=true
[2018.06.02-21.40.11:737][622]LogSavePackage: Save=50.20ms
[2018.06.02-21.40.11:737][622]LogSavePackage: Moving '../../../../../../Users/Elcy/Documents/Unreal Projects/Pinball-Unreal/Saved/Pinball_BuiltDataCAF8E8194038B400AD33EFB94D62FA04.tmp' to '../../../../../../Users/Elcy/Documents/Unreal Projects/Pinball-Unreal/Content/Pinball_BuiltData.uasset'
[2018.06.02-21.40.11:752][622]LogSavePackage: Display: Finished SavePackage ../../../../../../Users/Elcy/Documents/Unreal Projects/Pinball-Unreal/Content/Pinball_BuiltData.uasset
[2018.06.02-21.40.11:756][622]LogFileHelpers: Saving map 'Pinball' took 0.436
[2018.06.02-21.40.14:153][758]LogSlate: Window 'Pinball - Unreal Editor' being destroyed
[2018.06.02-21.40.14:154][758]LogWindowsTextInputMethodSystem: Display: IME system now deactivated.
[2018.06.02-21.40.14:446][759]Cmd: QUIT_EDITOR
[2018.06.02-21.40.14:579][759]LogSlate: Slate User Destroyed.  User Index 0, Is Virtual User: 0
[2018.06.02-21.40.14:580][759]LogExit: Preparing to exit.
[2018.06.02-21.40.15:673][759]LogDirectoryWatcher: A directory notification for 'C:/Users/Elcy/Documents/Unreal Projects/Pinball-Unreal/Content/' was aborted.
[2018.06.02-21.40.15:785][759]LogExit: Editor shut down
[2018.06.02-21.40.15:823][759]LogExit: Transaction tracking system shut down
[2018.06.02-21.40.15:830][759]LogUObjectGlobals: Destroyed PersistentFrame Addr=0x0000020baa94e348, Size=4
[2018.06.02-21.40.15:830][759]LogUObjectGlobals: Destroyed PersistentFrame Addr=0x0000020baa94e340, Size=4
[2018.06.02-21.40.15:831][759]LogUObjectGlobals: Destroyed PersistentFrame Addr=0x0000020bdcb9bcd0, Size=20
[2018.06.02-21.40.15:965][759]LogDirectoryWatcher: A directory notification for '../../../Engine/Content/' was aborted.
[2018.06.02-21.40.15:965][759]LogDirectoryWatcher: A directory notification for '../../../../../../Users/Elcy/Documents/Unreal Projects/Pinball-Unreal/Content/' was aborted.
[2018.06.02-21.40.15:965][759]LogDirectoryWatcher: A directory notification for '../../Plugins/2D/Paper2D/Content/' was aborted.
[2018.06.02-21.40.15:965][759]LogDirectoryWatcher: A directory notification for '../../Plugins/Enterprise/DatasmithContent/Content/' was aborted.
[2018.06.02-21.40.15:965][759]LogDirectoryWatcher: A directory notification for '../../Plugins/Media/MediaCompositing/Content/' was aborted.
[2018.06.02-21.40.15:965][759]LogDirectoryWatcher: A directory notification for '../../Plugins/Runtime/AppleARKit/Content/' was aborted.
[2018.06.02-21.40.15:965][759]LogDirectoryWatcher: A directory notification for '../../Plugins/Runtime/Oculus/OculusVR/Content/' was aborted.
[2018.06.02-21.40.15:965][759]LogDirectoryWatcher: A directory notification for '../../Plugins/Runtime/Steam/SteamVR/Content/' was aborted.
[2018.06.02-21.40.16:167][759]LogExit: Object subsystem successfully closed.
[2018.06.02-21.40.16:191][759]LogShaderCompilers: Display: Shaders left to compile 0
[2018.06.02-21.40.16:199][759]LogD3D11RHI: Shutdown
[2018.06.02-21.40.16:199][759]LogD3D11RHI: CleanupD3DDevice
[2018.06.02-21.40.16:208][759]LogD3D11RHI: ~FD3D11DynamicRHI
[2018.06.02-21.40.16:238][759]LogModuleManager: Shutting down and abandoning module ExternalImagePicker (582)
[2018.06.02-21.40.16:238][759]LogModuleManager: Shutting down and abandoning module MovieSceneCapture (580)
[2018.06.02-21.40.16:238][759]LogModuleManager: Shutting down and abandoning module BlueprintGraph (578)
[2018.06.02-21.40.16:238][759]LogModuleManager: Shutting down and abandoning module HierarchicalLODOutliner (576)
[2018.06.02-21.40.16:238][759]LogModuleManager: Shutting down and abandoning module SceneOutliner (574)
[2018.06.02-21.40.16:238][759]LogModuleManager: Shutting down and abandoning module AddContentDialog (572)
[2018.06.02-21.40.16:239][759]LogDirectoryWatcher: A directory notification for 'C:/Program Files/Epic Games/UE_4.19/FeaturePacks/' was aborted.
[2018.06.02-21.40.16:248][759]LogModuleManager: Shutting down and abandoning module WidgetCarousel (571)
[2018.06.02-21.40.16:248][759]LogModuleManager: Shutting down and abandoning module EditorWidgets (568)
[2018.06.02-21.40.16:248][759]LogModuleManager: Shutting down and abandoning module CollectionManager (566)
[2018.06.02-21.40.16:248][759]LogDirectoryWatcher: A directory notification for 'C:/Users/Elcy/Documents/Unreal Projects/Pinball-Unreal/Content/Collections/' was aborted.
[2018.06.02-21.40.16:248][759]LogDirectoryWatcher: A directory notification for 'C:/Users/Elcy/Documents/Unreal Projects/Pinball-Unreal/Content/Developers/Elcy/Collections/' was aborted.
[2018.06.02-21.40.16:248][759]LogDirectoryWatcher: A directory notification for 'C:/Users/Elcy/Documents/Unreal Projects/Pinball-Unreal/Saved/Collections/' was aborted.
[2018.06.02-21.40.16:248][759]LogModuleManager: Shutting down and abandoning module HierarchicalLODUtilities (564)
[2018.06.02-21.40.16:248][759]LogModuleManager: Shutting down and abandoning module StatsViewer (562)
[2018.06.02-21.40.16:248][759]LogModuleManager: Shutting down and abandoning module FoliageEdit (560)
[2018.06.02-21.40.16:248][759]LogModuleManager: Shutting down and abandoning module LandscapeEditor (558)
[2018.06.02-21.40.16:248][759]LogModuleManager: Shutting down and abandoning module MeshPaintMode (556)
[2018.06.02-21.40.16:248][759]LogModuleManager: Shutting down and abandoning module SceneDepthPickerMode (554)
[2018.06.02-21.40.16:248][759]LogModuleManager: Shutting down and abandoning module ActorPickerMode (552)
[2018.06.02-21.40.16:248][759]LogModuleManager: Shutting down and abandoning module GeometryMode (550)
[2018.06.02-21.40.16:248][759]LogModuleManager: Shutting down and abandoning module TextureAlignMode (548)
[2018.06.02-21.40.16:248][759]LogModuleManager: Shutting down and abandoning module BspMode (546)
[2018.06.02-21.40.16:249][759]LogModuleManager: Shutting down and abandoning module PIEPreviewDeviceProfileSelector (544)
[2018.06.02-21.40.16:249][759]LogModuleManager: Shutting down and abandoning module HardwareSurvey (542)
[2018.06.02-21.40.16:249][759]LogModuleManager: Shutting down and abandoning module SequenceRecorderSections (540)
[2018.06.02-21.40.16:249][759]LogModuleManager: Shutting down and abandoning module AutomationWorker (538)
[2018.06.02-21.40.16:249][759]LogModuleManager: Shutting down and abandoning module AudioCaptureEditor (536)
[2018.06.02-21.40.16:249][759]LogModuleManager: Shutting down and abandoning module SequenceRecorder (535)
[2018.06.02-21.40.16:249][759]LogModuleManager: Shutting down and abandoning module MatineeToLevelSequence (532)
[2018.06.02-21.40.16:249][759]LogModuleManager: Shutting down and abandoning module LevelSequenceEditor (530)
[2018.06.02-21.40.16:249][759]LogModuleManager: Shutting down and abandoning module PlacementMode (529)
[2018.06.02-21.40.16:249][759]LogModuleManager: Shutting down and abandoning module MaterialEditor (528)
[2018.06.02-21.40.16:249][759]LogModuleManager: Shutting down and abandoning module WmfMediaFactory (524)
[2018.06.02-21.40.16:249][759]LogModuleManager: Shutting down and abandoning module WmfMediaEditor (522)
[2018.06.02-21.40.16:249][759]LogModuleManager: Shutting down and abandoning module MediaPlayerEditor (520)
[2018.06.02-21.40.16:249][759]LogModuleManager: Shutting down and abandoning module OpenExrWrapper (518)
[2018.06.02-21.40.16:249][759]LogModuleManager: Shutting down and abandoning module ImgMediaFactory (516)
[2018.06.02-21.40.16:249][759]LogModuleManager: Shutting down and abandoning module ImgMediaEditor (514)
[2018.06.02-21.40.16:249][759]LogModuleManager: Shutting down and abandoning module AvfMediaFactory (512)
[2018.06.02-21.40.16:249][759]LogModuleManager: Shutting down and abandoning module AvfMediaEditor (510)
[2018.06.02-21.40.16:249][759]LogModuleManager: Shutting down and abandoning module AndroidMediaFactory (508)
[2018.06.02-21.40.16:249][759]LogModuleManager: Shutting down and abandoning module AndroidMediaEditor (506)
[2018.06.02-21.40.16:249][759]LogModuleManager: Shutting down and abandoning module CharacterAI (504)
[2018.06.02-21.40.16:249][759]LogModuleManager: Shutting down and abandoning module SmartSnapping (502)
[2018.06.02-21.40.16:249][759]LogModuleManager: Shutting down and abandoning module SessionServices (500)
[2018.06.02-21.40.16:249][759]LogModuleManager: Shutting down and abandoning module ViewportSnapping (498)
[2018.06.02-21.40.16:249][759]LogModuleManager: Shutting down and abandoning module ViewportInteraction (496)
[2018.06.02-21.40.16:249][759]LogModuleManager: Shutting down and abandoning module ClothPainter (494)
[2018.06.02-21.40.16:249][759]LogModuleManager: Shutting down and abandoning module SkeletalMeshEditor (493)
[2018.06.02-21.40.16:250][759]LogModuleManager: Shutting down and abandoning module LogVisualizer (490)
[2018.06.02-21.40.16:250][759]LogModuleManager: Shutting down and abandoning module IntroTutorials (488)
[2018.06.02-21.40.16:250][759]LogModuleManager: Shutting down and abandoning module GameProjectGeneration (487)
[2018.06.02-21.40.16:250][759]LogModuleManager: Shutting down and abandoning module IOSPlatformEditor (484)
[2018.06.02-21.40.16:250][759]LogModuleManager: Shutting down and abandoning module HTML5PlatformEditor (482)
[2018.06.02-21.40.16:250][759]LogModuleManager: Shutting down and abandoning module AndroidPlatformEditor (480)
[2018.06.02-21.40.16:250][759]LogModuleManager: Shutting down and abandoning module AndroidDeviceDetection (479)
[2018.06.02-21.40.17:213][759]LogModuleManager: Shutting down and abandoning module WindowsPlatformEditor (476)
[2018.06.02-21.40.17:213][759]LogModuleManager: Shutting down and abandoning module IOSRuntimeSettings (474)
[2018.06.02-21.40.17:213][759]LogModuleManager: Shutting down and abandoning module AndroidRuntimeSettings (472)
[2018.06.02-21.40.17:213][759]LogModuleManager: Shutting down and abandoning module InputBindingEditor (470)
[2018.06.02-21.40.17:213][759]LogModuleManager: Shutting down and abandoning module MergeActors (468)
[2018.06.02-21.40.17:213][759]LogModuleManager: Shutting down and abandoning module LocalizationDashboard (466)
[2018.06.02-21.40.17:213][759]LogModuleManager: Shutting down and abandoning module LocalizationService (465)
[2018.06.02-21.40.17:214][759]LogModuleManager: Shutting down and abandoning module HardwareTargeting (462)
[2018.06.02-21.40.17:214][759]LogModuleManager: Shutting down and abandoning module DeviceProfileEditor (460)
[2018.06.02-21.40.17:214][759]LogModuleManager: Shutting down and abandoning module UndoHistory (458)
[2018.06.02-21.40.17:214][759]LogModuleManager: Shutting down and abandoning module XmlParser (456)
[2018.06.02-21.40.17:214][759]LogModuleManager: Shutting down and abandoning module Blutility (454)
[2018.06.02-21.40.17:214][759]LogModuleManager: Shutting down and abandoning module ProjectSettingsViewer (452)
[2018.06.02-21.40.17:214][759]LogModuleManager: Shutting down and abandoning module ProjectTargetPlatformEditor (451)
[2018.06.02-21.40.17:215][759]LogModuleManager: Shutting down and abandoning module EditorSettingsViewer (448)
[2018.06.02-21.40.17:215][759]LogModuleManager: Shutting down and abandoning module SettingsEditor (446)
[2018.06.02-21.40.17:216][759]LogModuleManager: Shutting down and abandoning module ProjectLauncher (444)
[2018.06.02-21.40.17:216][759]LogModuleManager: Shutting down and abandoning module SessionFrontend (442)
[2018.06.02-21.40.17:216][759]LogModuleManager: Shutting down and abandoning module ProfilerClient (440)
[2018.06.02-21.40.17:216][759]LogModuleManager: Shutting down and abandoning module DeviceManager (438)
[2018.06.02-21.40.17:216][759]LogModuleManager: Shutting down and abandoning module TargetDeviceServices (437)
[2018.06.02-21.40.17:269][759]LogModuleManager: Shutting down and abandoning module AutomationController (434)
[2018.06.02-21.40.17:269][759]LogModuleManager: Shutting down and abandoning module AutomationWindow (432)
[2018.06.02-21.40.17:269][759]LogModuleManager: Shutting down and abandoning module Layers (430)
[2018.06.02-21.40.17:269][759]LogModuleManager: Shutting down and abandoning module ComponentVisualizers (428)
[2018.06.02-21.40.17:269][759]LogModuleManager: Shutting down and abandoning module DetailCustomizations (426)
[2018.06.02-21.40.17:269][759]LogModuleManager: Shutting down and abandoning module PackagesDialog (424)
[2018.06.02-21.40.17:270][759]LogModuleManager: Shutting down and abandoning module Persona (422)
[2018.06.02-21.40.17:270][759]LogModuleManager: Shutting down and abandoning module AdvancedPreviewScene (421)
[2018.06.02-21.40.17:270][759]LogModuleManager: Shutting down and abandoning module AnimGraph (419)
[2018.06.02-21.40.17:270][759]LogModuleManager: Shutting down and abandoning module Kismet (416)
[2018.06.02-21.40.17:286][759]LogModuleManager: Shutting down and abandoning module GraphEditor (414)
[2018.06.02-21.40.17:286][759]LogModuleManager: Shutting down and abandoning module ClassViewer (412)
[2018.06.02-21.40.17:286][759]LogModuleManager: Shutting down and abandoning module Toolbox (410)
[2018.06.02-21.40.17:286][759]LogModuleManager: Shutting down and abandoning module ModuleUI (408)
[2018.06.02-21.40.17:286][759]LogModuleManager: Shutting down and abandoning module MovieSceneTools (406)
[2018.06.02-21.40.17:287][759]LogModuleManager: Shutting down and abandoning module OutputLog (404)
[2018.06.02-21.40.17:287][759]LogModuleManager: Shutting down and abandoning module GammaUI (402)
[2018.06.02-21.40.17:287][759]LogModuleManager: Shutting down and abandoning module Documentation (400)
[2018.06.02-21.40.17:289][759]LogModuleManager: Shutting down and abandoning module MovieSceneTracks (398)
[2018.06.02-21.40.17:290][759]LogModuleManager: Shutting down and abandoning module MovieScene (396)
[2018.06.02-21.40.17:290][759]LogModuleManager: Shutting down and abandoning module StreamingPauseRendering (394)
[2018.06.02-21.40.17:290][759]LogModuleManager: Shutting down and abandoning module LauncherPlatform (392)
[2018.06.02-21.40.17:290][759]LogModuleManager: Shutting down and abandoning module AnalyticsET (390)
[2018.06.02-21.40.17:290][759]LogModuleManager: Shutting down and abandoning module PortalServices (388)
[2018.06.02-21.40.17:290][759]LogModuleManager: Shutting down and abandoning module PortalRpc (386)
[2018.06.02-21.40.17:290][759]LogModuleManager: Shutting down and abandoning module MessagingRpc (384)
[2018.06.02-21.40.17:290][759]LogModuleManager: Shutting down and abandoning module AIModule (382)
[2018.06.02-21.40.17:290][759]LogModuleManager: Shutting down and abandoning module GameplayDebugger (381)
[2018.06.02-21.40.17:292][759]LogModuleManager: Shutting down and abandoning module AITestSuite (379)
[2018.06.02-21.40.17:292][759]LogModuleManager: Shutting down and abandoning module DesktopPlatform (376)
[2018.06.02-21.40.17:292][759]LogModuleManager: Shutting down and abandoning module ProfilerService (374)
[2018.06.02-21.40.17:316][759]LogModuleManager: Shutting down and abandoning module TaskGraph (372)
[2018.06.02-21.40.17:316][759]LogModuleManager: Shutting down and abandoning module SteamVRController (370)
[2018.06.02-21.40.17:316][759]LogModuleManager: Shutting down and abandoning module ProceduralMeshComponentEditor (368)
[2018.06.02-21.40.17:316][759]LogModuleManager: Shutting down and abandoning module ProceduralMeshComponent (366)
[2018.06.02-21.40.17:316][759]LogModuleManager: Shutting down and abandoning module OculusInput (364)
[2018.06.02-21.40.17:317][759]LogModuleManager: Shutting down and abandoning module MobilePatchingUtils (362)
[2018.06.02-21.40.17:317][759]LogModuleManager: Shutting down and abandoning module CustomMeshComponent (360)
[2018.06.02-21.40.17:317][759]LogModuleManager: Shutting down and abandoning module CableComponent (358)
[2018.06.02-21.40.17:317][759]LogModuleManager: Shutting down and abandoning module AudioCapture (356)
[2018.06.02-21.40.17:317][759]LogModuleManager: Shutting down and abandoning module ArchVisCharacter (354)
[2018.06.02-21.40.17:317][759]LogModuleManager: Shutting down and abandoning module AndroidPermission (352)
[2018.06.02-21.40.17:317][759]LogModuleManager: Shutting down and abandoning module NUTUnrealEngine4 (348)
[2018.06.02-21.40.17:317][759]LogModuleManager: Shutting down and abandoning module NetcodeUnitTest (346)
[2018.06.02-21.40.17:317][759]LogModuleManager: Shutting down and abandoning module MediaCompositingEditor (344)
[2018.06.02-21.40.17:317][759]LogModuleManager: Shutting down and abandoning module MediaCompositing (342)
[2018.06.02-21.40.17:317][759]LogModuleManager: Shutting down and abandoning module LinearTimecode (340)
[2018.06.02-21.40.17:317][759]LogModuleManager: Shutting down and abandoning module ImgMedia (338)
[2018.06.02-21.40.17:328][759]LogModuleManager: Shutting down and abandoning module HTML5Networking (336)
[2018.06.02-21.40.17:328][759]LogModuleManager: Shutting down and abandoning module AlembicImporter (334)
[2018.06.02-21.40.17:329][759]LogModuleManager: Shutting down and abandoning module AlembicLibrary (333)
[2018.06.02-21.40.17:329][759]LogModuleManager: Shutting down and abandoning module GeometryCache (332)
[2018.06.02-21.40.17:329][759]LogModuleManager: Shutting down and abandoning module GeometryCacheEd (331)
[2018.06.02-21.40.17:329][759]LogModuleManager: Shutting down and abandoning module DatasmithContent (326)
[2018.06.02-21.40.17:329][759]LogModuleManager: Shutting down and abandoning module SpeedTreeImporter (324)
[2018.06.02-21.40.17:329][759]LogModuleManager: Shutting down and abandoning module PluginBrowser (322)
[2018.06.02-21.40.17:329][759]LogModuleManager: Shutting down and abandoning module MobileLauncherProfileWizard (320)
[2018.06.02-21.40.17:330][759]LogModuleManager: Shutting down and abandoning module CryptoKeysOpenSSL (318)
[2018.06.02-21.40.17:330][759]LogModuleManager: Shutting down and abandoning module CryptoKeys (316)
[2018.06.02-21.40.17:330][759]LogModuleManager: Shutting down and abandoning module VisualStudioSourceCodeAccess (314)
[2018.06.02-21.40.17:330][759]LogModuleManager: Shutting down and abandoning module VisualStudioCodeSourceCodeAccess (312)
[2018.06.02-21.40.17:330][759]LogModuleManager: Shutting down and abandoning module UObjectPlugin (310)
[2018.06.02-21.40.17:330][759]LogModuleManager: Shutting down and abandoning module SubversionSourceControl (308)
[2018.06.02-21.40.17:330][759]LogModuleManager: Shutting down and abandoning module PerforceSourceControl (306)
[2018.06.02-21.40.17:330][759]LogModuleManager: Shutting down and abandoning module GitSourceControl (304)
[2018.06.02-21.40.17:330][759]LogModuleManager: Shutting down and abandoning module SourceControl (303)
[2018.06.02-21.40.17:330][759]LogModuleManager: Shutting down and abandoning module CLionSourceCodeAccess (300)
[2018.06.02-21.40.17:331][759]LogModuleManager: Shutting down and abandoning module LightPropagationVolumeEditor (298)
[2018.06.02-21.40.17:331][759]LogModuleManager: Shutting down and abandoning module PaperTiledImporter (296)
[2018.06.02-21.40.17:331][759]LogModuleManager: Shutting down and abandoning module PaperSpriteSheetImporter (294)
[2018.06.02-21.40.17:331][759]LogModuleManager: Shutting down and abandoning module Paper2DEditor (292)
[2018.06.02-21.40.17:331][759]LogModuleManager: Shutting down and abandoning module MeshPaint (291)
[2018.06.02-21.40.17:331][759]LogModuleManager: Shutting down and abandoning module RuntimePhysXCooking (288)
[2018.06.02-21.40.17:331][759]LogModuleManager: Shutting down and abandoning module PhysXVehiclesEditor (286)
[2018.06.02-21.40.17:331][759]LogModuleManager: Shutting down and abandoning module PhysXVehicles (284)
[2018.06.02-21.40.17:331][759]LogModuleManager: Shutting down and abandoning module OculusEditor (282)
[2018.06.02-21.40.17:331][759]LogModuleManager: Shutting down and abandoning module LocationServicesBPLibrary (280)
[2018.06.02-21.40.17:331][759]LogModuleManager: Shutting down and abandoning module ImmediatePhysicsEditor (278)
[2018.06.02-21.40.17:331][759]LogModuleManager: Shutting down and abandoning module ImmediatePhysics (276)
[2018.06.02-21.40.17:331][759]LogModuleManager: Shutting down and abandoning module ActorSequence (274)
[2018.06.02-21.40.17:331][759]LogModuleManager: Shutting down and abandoning module UdpMessaging (272)
[2018.06.02-21.40.17:432][759]LogModuleManager: Shutting down and abandoning module TcpMessaging (270)
[2018.06.02-21.40.17:534][759]LogModuleManager: Shutting down and abandoning module GameplayTagsEditor (268)
[2018.06.02-21.40.17:534][759]LogModuleManager: Shutting down and abandoning module FacialAnimationEditor (266)
[2018.06.02-21.40.17:534][759]LogModuleManager: Shutting down and abandoning module FacialAnimation (264)
[2018.06.02-21.40.17:534][759]LogModuleManager: Shutting down and abandoning module DataValidation (262)
[2018.06.02-21.40.17:534][759]LogModuleManager: Shutting down and abandoning module AssetManagerEditor (260)
[2018.06.02-21.40.17:534][759]LogModuleManager: Shutting down and abandoning module LevelEditor (259)
[2018.06.02-21.40.17:536][759]LogModuleManager: Shutting down and abandoning module PixelInspectorModule (258)
[2018.06.02-21.40.17:537][759]LogModuleManager: Shutting down and abandoning module CommonMenuExtensions (256)
[2018.06.02-21.40.17:537][759]LogModuleManager: Shutting down and abandoning module MainFrame (254)
[2018.06.02-21.40.17:538][759]LogModuleManager: Shutting down and abandoning module HotReload (253)
[2018.06.02-21.40.17:540][759]LogModuleManager: Shutting down and abandoning module ContentBrowser (249)
[2018.06.02-21.40.17:545][759]LogModuleManager: Shutting down and abandoning module TreeMap (247)
[2018.06.02-21.40.17:545][759]LogModuleManager: Shutting down and abandoning module LightPropagationVolumeRuntime (244)
[2018.06.02-21.40.17:545][759]LogModuleManager: Shutting down and abandoning module LiveLinkEditor (242)
[2018.06.02-21.40.17:545][759]LogModuleManager: Shutting down and abandoning module LiveLink (240)
[2018.06.02-21.40.17:596][759]LogModuleManager: Shutting down and abandoning module Paper2D (238)
[2018.06.02-21.40.17:596][759]LogModuleManager: Shutting down and abandoning module WindowsMoviePlayer (236)
[2018.06.02-21.40.17:597][759]LogModuleManager: Shutting down and abandoning module WmfMedia (234)
[2018.06.02-21.40.17:607][759]LogModuleManager: Shutting down and abandoning module Media (233)
[2018.06.02-21.40.17:614][759]LogModuleManager: Shutting down and abandoning module PacketHandler (230)
[2018.06.02-21.40.17:614][759]LogModuleManager: Shutting down and abandoning module ClothingSystemEditor (228)
[2018.06.02-21.40.17:614][759]LogModuleManager: Shutting down and abandoning module ClothingSystemRuntime (226)
[2018.06.02-21.40.17:614][759]LogModuleManager: Shutting down and abandoning module MediaAssets (224)
[2018.06.02-21.40.17:614][759]LogModuleManager: Shutting down and abandoning module Overlay (222)
[2018.06.02-21.40.17:614][759]LogModuleManager: Shutting down and abandoning module OverlayEditor (221)
[2018.06.02-21.40.17:615][759]LogModuleManager: Shutting down and abandoning module VREditor (218)
[2018.06.02-21.40.17:615][759]LogModuleManager: Shutting down and abandoning module StringTableEditor (216)
[2018.06.02-21.40.17:615][759]LogModuleManager: Shutting down and abandoning module GameplayTasksEditor (214)
[2018.06.02-21.40.17:615][759]LogModuleManager: Shutting down and abandoning module BehaviorTreeEditor (212)
[2018.06.02-21.40.17:615][759]LogModuleManager: Shutting down and abandoning module FunctionalTesting (210)
[2018.06.02-21.40.17:615][759]LogModuleManager: Shutting down and abandoning module CollisionAnalyzer (208)
[2018.06.02-21.40.17:615][759]LogModuleManager: Shutting down and abandoning module WorkspaceMenuStructure (207)
[2018.06.02-21.40.17:615][759]LogModuleManager: Shutting down and abandoning module UMG (204)
[2018.06.02-21.40.17:615][759]LogModuleManager: Shutting down and abandoning module UMGEditor (203)
[2018.06.02-21.40.17:615][759]LogModuleManager: Shutting down and abandoning module Sequencer (202)
[2018.06.02-21.40.17:616][759]LogModuleManager: Shutting down and abandoning module MessageLog (199)
[2018.06.02-21.40.17:616][759]LogModuleManager: Shutting down and abandoning module SlateReflector (194)
[2018.06.02-21.40.17:616][759]LogModuleManager: Shutting down and abandoning module Slate (192)
[2018.06.02-21.40.17:616][759]LogModuleManager: Shutting down and abandoning module EditorStyle (190)
[2018.06.02-21.40.17:624][759]LogModuleManager: Shutting down and abandoning module MRMesh (188)
[2018.06.02-21.40.17:624][759]LogModuleManager: Shutting down and abandoning module SourceCodeAccess (186)
[2018.06.02-21.40.17:624][759]LogModuleManager: Shutting down and abandoning module HeadMountedDisplay (184)
[2018.06.02-21.40.17:624][759]LogModuleManager: Shutting down and abandoning module XAudio2 (182)
[2018.06.02-21.40.17:624][759]LogModuleManager: Shutting down and abandoning module Networking (180)
[2018.06.02-21.40.17:625][759]LogModuleManager: Shutting down and abandoning module Core (178)
[2018.06.02-21.40.17:625][759]LogModuleManager: Shutting down and abandoning module LevelSequence (176)
[2018.06.02-21.40.17:625][759]LogModuleManager: Shutting down and abandoning module KismetCompiler (174)
[2018.06.02-21.40.17:625][759]LogModuleManager: Shutting down and abandoning module MeshUtilities (172)
[2018.06.02-21.40.17:625][759]LogModuleManager: Shutting down and abandoning module MeshMergeUtilities (171)
[2018.06.02-21.40.17:625][759]LogModuleManager: Shutting down and abandoning module MeshReductionInterface (170)
[2018.06.02-21.40.17:625][759]LogModuleManager: Shutting down and abandoning module SimplygonSwarm (169)
[2018.06.02-21.40.17:625][759]LogModuleManager: Shutting down and abandoning module SimplygonMeshReduction (167)
[2018.06.02-21.40.17:626][759]LogModuleManager: Shutting down and abandoning module QuadricMeshReduction (165)
[2018.06.02-21.40.17:626][759]LogModuleManager: Shutting down and abandoning module MaterialBaking (161)
[2018.06.02-21.40.17:626][759]LogModuleManager: Shutting down and abandoning module DirectoryWatcher (157)
[2018.06.02-21.40.17:649][759]LogModuleManager: Shutting down and abandoning module DerivedDataCache (154)
[2018.06.02-21.40.17:751][759]LogDerivedDataCache: Shutdown
[2018.06.02-21.40.17:752][759]LogModuleManager: Shutting down and abandoning module XGEController (152)
[2018.06.02-21.40.17:752][759]LogModuleManager: Shutting down and abandoning module TargetPlatform (150)
[2018.06.02-21.40.17:752][759]LogModuleManager: Shutting down and abandoning module VulkanShaderFormat (149)
[2018.06.02-21.40.17:753][759]LogModuleManager: Shutting down and abandoning module ShaderFormatVectorVM (147)
[2018.06.02-21.40.17:753][759]LogModuleManager: Shutting down and abandoning module ShaderFormatOpenGL (145)
[2018.06.02-21.40.17:753][759]LogModuleManager: Shutting down and abandoning module ShaderFormatD3D (143)
[2018.06.02-21.40.17:753][759]LogModuleManager: Shutting down and abandoning module MetalShaderFormat (141)
[2018.06.02-21.40.17:754][759]LogModuleManager: Shutting down and abandoning module TextureFormatUncompressed (139)
[2018.06.02-21.40.17:754][759]LogModuleManager: Shutting down and abandoning module TextureFormatPVR (137)
[2018.06.02-21.40.17:754][759]LogModuleManager: Shutting down and abandoning module TextureFormatDXT (135)
[2018.06.02-21.40.17:754][759]LogModuleManager: Shutting down and abandoning module TextureFormatIntelISPCTexComp (133)
[2018.06.02-21.40.17:755][759]LogModuleManager: Shutting down and abandoning module TextureFormatASTC (131)
[2018.06.02-21.40.17:755][759]LogModuleManager: Shutting down and abandoning module ImageWrapper (130)
[2018.06.02-21.40.17:756][759]LogModuleManager: Shutting down and abandoning module TextureFormatAndroid (127)
[2018.06.02-21.40.17:756][759]LogModuleManager: Shutting down and abandoning module AudioFormatOpus (125)
[2018.06.02-21.40.17:756][759]LogModuleManager: Shutting down and abandoning module AudioFormatOgg (123)
[2018.06.02-21.40.17:757][759]LogModuleManager: Shutting down and abandoning module AudioFormatADPCM (121)
[2018.06.02-21.40.17:757][759]LogModuleManager: Shutting down and abandoning module LinuxTargetPlatform (119)
[2018.06.02-21.40.17:758][759]LogModuleManager: Shutting down and abandoning module LinuxServerTargetPlatform (117)
[2018.06.02-21.40.17:758][759]LogModuleManager: Shutting down and abandoning module LinuxNoEditorTargetPlatform (115)
[2018.06.02-21.40.17:758][759]LogModuleManager: Shutting down and abandoning module LinuxClientTargetPlatform (113)
[2018.06.02-21.40.17:758][759]LogModuleManager: Shutting down and abandoning module TVOSTargetPlatform (111)
[2018.06.02-21.40.17:759][759]LogModuleManager: Shutting down and abandoning module Messaging (109)
[2018.06.02-21.40.17:759][759]LogModuleManager: Shutting down and abandoning module IOSTargetPlatform (107)
[2018.06.02-21.40.17:759][759]LogModuleManager: Shutting down and abandoning module HTML5TargetPlatform (105)
[2018.06.02-21.40.17:759][759]LogModuleManager: Shutting down and abandoning module AndroidTargetPlatform (103)
[2018.06.02-21.40.17:760][759]LogModuleManager: Shutting down and abandoning module Android_PVRTCTargetPlatform (101)
[2018.06.02-21.40.17:760][759]LogModuleManager: Shutting down and abandoning module Android_MultiTargetPlatform (99)
[2018.06.02-21.40.17:760][759]LogModuleManager: Shutting down and abandoning module Android_ETC2TargetPlatform (97)
[2018.06.02-21.40.17:760][759]LogModuleManager: Shutting down and abandoning module Android_ETC1TargetPlatform (95)
[2018.06.02-21.40.17:760][759]LogModuleManager: Shutting down and abandoning module Android_ETC1aTargetPlatform (93)
[2018.06.02-21.40.17:761][759]LogModuleManager: Shutting down and abandoning module Android_DXTTargetPlatform (91)
[2018.06.02-21.40.17:761][759]LogModuleManager: Shutting down and abandoning module Android_ATCTargetPlatform (89)
[2018.06.02-21.40.17:761][759]LogModuleManager: Shutting down and abandoning module Android_ASTCTargetPlatform (87)
[2018.06.02-21.40.17:761][759]LogModuleManager: Shutting down and abandoning module WindowsTargetPlatform (85)
[2018.06.02-21.40.17:761][759]LogModuleManager: Shutting down and abandoning module WindowsServerTargetPlatform (83)
[2018.06.02-21.40.17:762][759]LogModuleManager: Shutting down and abandoning module WindowsNoEditorTargetPlatform (81)
[2018.06.02-21.40.17:762][759]LogModuleManager: Shutting down and abandoning module WindowsClientTargetPlatform (79)
[2018.06.02-21.40.17:762][759]LogModuleManager: Shutting down and abandoning module MacTargetPlatform (77)
[2018.06.02-21.40.17:763][759]LogModuleManager: Shutting down and abandoning module MacServerTargetPlatform (75)
[2018.06.02-21.40.17:763][759]LogModuleManager: Shutting down and abandoning module MacNoEditorTargetPlatform (73)
[2018.06.02-21.40.17:763][759]LogModuleManager: Shutting down and abandoning module MacClientTargetPlatform (71)
[2018.06.02-21.40.17:763][759]LogModuleManager: Shutting down and abandoning module AllDesktopTargetPlatform (69)
[2018.06.02-21.40.17:763][759]LogModuleManager: Shutting down and abandoning module InputCore (66)
[2018.06.02-21.40.17:763][759]LogModuleManager: Shutting down and abandoning module Settings (64)
[2018.06.02-21.40.17:764][759]LogModuleManager: Shutting down and abandoning module PhysXCooking (62)
[2018.06.02-21.40.17:764][759]LogModuleManager: Shutting down and abandoning module SteamVR (60)
[2018.06.02-21.40.17:764][759]LogModuleManager: Shutting down and abandoning module OculusHMD (58)
[2018.06.02-21.40.17:764][759]LogModuleManager: Shutting down and abandoning module ExampleDeviceProfileSelector (56)
[2018.06.02-21.40.17:765][759]LogModuleManager: Shutting down and abandoning module AppleARKit (54)
[2018.06.02-21.40.17:765][759]LogModuleManager: Shutting down and abandoning module AugmentedReality (51)
[2018.06.02-21.40.17:765][759]LogModuleManager: Shutting down and abandoning module OnlineBlueprintSupport (48)
[2018.06.02-21.40.17:766][759]LogModuleManager: Shutting down and abandoning module OnlineSubsystem (44)
[2018.06.02-21.40.17:767][759]LogModuleManager: Shutting down and abandoning module XMPP (43)
[2018.06.02-21.40.17:768][759]LogModuleManager: Shutting down and abandoning module HTTP (41)
[2018.06.02-21.40.17:768][759]LogHttp: Display: Http module shutting down, but needs to wait on 1 outstanding Http requests:
[2018.06.02-21.40.17:768][759]LogHttp: Display: 	verb=[POST] url=[https://datarouter.ol.epicgames.com/datarouter/api/v1/public/data?SessionID=%7B015035C3-41AD-28BA-51CB-BBB5B9B06F6B%7D&AppID=UEEditor.Rocket.Release&AppVersion=4.19.2-4033788%2B%2B%2BUE4%2BRelease-4.19&UserID=68a3d9aa41cc8d45c0ee50b56f043b3d%7C16f21cf065ef419cb7abd024503929f6%7C5865334d-d7f4-486a-b962-e894845da1af&AppEnvironment=datacollector-binary&UploadType=eteventstream] status=Processing
[2018.06.02-21.40.17:783][759]LogModuleManager: Shutting down and abandoning module SSL (40)
[2018.06.02-21.40.17:793][759]LogModuleManager: Shutting down and abandoning module AnimationModifiers (36)
[2018.06.02-21.40.17:794][759]LogModuleManager: Shutting down and abandoning module PropertyEditor (35)
[2018.06.02-21.40.17:794][759]LogModuleManager: Shutting down and abandoning module AudioEditor (32)
[2018.06.02-21.40.17:794][759]LogModuleManager: Shutting down and abandoning module TextureCompressor (30)
[2018.06.02-21.40.17:795][759]LogModuleManager: Shutting down and abandoning module ShaderCore (28)
[2018.06.02-21.40.17:795][759]LogModuleManager: Shutting down and abandoning module Landscape (26)
[2018.06.02-21.40.17:796][759]LogModuleManager: Shutting down and abandoning module SlateRHIRenderer (24)
[2018.06.02-21.40.17:810][759]LogModuleManager: Shutting down and abandoning module OpenGLDrv (22)
[2018.06.02-21.40.17:810][759]LogModuleManager: Shutting down and abandoning module D3D11RHI (20)
[2018.06.02-21.40.17:810][759]LogModuleManager: Shutting down and abandoning module AnimGraphRuntime (18)
[2018.06.02-21.40.17:810][759]LogModuleManager: Shutting down and abandoning module Renderer (16)
[2018.06.02-21.40.17:810][759]LogModuleManager: Shutting down and abandoning module Engine (14)
[2018.06.02-21.40.17:810][759]LogModuleManager: Shutting down and abandoning module CoreUObject (12)
[2018.06.02-21.40.17:810][759]LogModuleManager: Shutting down and abandoning module NetworkFile (10)
[2018.06.02-21.40.17:810][759]LogModuleManager: Shutting down and abandoning module CookedIterativeFile (8)
[2018.06.02-21.40.17:810][759]LogModuleManager: Shutting down and abandoning module StreamingFile (6)
[2018.06.02-21.40.17:810][759]LogModuleManager: Shutting down and abandoning module SandboxFile (4)
[2018.06.02-21.40.17:811][759]LogModuleManager: Shutting down and abandoning module PakFile (2)
[2018.06.02-21.40.17:816][759]LogExit: Exiting.
[2018.06.02-21.40.17:856][759]Log file closed, 06/02/18 18:40:17
